::1 - - [12/Jun/2017:18:02:47 +0000] "GET / HTTP/1.1" 302 56 "-" "Mozilla/5.0 (Windows NT 6.3; Win64; x64) AppleWebKit/537.36 (KHTML, like Gecko) Chrome/58.0.3029.110 Safari/537.36"
::1 - - [12/Jun/2017:18:02:47 +0000] "GET /login HTTP/1.1" 302 46 "-" "Mozilla/5.0 (Windows NT 6.3; Win64; x64) AppleWebKit/537.36 (KHTML, like Gecko) Chrome/58.0.3029.110 Safari/537.36"
::1 - - [12/Jun/2017:18:02:49 +0000] "GET / HTTP/1.1" 200 1326 "-" "Mozilla/5.0 (Windows NT 6.3; Win64; x64) AppleWebKit/537.36 (KHTML, like Gecko) Chrome/58.0.3029.110 Safari/537.36"
::1 - - [12/Jun/2017:18:02:49 +0000] "GET /style.css HTTP/1.1" 304 - "http://localhost:3000/" "Mozilla/5.0 (Windows NT 6.3; Win64; x64) AppleWebKit/537.36 (KHTML, like Gecko) Chrome/58.0.3029.110 Safari/537.36"
::1 - - [12/Jun/2017:18:02:49 +0000] "GET /home.js HTTP/1.1" 304 - "http://localhost:3000/" "Mozilla/5.0 (Windows NT 6.3; Win64; x64) AppleWebKit/537.36 (KHTML, like Gecko) Chrome/58.0.3029.110 Safari/537.36"
::1 - - [12/Jun/2017:18:02:49 +0000] "GET /css/bootstrap.min.css HTTP/1.1" 200 121200 "http://localhost:3000/" "Mozilla/5.0 (Windows NT 6.3; Win64; x64) AppleWebKit/537.36 (KHTML, like Gecko) Chrome/58.0.3029.110 Safari/537.36"
::1 - - [12/Jun/2017:18:02:49 +0000] "GET /jquery.min.js HTTP/1.1" 200 85578 "http://localhost:3000/" "Mozilla/5.0 (Windows NT 6.3; Win64; x64) AppleWebKit/537.36 (KHTML, like Gecko) Chrome/58.0.3029.110 Safari/537.36"
::1 - - [12/Jun/2017:18:02:50 +0000] "GET /api/rooms HTTP/1.1" 304 - "http://localhost:3000/" "Mozilla/5.0 (Windows NT 6.3; Win64; x64) AppleWebKit/537.36 (KHTML, like Gecko) Chrome/58.0.3029.110 Safari/537.36"
::1 - - [12/Jun/2017:18:02:51 +0000] "GET /api/rooms/f2754172-1c58-41ed-ae84-74e046888adb/messages HTTP/1.1" 304 - "http://localhost:3000/" "Mozilla/5.0 (Windows NT 6.3; Win64; x64) AppleWebKit/537.36 (KHTML, like Gecko) Chrome/58.0.3029.110 Safari/537.36"
::1 - - [12/Jun/2017:18:02:51 +0000] "GET /favicon.ico HTTP/1.1" 404 150 "http://localhost:3000/" "Mozilla/5.0 (Windows NT 6.3; Win64; x64) AppleWebKit/537.36 (KHTML, like Gecko) Chrome/58.0.3029.110 Safari/537.36"
::1 - - [12/Jun/2017:18:15:56 +0000] "GET / HTTP/1.1" 302 56 "-" "Mozilla/5.0 (Windows NT 6.3; Win64; x64) AppleWebKit/537.36 (KHTML, like Gecko) Chrome/58.0.3029.110 Safari/537.36"
::1 - - [12/Jun/2017:18:15:58 +0000] "GET /login HTTP/1.1" 200 1009 "-" "Mozilla/5.0 (Windows NT 6.3; Win64; x64) AppleWebKit/537.36 (KHTML, like Gecko) Chrome/58.0.3029.110 Safari/537.36"
::1 - - [12/Jun/2017:18:15:58 +0000] "GET /style.css HTTP/1.1" 304 - "http://localhost:3000/login" "Mozilla/5.0 (Windows NT 6.3; Win64; x64) AppleWebKit/537.36 (KHTML, like Gecko) Chrome/58.0.3029.110 Safari/537.36"
::1 - - [12/Jun/2017:18:15:58 +0000] "GET /css/bootstrap.min.css HTTP/1.1" 304 - "http://localhost:3000/login" "Mozilla/5.0 (Windows NT 6.3; Win64; x64) AppleWebKit/537.36 (KHTML, like Gecko) Chrome/58.0.3029.110 Safari/537.36"
::1 - - [12/Jun/2017:18:16:58 +0000] "GET /login HTTP/1.1" 304 - "-" "Mozilla/5.0 (Windows NT 6.3; Win64; x64) AppleWebKit/537.36 (KHTML, like Gecko) Chrome/58.0.3029.110 Safari/537.36"
::1 - - [12/Jun/2017:18:16:58 +0000] "GET /style.css HTTP/1.1" 304 - "http://localhost:3000/login" "Mozilla/5.0 (Windows NT 6.3; Win64; x64) AppleWebKit/537.36 (KHTML, like Gecko) Chrome/58.0.3029.110 Safari/537.36"
::1 - - [12/Jun/2017:18:16:58 +0000] "GET /css/bootstrap.min.css HTTP/1.1" 304 - "http://localhost:3000/login" "Mozilla/5.0 (Windows NT 6.3; Win64; x64) AppleWebKit/537.36 (KHTML, like Gecko) Chrome/58.0.3029.110 Safari/537.36"
::1 - - [12/Jun/2017:18:17:06 +0000] "POST /login HTTP/1.1" 302 46 "http://localhost:3000/login" "Mozilla/5.0 (Windows NT 6.3; Win64; x64) AppleWebKit/537.36 (KHTML, like Gecko) Chrome/58.0.3029.110 Safari/537.36"
::1 - - [12/Jun/2017:18:17:06 +0000] "GET / HTTP/1.1" 200 1328 "http://localhost:3000/login" "Mozilla/5.0 (Windows NT 6.3; Win64; x64) AppleWebKit/537.36 (KHTML, like Gecko) Chrome/58.0.3029.110 Safari/537.36"
::1 - - [12/Jun/2017:18:17:06 +0000] "GET /style.css HTTP/1.1" 304 - "http://localhost:3000/" "Mozilla/5.0 (Windows NT 6.3; Win64; x64) AppleWebKit/537.36 (KHTML, like Gecko) Chrome/58.0.3029.110 Safari/537.36"
::1 - - [12/Jun/2017:18:17:06 +0000] "GET /css/bootstrap.min.css HTTP/1.1" 304 - "http://localhost:3000/" "Mozilla/5.0 (Windows NT 6.3; Win64; x64) AppleWebKit/537.36 (KHTML, like Gecko) Chrome/58.0.3029.110 Safari/537.36"
::1 - - [12/Jun/2017:18:17:06 +0000] "GET /home.js HTTP/1.1" 304 - "http://localhost:3000/" "Mozilla/5.0 (Windows NT 6.3; Win64; x64) AppleWebKit/537.36 (KHTML, like Gecko) Chrome/58.0.3029.110 Safari/537.36"
::1 - - [12/Jun/2017:18:17:06 +0000] "GET /jquery.min.js HTTP/1.1" 304 - "http://localhost:3000/" "Mozilla/5.0 (Windows NT 6.3; Win64; x64) AppleWebKit/537.36 (KHTML, like Gecko) Chrome/58.0.3029.110 Safari/537.36"
::1 - - [12/Jun/2017:18:17:07 +0000] "GET /api/rooms HTTP/1.1" 304 - "http://localhost:3000/" "Mozilla/5.0 (Windows NT 6.3; Win64; x64) AppleWebKit/537.36 (KHTML, like Gecko) Chrome/58.0.3029.110 Safari/537.36"
::1 - - [12/Jun/2017:18:17:07 +0000] "GET /api/rooms/f2754172-1c58-41ed-ae84-74e046888adb/messages HTTP/1.1" 200 171 "http://localhost:3000/" "Mozilla/5.0 (Windows NT 6.3; Win64; x64) AppleWebKit/537.36 (KHTML, like Gecko) Chrome/58.0.3029.110 Safari/537.36"
::1 - - [12/Jun/2017:18:17:16 +0000] "GET /api/rooms/c636d9e6-d1d4-4194-89f2-154643fbf9b9/messages HTTP/1.1" 304 - "http://localhost:3000/" "Mozilla/5.0 (Windows NT 6.3; Win64; x64) AppleWebKit/537.36 (KHTML, like Gecko) Chrome/58.0.3029.110 Safari/537.36"
::1 - - [12/Jun/2017:18:17:18 +0000] "GET /api/rooms/3c3c7ae8-6f8e-4136-9c8c-308a1fd2a9ec/messages HTTP/1.1" 304 - "http://localhost:3000/" "Mozilla/5.0 (Windows NT 6.3; Win64; x64) AppleWebKit/537.36 (KHTML, like Gecko) Chrome/58.0.3029.110 Safari/537.36"
::1 - - [12/Jun/2017:18:17:19 +0000] "GET /api/rooms/a2e102c9-906c-4162-9d43-122e90f353d9/messages HTTP/1.1" 304 - "http://localhost:3000/" "Mozilla/5.0 (Windows NT 6.3; Win64; x64) AppleWebKit/537.36 (KHTML, like Gecko) Chrome/58.0.3029.110 Safari/537.36"
::1 - - [12/Jun/2017:18:17:20 +0000] "GET /api/rooms/3c3c7ae8-6f8e-4136-9c8c-308a1fd2a9ec/messages HTTP/1.1" 304 - "http://localhost:3000/" "Mozilla/5.0 (Windows NT 6.3; Win64; x64) AppleWebKit/537.36 (KHTML, like Gecko) Chrome/58.0.3029.110 Safari/537.36"
::1 - - [12/Jun/2017:18:17:26 +0000] "GET /admin/rooms HTTP/1.1" 200 2481 "http://localhost:3000/" "Mozilla/5.0 (Windows NT 6.3; Win64; x64) AppleWebKit/537.36 (KHTML, like Gecko) Chrome/58.0.3029.110 Safari/537.36"
::1 - - [12/Jun/2017:18:17:26 +0000] "GET /style.css HTTP/1.1" 304 - "http://localhost:3000/admin/rooms" "Mozilla/5.0 (Windows NT 6.3; Win64; x64) AppleWebKit/537.36 (KHTML, like Gecko) Chrome/58.0.3029.110 Safari/537.36"
::1 - - [12/Jun/2017:18:17:26 +0000] "GET /css/bootstrap.min.css HTTP/1.1" 304 - "http://localhost:3000/admin/rooms" "Mozilla/5.0 (Windows NT 6.3; Win64; x64) AppleWebKit/537.36 (KHTML, like Gecko) Chrome/58.0.3029.110 Safari/537.36"
::1 - - [12/Jun/2017:18:17:28 +0000] "GET /fonts/glyphicons-halflings-regular.woff2 HTTP/1.1" 200 18028 "http://localhost:3000/css/bootstrap.min.css" "Mozilla/5.0 (Windows NT 6.3; Win64; x64) AppleWebKit/537.36 (KHTML, like Gecko) Chrome/58.0.3029.110 Safari/537.36"
::1 - - [12/Jun/2017:18:17:30 +0000] "GET /admin/users HTTP/1.1" 404 150 "http://localhost:3000/admin/rooms" "Mozilla/5.0 (Windows NT 6.3; Win64; x64) AppleWebKit/537.36 (KHTML, like Gecko) Chrome/58.0.3029.110 Safari/537.36"
::1 - - [12/Jun/2017:18:18:24 +0000] "GET /admin/rooms HTTP/1.1" 304 - "http://localhost:3000/admin/rooms" "Mozilla/5.0 (Windows NT 6.3; Win64; x64) AppleWebKit/537.36 (KHTML, like Gecko) Chrome/58.0.3029.110 Safari/537.36"
::1 - - [12/Jun/2017:18:18:24 +0000] "GET /style.css HTTP/1.1" 304 - "http://localhost:3000/admin/rooms" "Mozilla/5.0 (Windows NT 6.3; Win64; x64) AppleWebKit/537.36 (KHTML, like Gecko) Chrome/58.0.3029.110 Safari/537.36"
::1 - - [12/Jun/2017:18:18:24 +0000] "GET /css/bootstrap.min.css HTTP/1.1" 304 - "http://localhost:3000/admin/rooms" "Mozilla/5.0 (Windows NT 6.3; Win64; x64) AppleWebKit/537.36 (KHTML, like Gecko) Chrome/58.0.3029.110 Safari/537.36"
::1 - - [12/Jun/2017:18:18:24 +0000] "GET /fonts/glyphicons-halflings-regular.woff2 HTTP/1.1" 304 - "http://localhost:3000/css/bootstrap.min.css" "Mozilla/5.0 (Windows NT 6.3; Win64; x64) AppleWebKit/537.36 (KHTML, like Gecko) Chrome/58.0.3029.110 Safari/537.36"
::1 - - [12/Jun/2017:18:18:46 +0000] "GET /admin/users HTTP/1.1" 404 150 "http://localhost:3000/admin/rooms" "Mozilla/5.0 (Windows NT 6.3; Win64; x64) AppleWebKit/537.36 (KHTML, like Gecko) Chrome/58.0.3029.110 Safari/537.36"
::1 - - [13/Jun/2017:04:41:43 +0000] "GET / HTTP/1.1" 302 56 "-" "Mozilla/5.0 (Windows NT 10.0; WOW64) AppleWebKit/537.36 (KHTML, like Gecko) Chrome/55.0.2883.87 Safari/537.36"
::1 - - [13/Jun/2017:04:41:44 +0000] "GET /login HTTP/1.1" 200 1009 "-" "Mozilla/5.0 (Windows NT 10.0; WOW64) AppleWebKit/537.36 (KHTML, like Gecko) Chrome/55.0.2883.87 Safari/537.36"
::1 - - [13/Jun/2017:04:41:44 +0000] "GET / HTTP/1.1" 302 56 "-" "Mozilla/5.0 (Windows NT 10.0; WOW64) AppleWebKit/537.36 (KHTML, like Gecko) Chrome/55.0.2883.87 Safari/537.36"
::1 - - [13/Jun/2017:04:41:44 +0000] "GET /login HTTP/1.1" 200 1009 "-" "Mozilla/5.0 (Windows NT 10.0; WOW64) AppleWebKit/537.36 (KHTML, like Gecko) Chrome/55.0.2883.87 Safari/537.36"
::1 - - [13/Jun/2017:04:41:44 +0000] "GET /style.css HTTP/1.1" 200 74 "http://localhost:3000/login" "Mozilla/5.0 (Windows NT 10.0; WOW64) AppleWebKit/537.36 (KHTML, like Gecko) Chrome/55.0.2883.87 Safari/537.36"
::1 - - [13/Jun/2017:04:41:44 +0000] "GET /css/bootstrap.min.css HTTP/1.1" 200 121200 "http://localhost:3000/login" "Mozilla/5.0 (Windows NT 10.0; WOW64) AppleWebKit/537.36 (KHTML, like Gecko) Chrome/55.0.2883.87 Safari/537.36"
::1 - - [13/Jun/2017:04:42:31 +0000] "POST /login HTTP/1.1" 302 46 "http://localhost:3000/login" "Mozilla/5.0 (Windows NT 10.0; WOW64) AppleWebKit/537.36 (KHTML, like Gecko) Chrome/55.0.2883.87 Safari/537.36"
::1 - - [13/Jun/2017:04:42:31 +0000] "GET / HTTP/1.1" 200 1328 "http://localhost:3000/login" "Mozilla/5.0 (Windows NT 10.0; WOW64) AppleWebKit/537.36 (KHTML, like Gecko) Chrome/55.0.2883.87 Safari/537.36"
::1 - - [13/Jun/2017:04:42:31 +0000] "GET /style.css HTTP/1.1" 304 - "http://localhost:3000/" "Mozilla/5.0 (Windows NT 10.0; WOW64) AppleWebKit/537.36 (KHTML, like Gecko) Chrome/55.0.2883.87 Safari/537.36"
::1 - - [13/Jun/2017:04:42:31 +0000] "GET /css/bootstrap.min.css HTTP/1.1" 304 - "http://localhost:3000/" "Mozilla/5.0 (Windows NT 10.0; WOW64) AppleWebKit/537.36 (KHTML, like Gecko) Chrome/55.0.2883.87 Safari/537.36"
::1 - - [13/Jun/2017:04:42:31 +0000] "GET /home.js HTTP/1.1" 200 1607 "http://localhost:3000/" "Mozilla/5.0 (Windows NT 10.0; WOW64) AppleWebKit/537.36 (KHTML, like Gecko) Chrome/55.0.2883.87 Safari/537.36"
::1 - - [13/Jun/2017:04:42:31 +0000] "GET /jquery.min.js HTTP/1.1" 200 85578 "http://localhost:3000/" "Mozilla/5.0 (Windows NT 10.0; WOW64) AppleWebKit/537.36 (KHTML, like Gecko) Chrome/55.0.2883.87 Safari/537.36"
::1 - - [13/Jun/2017:04:42:31 +0000] "GET /api/rooms HTTP/1.1" 200 268 "http://localhost:3000/" "Mozilla/5.0 (Windows NT 10.0; WOW64) AppleWebKit/537.36 (KHTML, like Gecko) Chrome/55.0.2883.87 Safari/537.36"
::1 - - [13/Jun/2017:04:42:31 +0000] "GET /api/rooms/f2754172-1c58-41ed-ae84-74e046888adb/messages HTTP/1.1" 200 171 "http://localhost:3000/" "Mozilla/5.0 (Windows NT 10.0; WOW64) AppleWebKit/537.36 (KHTML, like Gecko) Chrome/55.0.2883.87 Safari/537.36"
::1 - - [13/Jun/2017:04:42:35 +0000] "GET /admin/rooms HTTP/1.1" 200 2481 "http://localhost:3000/" "Mozilla/5.0 (Windows NT 10.0; WOW64) AppleWebKit/537.36 (KHTML, like Gecko) Chrome/55.0.2883.87 Safari/537.36"
::1 - - [13/Jun/2017:04:42:35 +0000] "GET /style.css HTTP/1.1" 304 - "http://localhost:3000/admin/rooms" "Mozilla/5.0 (Windows NT 10.0; WOW64) AppleWebKit/537.36 (KHTML, like Gecko) Chrome/55.0.2883.87 Safari/537.36"
::1 - - [13/Jun/2017:04:42:35 +0000] "GET /css/bootstrap.min.css HTTP/1.1" 304 - "http://localhost:3000/admin/rooms" "Mozilla/5.0 (Windows NT 10.0; WOW64) AppleWebKit/537.36 (KHTML, like Gecko) Chrome/55.0.2883.87 Safari/537.36"
::1 - - [13/Jun/2017:04:42:35 +0000] "GET /fonts/glyphicons-halflings-regular.woff2 HTTP/1.1" 200 18028 "http://localhost:3000/css/bootstrap.min.css" "Mozilla/5.0 (Windows NT 10.0; WOW64) AppleWebKit/537.36 (KHTML, like Gecko) Chrome/55.0.2883.87 Safari/537.36"
::1 - - [13/Jun/2017:04:42:37 +0000] "GET / HTTP/1.1" 304 - "http://localhost:3000/admin/rooms" "Mozilla/5.0 (Windows NT 10.0; WOW64) AppleWebKit/537.36 (KHTML, like Gecko) Chrome/55.0.2883.87 Safari/537.36"
::1 - - [13/Jun/2017:04:42:37 +0000] "GET /style.css HTTP/1.1" 304 - "http://localhost:3000/" "Mozilla/5.0 (Windows NT 10.0; WOW64) AppleWebKit/537.36 (KHTML, like Gecko) Chrome/55.0.2883.87 Safari/537.36"
::1 - - [13/Jun/2017:04:42:37 +0000] "GET /css/bootstrap.min.css HTTP/1.1" 304 - "http://localhost:3000/" "Mozilla/5.0 (Windows NT 10.0; WOW64) AppleWebKit/537.36 (KHTML, like Gecko) Chrome/55.0.2883.87 Safari/537.36"
::1 - - [13/Jun/2017:04:42:37 +0000] "GET /home.js HTTP/1.1" 304 - "http://localhost:3000/" "Mozilla/5.0 (Windows NT 10.0; WOW64) AppleWebKit/537.36 (KHTML, like Gecko) Chrome/55.0.2883.87 Safari/537.36"
::1 - - [13/Jun/2017:04:42:37 +0000] "GET /jquery.min.js HTTP/1.1" 304 - "http://localhost:3000/" "Mozilla/5.0 (Windows NT 10.0; WOW64) AppleWebKit/537.36 (KHTML, like Gecko) Chrome/55.0.2883.87 Safari/537.36"
::1 - - [13/Jun/2017:04:42:37 +0000] "GET /api/rooms HTTP/1.1" 304 - "http://localhost:3000/" "Mozilla/5.0 (Windows NT 10.0; WOW64) AppleWebKit/537.36 (KHTML, like Gecko) Chrome/55.0.2883.87 Safari/537.36"
::1 - - [13/Jun/2017:04:42:37 +0000] "GET /api/rooms/f2754172-1c58-41ed-ae84-74e046888adb/messages HTTP/1.1" 304 - "http://localhost:3000/" "Mozilla/5.0 (Windows NT 10.0; WOW64) AppleWebKit/537.36 (KHTML, like Gecko) Chrome/55.0.2883.87 Safari/537.36"
::1 - - [13/Jun/2017:04:42:40 +0000] "GET /admin/rooms HTTP/1.1" 304 - "http://localhost:3000/" "Mozilla/5.0 (Windows NT 10.0; WOW64) AppleWebKit/537.36 (KHTML, like Gecko) Chrome/55.0.2883.87 Safari/537.36"
::1 - - [13/Jun/2017:04:42:40 +0000] "GET /style.css HTTP/1.1" 304 - "http://localhost:3000/admin/rooms" "Mozilla/5.0 (Windows NT 10.0; WOW64) AppleWebKit/537.36 (KHTML, like Gecko) Chrome/55.0.2883.87 Safari/537.36"
::1 - - [13/Jun/2017:04:42:40 +0000] "GET /css/bootstrap.min.css HTTP/1.1" 304 - "http://localhost:3000/admin/rooms" "Mozilla/5.0 (Windows NT 10.0; WOW64) AppleWebKit/537.36 (KHTML, like Gecko) Chrome/55.0.2883.87 Safari/537.36"
::1 - - [13/Jun/2017:04:42:40 +0000] "GET /fonts/glyphicons-halflings-regular.woff2 HTTP/1.1" 304 - "http://localhost:3000/css/bootstrap.min.css" "Mozilla/5.0 (Windows NT 10.0; WOW64) AppleWebKit/537.36 (KHTML, like Gecko) Chrome/55.0.2883.87 Safari/537.36"
::1 - - [13/Jun/2017:04:42:44 +0000] "GET /logout HTTP/1.1" 302 56 "http://localhost:3000/admin/rooms" "Mozilla/5.0 (Windows NT 10.0; WOW64) AppleWebKit/537.36 (KHTML, like Gecko) Chrome/55.0.2883.87 Safari/537.36"
::1 - - [13/Jun/2017:04:42:44 +0000] "GET /login HTTP/1.1" 200 1009 "http://localhost:3000/admin/rooms" "Mozilla/5.0 (Windows NT 10.0; WOW64) AppleWebKit/537.36 (KHTML, like Gecko) Chrome/55.0.2883.87 Safari/537.36"
::1 - - [13/Jun/2017:04:42:44 +0000] "GET /style.css HTTP/1.1" 304 - "http://localhost:3000/login" "Mozilla/5.0 (Windows NT 10.0; WOW64) AppleWebKit/537.36 (KHTML, like Gecko) Chrome/55.0.2883.87 Safari/537.36"
::1 - - [13/Jun/2017:04:42:44 +0000] "GET /css/bootstrap.min.css HTTP/1.1" 304 - "http://localhost:3000/login" "Mozilla/5.0 (Windows NT 10.0; WOW64) AppleWebKit/537.36 (KHTML, like Gecko) Chrome/55.0.2883.87 Safari/537.36"
::1 - - [13/Jun/2017:04:42:47 +0000] "GET / HTTP/1.1" 302 56 "-" "Mozilla/5.0 (Windows NT 10.0; WOW64) AppleWebKit/537.36 (KHTML, like Gecko) Chrome/55.0.2883.87 Safari/537.36"
::1 - - [13/Jun/2017:04:42:48 +0000] "GET / HTTP/1.1" 302 56 "-" "Mozilla/5.0 (Windows NT 10.0; WOW64) AppleWebKit/537.36 (KHTML, like Gecko) Chrome/55.0.2883.87 Safari/537.36"
::1 - - [13/Jun/2017:04:42:48 +0000] "GET /login HTTP/1.1" 304 - "-" "Mozilla/5.0 (Windows NT 10.0; WOW64) AppleWebKit/537.36 (KHTML, like Gecko) Chrome/55.0.2883.87 Safari/537.36"
::1 - - [13/Jun/2017:04:42:48 +0000] "GET /style.css HTTP/1.1" 304 - "http://localhost:3000/login" "Mozilla/5.0 (Windows NT 10.0; WOW64) AppleWebKit/537.36 (KHTML, like Gecko) Chrome/55.0.2883.87 Safari/537.36"
::1 - - [13/Jun/2017:04:42:48 +0000] "GET /css/bootstrap.min.css HTTP/1.1" 304 - "http://localhost:3000/login" "Mozilla/5.0 (Windows NT 10.0; WOW64) AppleWebKit/537.36 (KHTML, like Gecko) Chrome/55.0.2883.87 Safari/537.36"
::1 - - [13/Jun/2017:04:42:52 +0000] "GET / HTTP/1.1" 302 56 "-" "Mozilla/5.0 (Windows NT 10.0; WOW64) AppleWebKit/537.36 (KHTML, like Gecko) Chrome/55.0.2883.87 Safari/537.36"
::1 - - [13/Jun/2017:04:42:52 +0000] "GET /login HTTP/1.1" 304 - "-" "Mozilla/5.0 (Windows NT 10.0; WOW64) AppleWebKit/537.36 (KHTML, like Gecko) Chrome/55.0.2883.87 Safari/537.36"
::1 - - [13/Jun/2017:04:42:52 +0000] "GET /style.css HTTP/1.1" 304 - "http://localhost:3000/login" "Mozilla/5.0 (Windows NT 10.0; WOW64) AppleWebKit/537.36 (KHTML, like Gecko) Chrome/55.0.2883.87 Safari/537.36"
::1 - - [13/Jun/2017:04:42:52 +0000] "GET /css/bootstrap.min.css HTTP/1.1" 304 - "http://localhost:3000/login" "Mozilla/5.0 (Windows NT 10.0; WOW64) AppleWebKit/537.36 (KHTML, like Gecko) Chrome/55.0.2883.87 Safari/537.36"
::1 - - [13/Jun/2017:04:43:55 +0000] "GET / HTTP/1.1" 302 56 "-" "Mozilla/5.0 (Windows NT 10.0; WOW64) AppleWebKit/537.36 (KHTML, like Gecko) Chrome/55.0.2883.87 Safari/537.36"
::1 - - [13/Jun/2017:04:43:56 +0000] "GET /login HTTP/1.1" 304 - "-" "Mozilla/5.0 (Windows NT 10.0; WOW64) AppleWebKit/537.36 (KHTML, like Gecko) Chrome/55.0.2883.87 Safari/537.36"
::1 - - [13/Jun/2017:04:43:56 +0000] "GET /style.css HTTP/1.1" 304 - "http://localhost:3000/login" "Mozilla/5.0 (Windows NT 10.0; WOW64) AppleWebKit/537.36 (KHTML, like Gecko) Chrome/55.0.2883.87 Safari/537.36"
::1 - - [13/Jun/2017:04:43:56 +0000] "GET /css/bootstrap.min.css HTTP/1.1" 304 - "http://localhost:3000/login" "Mozilla/5.0 (Windows NT 10.0; WOW64) AppleWebKit/537.36 (KHTML, like Gecko) Chrome/55.0.2883.87 Safari/537.36"
::1 - - [13/Jun/2017:04:43:59 +0000] "GET /login HTTP/1.1" 304 - "-" "Mozilla/5.0 (Windows NT 10.0; WOW64) AppleWebKit/537.36 (KHTML, like Gecko) Chrome/55.0.2883.87 Safari/537.36"
::1 - - [13/Jun/2017:04:43:59 +0000] "GET /style.css HTTP/1.1" 304 - "http://localhost:3000/login" "Mozilla/5.0 (Windows NT 10.0; WOW64) AppleWebKit/537.36 (KHTML, like Gecko) Chrome/55.0.2883.87 Safari/537.36"
::1 - - [13/Jun/2017:04:43:59 +0000] "GET /css/bootstrap.min.css HTTP/1.1" 304 - "http://localhost:3000/login" "Mozilla/5.0 (Windows NT 10.0; WOW64) AppleWebKit/537.36 (KHTML, like Gecko) Chrome/55.0.2883.87 Safari/537.36"
::1 - - [13/Jun/2017:04:44:07 +0000] "POST /login HTTP/1.1" 302 46 "http://localhost:3000/login" "Mozilla/5.0 (Windows NT 10.0; WOW64) AppleWebKit/537.36 (KHTML, like Gecko) Chrome/55.0.2883.87 Safari/537.36"
::1 - - [13/Jun/2017:04:44:07 +0000] "GET / HTTP/1.1" 200 1329 "http://localhost:3000/login" "Mozilla/5.0 (Windows NT 10.0; WOW64) AppleWebKit/537.36 (KHTML, like Gecko) Chrome/55.0.2883.87 Safari/537.36"
::1 - - [13/Jun/2017:04:44:07 +0000] "GET /css/bootstrap.min.css HTTP/1.1" 304 - "http://localhost:3000/" "Mozilla/5.0 (Windows NT 10.0; WOW64) AppleWebKit/537.36 (KHTML, like Gecko) Chrome/55.0.2883.87 Safari/537.36"
::1 - - [13/Jun/2017:04:44:07 +0000] "GET /style.css HTTP/1.1" 304 - "http://localhost:3000/" "Mozilla/5.0 (Windows NT 10.0; WOW64) AppleWebKit/537.36 (KHTML, like Gecko) Chrome/55.0.2883.87 Safari/537.36"
::1 - - [13/Jun/2017:04:44:07 +0000] "GET /jquery.min.js HTTP/1.1" 304 - "http://localhost:3000/" "Mozilla/5.0 (Windows NT 10.0; WOW64) AppleWebKit/537.36 (KHTML, like Gecko) Chrome/55.0.2883.87 Safari/537.36"
::1 - - [13/Jun/2017:04:44:07 +0000] "GET /home.js HTTP/1.1" 304 - "http://localhost:3000/" "Mozilla/5.0 (Windows NT 10.0; WOW64) AppleWebKit/537.36 (KHTML, like Gecko) Chrome/55.0.2883.87 Safari/537.36"
::1 - - [13/Jun/2017:04:44:07 +0000] "GET /api/rooms HTTP/1.1" 304 - "http://localhost:3000/" "Mozilla/5.0 (Windows NT 10.0; WOW64) AppleWebKit/537.36 (KHTML, like Gecko) Chrome/55.0.2883.87 Safari/537.36"
::1 - - [13/Jun/2017:04:44:07 +0000] "GET /api/rooms/f2754172-1c58-41ed-ae84-74e046888adb/messages HTTP/1.1" 304 - "http://localhost:3000/" "Mozilla/5.0 (Windows NT 10.0; WOW64) AppleWebKit/537.36 (KHTML, like Gecko) Chrome/55.0.2883.87 Safari/537.36"
::1 - - [13/Jun/2017:04:44:12 +0000] "GET /admin/rooms HTTP/1.1" 302 56 "http://localhost:3000/" "Mozilla/5.0 (Windows NT 10.0; WOW64) AppleWebKit/537.36 (KHTML, like Gecko) Chrome/55.0.2883.87 Safari/537.36"
::1 - - [13/Jun/2017:04:44:12 +0000] "GET /login HTTP/1.1" 200 1009 "http://localhost:3000/" "Mozilla/5.0 (Windows NT 10.0; WOW64) AppleWebKit/537.36 (KHTML, like Gecko) Chrome/55.0.2883.87 Safari/537.36"
::1 - - [13/Jun/2017:04:44:12 +0000] "GET /style.css HTTP/1.1" 304 - "http://localhost:3000/login" "Mozilla/5.0 (Windows NT 10.0; WOW64) AppleWebKit/537.36 (KHTML, like Gecko) Chrome/55.0.2883.87 Safari/537.36"
::1 - - [13/Jun/2017:04:44:12 +0000] "GET /css/bootstrap.min.css HTTP/1.1" 304 - "http://localhost:3000/login" "Mozilla/5.0 (Windows NT 10.0; WOW64) AppleWebKit/537.36 (KHTML, like Gecko) Chrome/55.0.2883.87 Safari/537.36"
::1 - - [13/Jun/2017:04:44:14 +0000] "GET /api/rooms/f2754172-1c58-41ed-ae84-74e046888adb/messages HTTP/1.1" 304 - "http://localhost:3000/" "Mozilla/5.0 (Windows NT 10.0; WOW64) AppleWebKit/537.36 (KHTML, like Gecko) Chrome/55.0.2883.87 Safari/537.36"
::1 - - [13/Jun/2017:04:44:16 +0000] "GET / HTTP/1.1" 304 - "http://localhost:3000/" "Mozilla/5.0 (Windows NT 10.0; WOW64) AppleWebKit/537.36 (KHTML, like Gecko) Chrome/55.0.2883.87 Safari/537.36"
::1 - - [13/Jun/2017:04:44:16 +0000] "GET /style.css HTTP/1.1" 304 - "http://localhost:3000/" "Mozilla/5.0 (Windows NT 10.0; WOW64) AppleWebKit/537.36 (KHTML, like Gecko) Chrome/55.0.2883.87 Safari/537.36"
::1 - - [13/Jun/2017:04:44:16 +0000] "GET /css/bootstrap.min.css HTTP/1.1" 304 - "http://localhost:3000/" "Mozilla/5.0 (Windows NT 10.0; WOW64) AppleWebKit/537.36 (KHTML, like Gecko) Chrome/55.0.2883.87 Safari/537.36"
::1 - - [13/Jun/2017:04:44:16 +0000] "GET /home.js HTTP/1.1" 304 - "http://localhost:3000/" "Mozilla/5.0 (Windows NT 10.0; WOW64) AppleWebKit/537.36 (KHTML, like Gecko) Chrome/55.0.2883.87 Safari/537.36"
::1 - - [13/Jun/2017:04:44:16 +0000] "GET /jquery.min.js HTTP/1.1" 304 - "http://localhost:3000/" "Mozilla/5.0 (Windows NT 10.0; WOW64) AppleWebKit/537.36 (KHTML, like Gecko) Chrome/55.0.2883.87 Safari/537.36"
::1 - - [13/Jun/2017:04:44:16 +0000] "GET /api/rooms HTTP/1.1" 304 - "http://localhost:3000/" "Mozilla/5.0 (Windows NT 10.0; WOW64) AppleWebKit/537.36 (KHTML, like Gecko) Chrome/55.0.2883.87 Safari/537.36"
::1 - - [13/Jun/2017:04:44:16 +0000] "GET /api/rooms/f2754172-1c58-41ed-ae84-74e046888adb/messages HTTP/1.1" 304 - "http://localhost:3000/" "Mozilla/5.0 (Windows NT 10.0; WOW64) AppleWebKit/537.36 (KHTML, like Gecko) Chrome/55.0.2883.87 Safari/537.36"
::1 - - [13/Jun/2017:04:44:19 +0000] "GET /logout HTTP/1.1" 302 56 "http://localhost:3000/" "Mozilla/5.0 (Windows NT 10.0; WOW64) AppleWebKit/537.36 (KHTML, like Gecko) Chrome/55.0.2883.87 Safari/537.36"
::1 - - [13/Jun/2017:04:44:19 +0000] "GET /login HTTP/1.1" 304 - "http://localhost:3000/" "Mozilla/5.0 (Windows NT 10.0; WOW64) AppleWebKit/537.36 (KHTML, like Gecko) Chrome/55.0.2883.87 Safari/537.36"
::1 - - [13/Jun/2017:04:44:19 +0000] "GET /css/bootstrap.min.css HTTP/1.1" 304 - "http://localhost:3000/login" "Mozilla/5.0 (Windows NT 10.0; WOW64) AppleWebKit/537.36 (KHTML, like Gecko) Chrome/55.0.2883.87 Safari/537.36"
::1 - - [13/Jun/2017:04:44:19 +0000] "GET /style.css HTTP/1.1" 304 - "http://localhost:3000/login" "Mozilla/5.0 (Windows NT 10.0; WOW64) AppleWebKit/537.36 (KHTML, like Gecko) Chrome/55.0.2883.87 Safari/537.36"
::1 - - [13/Jun/2017:04:44:27 +0000] "GET / HTTP/1.1" 302 56 "-" "Mozilla/5.0 (Windows NT 10.0; WOW64) AppleWebKit/537.36 (KHTML, like Gecko) Chrome/55.0.2883.87 Safari/537.36"
::1 - - [13/Jun/2017:04:44:27 +0000] "GET /login HTTP/1.1" 304 - "-" "Mozilla/5.0 (Windows NT 10.0; WOW64) AppleWebKit/537.36 (KHTML, like Gecko) Chrome/55.0.2883.87 Safari/537.36"
::1 - - [13/Jun/2017:04:44:27 +0000] "GET /style.css HTTP/1.1" 304 - "http://localhost:3000/login" "Mozilla/5.0 (Windows NT 10.0; WOW64) AppleWebKit/537.36 (KHTML, like Gecko) Chrome/55.0.2883.87 Safari/537.36"
::1 - - [13/Jun/2017:04:44:27 +0000] "GET /css/bootstrap.min.css HTTP/1.1" 304 - "http://localhost:3000/login" "Mozilla/5.0 (Windows NT 10.0; WOW64) AppleWebKit/537.36 (KHTML, like Gecko) Chrome/55.0.2883.87 Safari/537.36"
::1 - - [13/Jun/2017:04:44:33 +0000] "POST /login HTTP/1.1" 302 46 "http://localhost:3000/login" "Mozilla/5.0 (Windows NT 10.0; WOW64) AppleWebKit/537.36 (KHTML, like Gecko) Chrome/55.0.2883.87 Safari/537.36"
::1 - - [13/Jun/2017:04:44:33 +0000] "GET / HTTP/1.1" 200 1328 "http://localhost:3000/login" "Mozilla/5.0 (Windows NT 10.0; WOW64) AppleWebKit/537.36 (KHTML, like Gecko) Chrome/55.0.2883.87 Safari/537.36"
::1 - - [13/Jun/2017:04:44:33 +0000] "GET /css/bootstrap.min.css HTTP/1.1" 304 - "http://localhost:3000/" "Mozilla/5.0 (Windows NT 10.0; WOW64) AppleWebKit/537.36 (KHTML, like Gecko) Chrome/55.0.2883.87 Safari/537.36"
::1 - - [13/Jun/2017:04:44:33 +0000] "GET /style.css HTTP/1.1" 304 - "http://localhost:3000/" "Mozilla/5.0 (Windows NT 10.0; WOW64) AppleWebKit/537.36 (KHTML, like Gecko) Chrome/55.0.2883.87 Safari/537.36"
::1 - - [13/Jun/2017:04:44:33 +0000] "GET /home.js HTTP/1.1" 304 - "http://localhost:3000/" "Mozilla/5.0 (Windows NT 10.0; WOW64) AppleWebKit/537.36 (KHTML, like Gecko) Chrome/55.0.2883.87 Safari/537.36"
::1 - - [13/Jun/2017:04:44:33 +0000] "GET /jquery.min.js HTTP/1.1" 304 - "http://localhost:3000/" "Mozilla/5.0 (Windows NT 10.0; WOW64) AppleWebKit/537.36 (KHTML, like Gecko) Chrome/55.0.2883.87 Safari/537.36"
::1 - - [13/Jun/2017:04:44:33 +0000] "GET /api/rooms HTTP/1.1" 304 - "http://localhost:3000/" "Mozilla/5.0 (Windows NT 10.0; WOW64) AppleWebKit/537.36 (KHTML, like Gecko) Chrome/55.0.2883.87 Safari/537.36"
::1 - - [13/Jun/2017:04:44:33 +0000] "GET /api/rooms/f2754172-1c58-41ed-ae84-74e046888adb/messages HTTP/1.1" 304 - "http://localhost:3000/" "Mozilla/5.0 (Windows NT 10.0; WOW64) AppleWebKit/537.36 (KHTML, like Gecko) Chrome/55.0.2883.87 Safari/537.36"
::1 - - [13/Jun/2017:04:44:35 +0000] "GET /admin/rooms HTTP/1.1" 200 2481 "http://localhost:3000/" "Mozilla/5.0 (Windows NT 10.0; WOW64) AppleWebKit/537.36 (KHTML, like Gecko) Chrome/55.0.2883.87 Safari/537.36"
::1 - - [13/Jun/2017:04:44:35 +0000] "GET /style.css HTTP/1.1" 304 - "http://localhost:3000/admin/rooms" "Mozilla/5.0 (Windows NT 10.0; WOW64) AppleWebKit/537.36 (KHTML, like Gecko) Chrome/55.0.2883.87 Safari/537.36"
::1 - - [13/Jun/2017:04:44:35 +0000] "GET /css/bootstrap.min.css HTTP/1.1" 304 - "http://localhost:3000/admin/rooms" "Mozilla/5.0 (Windows NT 10.0; WOW64) AppleWebKit/537.36 (KHTML, like Gecko) Chrome/55.0.2883.87 Safari/537.36"
::1 - - [13/Jun/2017:04:44:35 +0000] "GET /fonts/glyphicons-halflings-regular.woff2 HTTP/1.1" 304 - "http://localhost:3000/css/bootstrap.min.css" "Mozilla/5.0 (Windows NT 10.0; WOW64) AppleWebKit/537.36 (KHTML, like Gecko) Chrome/55.0.2883.87 Safari/537.36"
::1 - - [13/Jun/2017:04:45:33 +0000] "GET /admin/rooms/add HTTP/1.1" 200 1209 "http://localhost:3000/admin/rooms" "Mozilla/5.0 (Windows NT 10.0; WOW64) AppleWebKit/537.36 (KHTML, like Gecko) Chrome/55.0.2883.87 Safari/537.36"
::1 - - [13/Jun/2017:04:45:33 +0000] "GET /style.css HTTP/1.1" 304 - "http://localhost:3000/admin/rooms/add" "Mozilla/5.0 (Windows NT 10.0; WOW64) AppleWebKit/537.36 (KHTML, like Gecko) Chrome/55.0.2883.87 Safari/537.36"
::1 - - [13/Jun/2017:04:45:33 +0000] "GET /css/bootstrap.min.css HTTP/1.1" 304 - "http://localhost:3000/admin/rooms/add" "Mozilla/5.0 (Windows NT 10.0; WOW64) AppleWebKit/537.36 (KHTML, like Gecko) Chrome/55.0.2883.87 Safari/537.36"
::1 - - [13/Jun/2017:04:45:36 +0000] "GET /admin/rooms HTTP/1.1" 304 - "http://localhost:3000/admin/rooms/add" "Mozilla/5.0 (Windows NT 10.0; WOW64) AppleWebKit/537.36 (KHTML, like Gecko) Chrome/55.0.2883.87 Safari/537.36"
::1 - - [13/Jun/2017:04:45:36 +0000] "GET /style.css HTTP/1.1" 304 - "http://localhost:3000/admin/rooms" "Mozilla/5.0 (Windows NT 10.0; WOW64) AppleWebKit/537.36 (KHTML, like Gecko) Chrome/55.0.2883.87 Safari/537.36"
::1 - - [13/Jun/2017:04:45:36 +0000] "GET /css/bootstrap.min.css HTTP/1.1" 304 - "http://localhost:3000/admin/rooms" "Mozilla/5.0 (Windows NT 10.0; WOW64) AppleWebKit/537.36 (KHTML, like Gecko) Chrome/55.0.2883.87 Safari/537.36"
::1 - - [13/Jun/2017:04:45:36 +0000] "GET /fonts/glyphicons-halflings-regular.woff2 HTTP/1.1" 304 - "http://localhost:3000/css/bootstrap.min.css" "Mozilla/5.0 (Windows NT 10.0; WOW64) AppleWebKit/537.36 (KHTML, like Gecko) Chrome/55.0.2883.87 Safari/537.36"
::1 - - [13/Jun/2017:04:45:37 +0000] "GET /admin/users HTTP/1.1" 404 150 "http://localhost:3000/admin/rooms" "Mozilla/5.0 (Windows NT 10.0; WOW64) AppleWebKit/537.36 (KHTML, like Gecko) Chrome/55.0.2883.87 Safari/537.36"
::1 - - [13/Jun/2017:04:45:41 +0000] "GET /logout HTTP/1.1" 302 56 "http://localhost:3000/admin/rooms" "Mozilla/5.0 (Windows NT 10.0; WOW64) AppleWebKit/537.36 (KHTML, like Gecko) Chrome/55.0.2883.87 Safari/537.36"
::1 - - [13/Jun/2017:04:45:41 +0000] "GET /login HTTP/1.1" 200 1009 "http://localhost:3000/admin/rooms" "Mozilla/5.0 (Windows NT 10.0; WOW64) AppleWebKit/537.36 (KHTML, like Gecko) Chrome/55.0.2883.87 Safari/537.36"
::1 - - [13/Jun/2017:04:45:41 +0000] "GET /style.css HTTP/1.1" 304 - "http://localhost:3000/login" "Mozilla/5.0 (Windows NT 10.0; WOW64) AppleWebKit/537.36 (KHTML, like Gecko) Chrome/55.0.2883.87 Safari/537.36"
::1 - - [13/Jun/2017:04:45:41 +0000] "GET /css/bootstrap.min.css HTTP/1.1" 304 - "http://localhost:3000/login" "Mozilla/5.0 (Windows NT 10.0; WOW64) AppleWebKit/537.36 (KHTML, like Gecko) Chrome/55.0.2883.87 Safari/537.36"
::1 - - [13/Jun/2017:04:46:19 +0000] "GET /login HTTP/1.1" 304 - "http://localhost:3000/login" "Mozilla/5.0 (Windows NT 10.0; WOW64) AppleWebKit/537.36 (KHTML, like Gecko) Chrome/55.0.2883.87 Safari/537.36"
::1 - - [13/Jun/2017:04:46:19 +0000] "GET /style.css HTTP/1.1" 304 - "http://localhost:3000/login" "Mozilla/5.0 (Windows NT 10.0; WOW64) AppleWebKit/537.36 (KHTML, like Gecko) Chrome/55.0.2883.87 Safari/537.36"
::1 - - [13/Jun/2017:04:46:19 +0000] "GET /css/bootstrap.min.css HTTP/1.1" 304 - "http://localhost:3000/login" "Mozilla/5.0 (Windows NT 10.0; WOW64) AppleWebKit/537.36 (KHTML, like Gecko) Chrome/55.0.2883.87 Safari/537.36"
::1 - - [13/Jun/2017:04:46:19 +0000] "GET /login HTTP/1.1" 304 - "http://localhost:3000/login" "Mozilla/5.0 (Windows NT 10.0; WOW64) AppleWebKit/537.36 (KHTML, like Gecko) Chrome/55.0.2883.87 Safari/537.36"
::1 - - [13/Jun/2017:04:46:19 +0000] "GET /style.css HTTP/1.1" 304 - "http://localhost:3000/login" "Mozilla/5.0 (Windows NT 10.0; WOW64) AppleWebKit/537.36 (KHTML, like Gecko) Chrome/55.0.2883.87 Safari/537.36"
::1 - - [13/Jun/2017:04:46:19 +0000] "GET /css/bootstrap.min.css HTTP/1.1" 304 - "http://localhost:3000/login" "Mozilla/5.0 (Windows NT 10.0; WOW64) AppleWebKit/537.36 (KHTML, like Gecko) Chrome/55.0.2883.87 Safari/537.36"
::1 - - [13/Jun/2017:04:46:20 +0000] "GET /login HTTP/1.1" 304 - "http://localhost:3000/login" "Mozilla/5.0 (Windows NT 10.0; WOW64) AppleWebKit/537.36 (KHTML, like Gecko) Chrome/55.0.2883.87 Safari/537.36"
::1 - - [13/Jun/2017:04:46:20 +0000] "GET /style.css HTTP/1.1" 304 - "http://localhost:3000/login" "Mozilla/5.0 (Windows NT 10.0; WOW64) AppleWebKit/537.36 (KHTML, like Gecko) Chrome/55.0.2883.87 Safari/537.36"
::1 - - [13/Jun/2017:04:46:20 +0000] "GET /css/bootstrap.min.css HTTP/1.1" 304 - "http://localhost:3000/login" "Mozilla/5.0 (Windows NT 10.0; WOW64) AppleWebKit/537.36 (KHTML, like Gecko) Chrome/55.0.2883.87 Safari/537.36"
::1 - - [13/Jun/2017:04:47:30 +0000] "GET / HTTP/1.1" 302 56 "-" "Mozilla/5.0 (Windows NT 10.0; WOW64) AppleWebKit/537.36 (KHTML, like Gecko) Chrome/55.0.2883.87 Safari/537.36"
::1 - - [13/Jun/2017:04:47:31 +0000] "GET /login HTTP/1.1" 304 - "-" "Mozilla/5.0 (Windows NT 10.0; WOW64) AppleWebKit/537.36 (KHTML, like Gecko) Chrome/55.0.2883.87 Safari/537.36"
::1 - - [13/Jun/2017:04:47:31 +0000] "GET /style.css HTTP/1.1" 304 - "http://localhost:3000/login" "Mozilla/5.0 (Windows NT 10.0; WOW64) AppleWebKit/537.36 (KHTML, like Gecko) Chrome/55.0.2883.87 Safari/537.36"
::1 - - [13/Jun/2017:04:47:31 +0000] "GET /css/bootstrap.min.css HTTP/1.1" 304 - "http://localhost:3000/login" "Mozilla/5.0 (Windows NT 10.0; WOW64) AppleWebKit/537.36 (KHTML, like Gecko) Chrome/55.0.2883.87 Safari/537.36"
::1 - - [13/Jun/2017:05:25:49 +0000] "GET / HTTP/1.1" 302 56 "-" "Mozilla/5.0 (Windows NT 10.0; WOW64) AppleWebKit/537.36 (KHTML, like Gecko) Chrome/55.0.2883.87 Safari/537.36"
::1 - - [13/Jun/2017:05:25:49 +0000] "GET /login HTTP/1.1" 304 - "-" "Mozilla/5.0 (Windows NT 10.0; WOW64) AppleWebKit/537.36 (KHTML, like Gecko) Chrome/55.0.2883.87 Safari/537.36"
::1 - - [13/Jun/2017:05:25:49 +0000] "GET /style.css HTTP/1.1" 304 - "http://localhost:3000/login" "Mozilla/5.0 (Windows NT 10.0; WOW64) AppleWebKit/537.36 (KHTML, like Gecko) Chrome/55.0.2883.87 Safari/537.36"
::1 - - [13/Jun/2017:05:25:49 +0000] "GET /css/bootstrap.min.css HTTP/1.1" 304 - "http://localhost:3000/login" "Mozilla/5.0 (Windows NT 10.0; WOW64) AppleWebKit/537.36 (KHTML, like Gecko) Chrome/55.0.2883.87 Safari/537.36"
::1 - - [13/Jun/2017:05:25:55 +0000] "POST /login HTTP/1.1" 302 46 "http://localhost:3000/login" "Mozilla/5.0 (Windows NT 10.0; WOW64) AppleWebKit/537.36 (KHTML, like Gecko) Chrome/55.0.2883.87 Safari/537.36"
::1 - - [13/Jun/2017:05:25:55 +0000] "GET / HTTP/1.1" 200 1328 "http://localhost:3000/login" "Mozilla/5.0 (Windows NT 10.0; WOW64) AppleWebKit/537.36 (KHTML, like Gecko) Chrome/55.0.2883.87 Safari/537.36"
::1 - - [13/Jun/2017:05:25:55 +0000] "GET /style.css HTTP/1.1" 304 - "http://localhost:3000/" "Mozilla/5.0 (Windows NT 10.0; WOW64) AppleWebKit/537.36 (KHTML, like Gecko) Chrome/55.0.2883.87 Safari/537.36"
::1 - - [13/Jun/2017:05:25:55 +0000] "GET /home.js HTTP/1.1" 304 - "http://localhost:3000/" "Mozilla/5.0 (Windows NT 10.0; WOW64) AppleWebKit/537.36 (KHTML, like Gecko) Chrome/55.0.2883.87 Safari/537.36"
::1 - - [13/Jun/2017:05:25:55 +0000] "GET /css/bootstrap.min.css HTTP/1.1" 304 - "http://localhost:3000/" "Mozilla/5.0 (Windows NT 10.0; WOW64) AppleWebKit/537.36 (KHTML, like Gecko) Chrome/55.0.2883.87 Safari/537.36"
::1 - - [13/Jun/2017:05:25:55 +0000] "GET /jquery.min.js HTTP/1.1" 304 - "http://localhost:3000/" "Mozilla/5.0 (Windows NT 10.0; WOW64) AppleWebKit/537.36 (KHTML, like Gecko) Chrome/55.0.2883.87 Safari/537.36"
::1 - - [13/Jun/2017:05:25:55 +0000] "GET /api/rooms HTTP/1.1" 304 - "http://localhost:3000/" "Mozilla/5.0 (Windows NT 10.0; WOW64) AppleWebKit/537.36 (KHTML, like Gecko) Chrome/55.0.2883.87 Safari/537.36"
::1 - - [13/Jun/2017:05:25:55 +0000] "GET /api/rooms/f2754172-1c58-41ed-ae84-74e046888adb/messages HTTP/1.1" 200 172 "http://localhost:3000/" "Mozilla/5.0 (Windows NT 10.0; WOW64) AppleWebKit/537.36 (KHTML, like Gecko) Chrome/55.0.2883.87 Safari/537.36"
::1 - - [13/Jun/2017:05:26:23 +0000] "GET /logout HTTP/1.1" 302 56 "http://localhost:3000/" "Mozilla/5.0 (Windows NT 10.0; WOW64) AppleWebKit/537.36 (KHTML, like Gecko) Chrome/55.0.2883.87 Safari/537.36"
::1 - - [13/Jun/2017:05:26:23 +0000] "GET /login HTTP/1.1" 200 1009 "http://localhost:3000/" "Mozilla/5.0 (Windows NT 10.0; WOW64) AppleWebKit/537.36 (KHTML, like Gecko) Chrome/55.0.2883.87 Safari/537.36"
::1 - - [13/Jun/2017:05:26:23 +0000] "GET /style.css HTTP/1.1" 304 - "http://localhost:3000/login" "Mozilla/5.0 (Windows NT 10.0; WOW64) AppleWebKit/537.36 (KHTML, like Gecko) Chrome/55.0.2883.87 Safari/537.36"
::1 - - [13/Jun/2017:05:26:23 +0000] "GET /css/bootstrap.min.css HTTP/1.1" 304 - "http://localhost:3000/login" "Mozilla/5.0 (Windows NT 10.0; WOW64) AppleWebKit/537.36 (KHTML, like Gecko) Chrome/55.0.2883.87 Safari/537.36"
::1 - - [13/Jun/2017:05:26:29 +0000] "POST /login HTTP/1.1" 302 46 "http://localhost:3000/login" "Mozilla/5.0 (Windows NT 10.0; WOW64) AppleWebKit/537.36 (KHTML, like Gecko) Chrome/55.0.2883.87 Safari/537.36"
::1 - - [13/Jun/2017:05:26:29 +0000] "GET / HTTP/1.1" 304 - "http://localhost:3000/login" "Mozilla/5.0 (Windows NT 10.0; WOW64) AppleWebKit/537.36 (KHTML, like Gecko) Chrome/55.0.2883.87 Safari/537.36"
::1 - - [13/Jun/2017:05:26:29 +0000] "GET /style.css HTTP/1.1" 304 - "http://localhost:3000/" "Mozilla/5.0 (Windows NT 10.0; WOW64) AppleWebKit/537.36 (KHTML, like Gecko) Chrome/55.0.2883.87 Safari/537.36"
::1 - - [13/Jun/2017:05:26:29 +0000] "GET /home.js HTTP/1.1" 304 - "http://localhost:3000/" "Mozilla/5.0 (Windows NT 10.0; WOW64) AppleWebKit/537.36 (KHTML, like Gecko) Chrome/55.0.2883.87 Safari/537.36"
::1 - - [13/Jun/2017:05:26:29 +0000] "GET /css/bootstrap.min.css HTTP/1.1" 304 - "http://localhost:3000/" "Mozilla/5.0 (Windows NT 10.0; WOW64) AppleWebKit/537.36 (KHTML, like Gecko) Chrome/55.0.2883.87 Safari/537.36"
::1 - - [13/Jun/2017:05:26:29 +0000] "GET /jquery.min.js HTTP/1.1" 304 - "http://localhost:3000/" "Mozilla/5.0 (Windows NT 10.0; WOW64) AppleWebKit/537.36 (KHTML, like Gecko) Chrome/55.0.2883.87 Safari/537.36"
::1 - - [13/Jun/2017:05:26:29 +0000] "GET /api/rooms HTTP/1.1" 304 - "http://localhost:3000/" "Mozilla/5.0 (Windows NT 10.0; WOW64) AppleWebKit/537.36 (KHTML, like Gecko) Chrome/55.0.2883.87 Safari/537.36"
::1 - - [13/Jun/2017:05:26:29 +0000] "GET /api/rooms/f2754172-1c58-41ed-ae84-74e046888adb/messages HTTP/1.1" 304 - "http://localhost:3000/" "Mozilla/5.0 (Windows NT 10.0; WOW64) AppleWebKit/537.36 (KHTML, like Gecko) Chrome/55.0.2883.87 Safari/537.36"
::1 - - [13/Jun/2017:05:27:03 +0000] "GET / HTTP/1.1" 304 - "http://localhost:3000/login" "Mozilla/5.0 (Windows NT 10.0; WOW64) AppleWebKit/537.36 (KHTML, like Gecko) Chrome/55.0.2883.87 Safari/537.36"
::1 - - [13/Jun/2017:05:27:03 +0000] "GET /style.css HTTP/1.1" 304 - "http://localhost:3000/" "Mozilla/5.0 (Windows NT 10.0; WOW64) AppleWebKit/537.36 (KHTML, like Gecko) Chrome/55.0.2883.87 Safari/537.36"
::1 - - [13/Jun/2017:05:27:03 +0000] "GET /home.js HTTP/1.1" 304 - "http://localhost:3000/" "Mozilla/5.0 (Windows NT 10.0; WOW64) AppleWebKit/537.36 (KHTML, like Gecko) Chrome/55.0.2883.87 Safari/537.36"
::1 - - [13/Jun/2017:05:27:03 +0000] "GET /css/bootstrap.min.css HTTP/1.1" 304 - "http://localhost:3000/" "Mozilla/5.0 (Windows NT 10.0; WOW64) AppleWebKit/537.36 (KHTML, like Gecko) Chrome/55.0.2883.87 Safari/537.36"
::1 - - [13/Jun/2017:05:27:03 +0000] "GET /jquery.min.js HTTP/1.1" 304 - "http://localhost:3000/" "Mozilla/5.0 (Windows NT 10.0; WOW64) AppleWebKit/537.36 (KHTML, like Gecko) Chrome/55.0.2883.87 Safari/537.36"
::1 - - [13/Jun/2017:05:27:03 +0000] "GET /api/rooms HTTP/1.1" 304 - "http://localhost:3000/" "Mozilla/5.0 (Windows NT 10.0; WOW64) AppleWebKit/537.36 (KHTML, like Gecko) Chrome/55.0.2883.87 Safari/537.36"
::1 - - [13/Jun/2017:05:27:03 +0000] "GET /api/rooms/f2754172-1c58-41ed-ae84-74e046888adb/messages HTTP/1.1" 304 - "http://localhost:3000/" "Mozilla/5.0 (Windows NT 10.0; WOW64) AppleWebKit/537.36 (KHTML, like Gecko) Chrome/55.0.2883.87 Safari/537.36"
::1 - - [13/Jun/2017:05:32:01 +0000] "GET / HTTP/1.1" 304 - "-" "Mozilla/5.0 (Windows NT 10.0; WOW64) AppleWebKit/537.36 (KHTML, like Gecko) Chrome/55.0.2883.87 Safari/537.36"
::1 - - [13/Jun/2017:05:32:01 +0000] "GET /style.css HTTP/1.1" 304 - "http://localhost:3000/" "Mozilla/5.0 (Windows NT 10.0; WOW64) AppleWebKit/537.36 (KHTML, like Gecko) Chrome/55.0.2883.87 Safari/537.36"
::1 - - [13/Jun/2017:05:32:01 +0000] "GET /home.js HTTP/1.1" 304 - "http://localhost:3000/" "Mozilla/5.0 (Windows NT 10.0; WOW64) AppleWebKit/537.36 (KHTML, like Gecko) Chrome/55.0.2883.87 Safari/537.36"
::1 - - [13/Jun/2017:05:32:01 +0000] "GET /css/bootstrap.min.css HTTP/1.1" 304 - "http://localhost:3000/" "Mozilla/5.0 (Windows NT 10.0; WOW64) AppleWebKit/537.36 (KHTML, like Gecko) Chrome/55.0.2883.87 Safari/537.36"
::1 - - [13/Jun/2017:05:32:01 +0000] "GET /jquery.min.js HTTP/1.1" 304 - "http://localhost:3000/" "Mozilla/5.0 (Windows NT 10.0; WOW64) AppleWebKit/537.36 (KHTML, like Gecko) Chrome/55.0.2883.87 Safari/537.36"
::1 - - [13/Jun/2017:05:32:01 +0000] "GET /api/rooms HTTP/1.1" 304 - "http://localhost:3000/" "Mozilla/5.0 (Windows NT 10.0; WOW64) AppleWebKit/537.36 (KHTML, like Gecko) Chrome/55.0.2883.87 Safari/537.36"
::1 - - [13/Jun/2017:05:32:01 +0000] "GET /api/rooms/f2754172-1c58-41ed-ae84-74e046888adb/messages HTTP/1.1" 304 - "http://localhost:3000/" "Mozilla/5.0 (Windows NT 10.0; WOW64) AppleWebKit/537.36 (KHTML, like Gecko) Chrome/55.0.2883.87 Safari/537.36"
::1 - - [13/Jun/2017:05:32:06 +0000] "GET /admin/rooms HTTP/1.1" 304 - "http://localhost:3000/" "Mozilla/5.0 (Windows NT 10.0; WOW64) AppleWebKit/537.36 (KHTML, like Gecko) Chrome/55.0.2883.87 Safari/537.36"
::1 - - [13/Jun/2017:05:32:06 +0000] "GET /style.css HTTP/1.1" 304 - "http://localhost:3000/admin/rooms" "Mozilla/5.0 (Windows NT 10.0; WOW64) AppleWebKit/537.36 (KHTML, like Gecko) Chrome/55.0.2883.87 Safari/537.36"
::1 - - [13/Jun/2017:05:32:06 +0000] "GET /css/bootstrap.min.css HTTP/1.1" 304 - "http://localhost:3000/admin/rooms" "Mozilla/5.0 (Windows NT 10.0; WOW64) AppleWebKit/537.36 (KHTML, like Gecko) Chrome/55.0.2883.87 Safari/537.36"
::1 - - [13/Jun/2017:05:32:06 +0000] "GET /fonts/glyphicons-halflings-regular.woff2 HTTP/1.1" 304 - "http://localhost:3000/css/bootstrap.min.css" "Mozilla/5.0 (Windows NT 10.0; WOW64) AppleWebKit/537.36 (KHTML, like Gecko) Chrome/55.0.2883.87 Safari/537.36"
::1 - - [13/Jun/2017:05:32:07 +0000] "GET / HTTP/1.1" 304 - "http://localhost:3000/admin/rooms" "Mozilla/5.0 (Windows NT 10.0; WOW64) AppleWebKit/537.36 (KHTML, like Gecko) Chrome/55.0.2883.87 Safari/537.36"
::1 - - [13/Jun/2017:05:32:07 +0000] "GET /style.css HTTP/1.1" 304 - "http://localhost:3000/" "Mozilla/5.0 (Windows NT 10.0; WOW64) AppleWebKit/537.36 (KHTML, like Gecko) Chrome/55.0.2883.87 Safari/537.36"
::1 - - [13/Jun/2017:05:32:07 +0000] "GET /css/bootstrap.min.css HTTP/1.1" 304 - "http://localhost:3000/" "Mozilla/5.0 (Windows NT 10.0; WOW64) AppleWebKit/537.36 (KHTML, like Gecko) Chrome/55.0.2883.87 Safari/537.36"
::1 - - [13/Jun/2017:05:32:07 +0000] "GET /home.js HTTP/1.1" 304 - "http://localhost:3000/" "Mozilla/5.0 (Windows NT 10.0; WOW64) AppleWebKit/537.36 (KHTML, like Gecko) Chrome/55.0.2883.87 Safari/537.36"
::1 - - [13/Jun/2017:05:32:07 +0000] "GET /jquery.min.js HTTP/1.1" 304 - "http://localhost:3000/" "Mozilla/5.0 (Windows NT 10.0; WOW64) AppleWebKit/537.36 (KHTML, like Gecko) Chrome/55.0.2883.87 Safari/537.36"
::1 - - [13/Jun/2017:05:32:07 +0000] "GET /api/rooms HTTP/1.1" 304 - "http://localhost:3000/" "Mozilla/5.0 (Windows NT 10.0; WOW64) AppleWebKit/537.36 (KHTML, like Gecko) Chrome/55.0.2883.87 Safari/537.36"
::1 - - [13/Jun/2017:05:32:07 +0000] "GET /api/rooms/f2754172-1c58-41ed-ae84-74e046888adb/messages HTTP/1.1" 304 - "http://localhost:3000/" "Mozilla/5.0 (Windows NT 10.0; WOW64) AppleWebKit/537.36 (KHTML, like Gecko) Chrome/55.0.2883.87 Safari/537.36"
::1 - - [13/Jun/2017:05:37:42 +0000] "GET / HTTP/1.1" 302 56 "-" "Mozilla/5.0 (Windows NT 10.0; WOW64) AppleWebKit/537.36 (KHTML, like Gecko) Chrome/55.0.2883.87 Safari/537.36"
::1 - - [13/Jun/2017:05:37:42 +0000] "GET /login HTTP/1.1" 200 1009 "-" "Mozilla/5.0 (Windows NT 10.0; WOW64) AppleWebKit/537.36 (KHTML, like Gecko) Chrome/55.0.2883.87 Safari/537.36"
::1 - - [13/Jun/2017:05:37:42 +0000] "GET /style.css HTTP/1.1" 304 - "http://localhost:3000/login" "Mozilla/5.0 (Windows NT 10.0; WOW64) AppleWebKit/537.36 (KHTML, like Gecko) Chrome/55.0.2883.87 Safari/537.36"
::1 - - [13/Jun/2017:05:37:42 +0000] "GET /css/bootstrap.min.css HTTP/1.1" 304 - "http://localhost:3000/login" "Mozilla/5.0 (Windows NT 10.0; WOW64) AppleWebKit/537.36 (KHTML, like Gecko) Chrome/55.0.2883.87 Safari/537.36"
::1 - - [13/Jun/2017:05:39:30 +0000] "POST /login HTTP/1.1" 302 46 "http://localhost:3000/login" "Mozilla/5.0 (Windows NT 10.0; WOW64) AppleWebKit/537.36 (KHTML, like Gecko) Chrome/55.0.2883.87 Safari/537.36"
::1 - - [13/Jun/2017:05:39:43 +0000] "GET / HTTP/1.1" 200 1328 "http://localhost:3000/login" "Mozilla/5.0 (Windows NT 10.0; WOW64) AppleWebKit/537.36 (KHTML, like Gecko) Chrome/55.0.2883.87 Safari/537.36"
::1 - - [13/Jun/2017:05:39:43 +0000] "GET /css/bootstrap.min.css HTTP/1.1" 304 - "http://localhost:3000/" "Mozilla/5.0 (Windows NT 10.0; WOW64) AppleWebKit/537.36 (KHTML, like Gecko) Chrome/55.0.2883.87 Safari/537.36"
::1 - - [13/Jun/2017:05:39:43 +0000] "GET /style.css HTTP/1.1" 304 - "http://localhost:3000/" "Mozilla/5.0 (Windows NT 10.0; WOW64) AppleWebKit/537.36 (KHTML, like Gecko) Chrome/55.0.2883.87 Safari/537.36"
::1 - - [13/Jun/2017:05:39:43 +0000] "GET /home.js HTTP/1.1" 304 - "http://localhost:3000/" "Mozilla/5.0 (Windows NT 10.0; WOW64) AppleWebKit/537.36 (KHTML, like Gecko) Chrome/55.0.2883.87 Safari/537.36"
::1 - - [13/Jun/2017:05:39:43 +0000] "GET /jquery.min.js HTTP/1.1" 304 - "http://localhost:3000/" "Mozilla/5.0 (Windows NT 10.0; WOW64) AppleWebKit/537.36 (KHTML, like Gecko) Chrome/55.0.2883.87 Safari/537.36"
::1 - - [13/Jun/2017:05:40:32 +0000] "GET /api/rooms HTTP/1.1" 304 - "http://localhost:3000/" "Mozilla/5.0 (Windows NT 10.0; WOW64) AppleWebKit/537.36 (KHTML, like Gecko) Chrome/55.0.2883.87 Safari/537.36"
::1 - - [13/Jun/2017:05:40:33 +0000] "GET /api/rooms/f2754172-1c58-41ed-ae84-74e046888adb/messages HTTP/1.1" 304 - "http://localhost:3000/" "Mozilla/5.0 (Windows NT 10.0; WOW64) AppleWebKit/537.36 (KHTML, like Gecko) Chrome/55.0.2883.87 Safari/537.36"
::1 - - [13/Jun/2017:05:40:51 +0000] "POST /api/rooms/f2754172-1c58-41ed-ae84-74e046888adb/messages HTTP/1.1" 200 2 "http://localhost:3000/" "Mozilla/5.0 (Windows NT 10.0; WOW64) AppleWebKit/537.36 (KHTML, like Gecko) Chrome/55.0.2883.87 Safari/537.36"
::1 - - [13/Jun/2017:05:40:52 +0000] "GET /api/rooms/f2754172-1c58-41ed-ae84-74e046888adb/messages HTTP/1.1" 200 191 "http://localhost:3000/" "Mozilla/5.0 (Windows NT 10.0; WOW64) AppleWebKit/537.36 (KHTML, like Gecko) Chrome/55.0.2883.87 Safari/537.36"
::1 - - [13/Jun/2017:06:24:55 +0000] "GET / HTTP/1.1" 302 56 "-" "Mozilla/5.0 (Windows NT 10.0; WOW64) AppleWebKit/537.36 (KHTML, like Gecko) Chrome/55.0.2883.87 Safari/537.36"
::1 - - [13/Jun/2017:06:24:55 +0000] "GET /login HTTP/1.1" 302 46 "-" "Mozilla/5.0 (Windows NT 10.0; WOW64) AppleWebKit/537.36 (KHTML, like Gecko) Chrome/55.0.2883.87 Safari/537.36"
::1 - - [13/Jun/2017:06:24:55 +0000] "GET / HTTP/1.1" 500 1242 "-" "Mozilla/5.0 (Windows NT 10.0; WOW64) AppleWebKit/537.36 (KHTML, like Gecko) Chrome/55.0.2883.87 Safari/537.36"
::1 - - [13/Jun/2017:06:25:27 +0000] "GET / HTTP/1.1" 302 56 "-" "Mozilla/5.0 (Windows NT 10.0; WOW64) AppleWebKit/537.36 (KHTML, like Gecko) Chrome/55.0.2883.87 Safari/537.36"
::1 - - [13/Jun/2017:06:25:27 +0000] "GET /login HTTP/1.1" 302 46 "-" "Mozilla/5.0 (Windows NT 10.0; WOW64) AppleWebKit/537.36 (KHTML, like Gecko) Chrome/55.0.2883.87 Safari/537.36"
::1 - - [13/Jun/2017:06:25:28 +0000] "GET / HTTP/1.1" 200 1328 "-" "Mozilla/5.0 (Windows NT 10.0; WOW64) AppleWebKit/537.36 (KHTML, like Gecko) Chrome/55.0.2883.87 Safari/537.36"
::1 - - [13/Jun/2017:06:25:28 +0000] "GET /style.css HTTP/1.1" 304 - "http://localhost:3000/" "Mozilla/5.0 (Windows NT 10.0; WOW64) AppleWebKit/537.36 (KHTML, like Gecko) Chrome/55.0.2883.87 Safari/537.36"
::1 - - [13/Jun/2017:06:25:28 +0000] "GET /home.js HTTP/1.1" 304 - "http://localhost:3000/" "Mozilla/5.0 (Windows NT 10.0; WOW64) AppleWebKit/537.36 (KHTML, like Gecko) Chrome/55.0.2883.87 Safari/537.36"
::1 - - [13/Jun/2017:06:25:28 +0000] "GET /css/bootstrap.min.css HTTP/1.1" 304 - "http://localhost:3000/" "Mozilla/5.0 (Windows NT 10.0; WOW64) AppleWebKit/537.36 (KHTML, like Gecko) Chrome/55.0.2883.87 Safari/537.36"
::1 - - [13/Jun/2017:06:25:28 +0000] "GET /jquery.min.js HTTP/1.1" 304 - "http://localhost:3000/" "Mozilla/5.0 (Windows NT 10.0; WOW64) AppleWebKit/537.36 (KHTML, like Gecko) Chrome/55.0.2883.87 Safari/537.36"
::1 - - [13/Jun/2017:06:25:28 +0000] "GET /api/rooms HTTP/1.1" 304 - "http://localhost:3000/" "Mozilla/5.0 (Windows NT 10.0; WOW64) AppleWebKit/537.36 (KHTML, like Gecko) Chrome/55.0.2883.87 Safari/537.36"
::1 - - [13/Jun/2017:06:25:28 +0000] "GET /api/rooms/f2754172-1c58-41ed-ae84-74e046888adb/messages HTTP/1.1" 200 172 "http://localhost:3000/" "Mozilla/5.0 (Windows NT 10.0; WOW64) AppleWebKit/537.36 (KHTML, like Gecko) Chrome/55.0.2883.87 Safari/537.36"
::1 - - [13/Jun/2017:06:37:55 +0000] "GET / HTTP/1.1" 302 56 "-" "Mozilla/5.0 (Windows NT 10.0; WOW64) AppleWebKit/537.36 (KHTML, like Gecko) Chrome/55.0.2883.87 Safari/537.36"
::1 - - [13/Jun/2017:06:37:55 +0000] "GET /login HTTP/1.1" 302 46 "-" "Mozilla/5.0 (Windows NT 10.0; WOW64) AppleWebKit/537.36 (KHTML, like Gecko) Chrome/55.0.2883.87 Safari/537.36"
::1 - - [13/Jun/2017:06:37:56 +0000] "GET / HTTP/1.1" 200 1328 "-" "Mozilla/5.0 (Windows NT 10.0; WOW64) AppleWebKit/537.36 (KHTML, like Gecko) Chrome/55.0.2883.87 Safari/537.36"
::1 - - [13/Jun/2017:06:38:46 +0000] "GET / HTTP/1.1" 302 56 "-" "Mozilla/5.0 (Windows NT 10.0; WOW64) AppleWebKit/537.36 (KHTML, like Gecko) Chrome/55.0.2883.87 Safari/537.36"
::1 - - [13/Jun/2017:06:38:46 +0000] "GET /login HTTP/1.1" 302 46 "-" "Mozilla/5.0 (Windows NT 10.0; WOW64) AppleWebKit/537.36 (KHTML, like Gecko) Chrome/55.0.2883.87 Safari/537.36"
::1 - - [13/Jun/2017:06:38:46 +0000] "GET / HTTP/1.1" 200 1328 "-" "Mozilla/5.0 (Windows NT 10.0; WOW64) AppleWebKit/537.36 (KHTML, like Gecko) Chrome/55.0.2883.87 Safari/537.36"
::1 - - [13/Jun/2017:06:39:42 +0000] "GET / HTTP/1.1" 302 56 "-" "Mozilla/5.0 (Windows NT 10.0; WOW64) AppleWebKit/537.36 (KHTML, like Gecko) Chrome/55.0.2883.87 Safari/537.36"
::1 - - [13/Jun/2017:06:39:42 +0000] "GET /login HTTP/1.1" 302 46 "-" "Mozilla/5.0 (Windows NT 10.0; WOW64) AppleWebKit/537.36 (KHTML, like Gecko) Chrome/55.0.2883.87 Safari/537.36"
::1 - - [13/Jun/2017:06:39:43 +0000] "GET / HTTP/1.1" 200 1328 "-" "Mozilla/5.0 (Windows NT 10.0; WOW64) AppleWebKit/537.36 (KHTML, like Gecko) Chrome/55.0.2883.87 Safari/537.36"
::1 - - [13/Jun/2017:06:41:11 +0000] "GET / HTTP/1.1" 302 56 "-" "Mozilla/5.0 (Windows NT 10.0; WOW64) AppleWebKit/537.36 (KHTML, like Gecko) Chrome/55.0.2883.87 Safari/537.36"
::1 - - [13/Jun/2017:06:41:11 +0000] "GET /login HTTP/1.1" 302 46 "-" "Mozilla/5.0 (Windows NT 10.0; WOW64) AppleWebKit/537.36 (KHTML, like Gecko) Chrome/55.0.2883.87 Safari/537.36"
::1 - - [13/Jun/2017:06:41:12 +0000] "GET / HTTP/1.1" 200 1328 "-" "Mozilla/5.0 (Windows NT 10.0; WOW64) AppleWebKit/537.36 (KHTML, like Gecko) Chrome/55.0.2883.87 Safari/537.36"
::1 - - [13/Jun/2017:06:41:12 +0000] "GET /style.css HTTP/1.1" 304 - "http://localhost:3000/" "Mozilla/5.0 (Windows NT 10.0; WOW64) AppleWebKit/537.36 (KHTML, like Gecko) Chrome/55.0.2883.87 Safari/537.36"
::1 - - [13/Jun/2017:06:41:12 +0000] "GET /home.js HTTP/1.1" 304 - "http://localhost:3000/" "Mozilla/5.0 (Windows NT 10.0; WOW64) AppleWebKit/537.36 (KHTML, like Gecko) Chrome/55.0.2883.87 Safari/537.36"
::1 - - [13/Jun/2017:06:41:12 +0000] "GET /css/bootstrap.min.css HTTP/1.1" 304 - "http://localhost:3000/" "Mozilla/5.0 (Windows NT 10.0; WOW64) AppleWebKit/537.36 (KHTML, like Gecko) Chrome/55.0.2883.87 Safari/537.36"
::1 - - [13/Jun/2017:06:41:12 +0000] "GET /jquery.min.js HTTP/1.1" 304 - "http://localhost:3000/" "Mozilla/5.0 (Windows NT 10.0; WOW64) AppleWebKit/537.36 (KHTML, like Gecko) Chrome/55.0.2883.87 Safari/537.36"
::1 - - [13/Jun/2017:06:41:12 +0000] "GET /api/rooms HTTP/1.1" 304 - "http://localhost:3000/" "Mozilla/5.0 (Windows NT 10.0; WOW64) AppleWebKit/537.36 (KHTML, like Gecko) Chrome/55.0.2883.87 Safari/537.36"
::1 - - [13/Jun/2017:06:41:12 +0000] "GET /api/rooms/f2754172-1c58-41ed-ae84-74e046888adb/messages HTTP/1.1" 304 - "http://localhost:3000/" "Mozilla/5.0 (Windows NT 10.0; WOW64) AppleWebKit/537.36 (KHTML, like Gecko) Chrome/55.0.2883.87 Safari/537.36"
::1 - - [13/Jun/2017:06:42:39 +0000] "GET / HTTP/1.1" 302 56 "-" "Mozilla/5.0 (Windows NT 10.0; WOW64) AppleWebKit/537.36 (KHTML, like Gecko) Chrome/55.0.2883.87 Safari/537.36"
::1 - - [13/Jun/2017:06:42:39 +0000] "GET /login HTTP/1.1" 302 46 "-" "Mozilla/5.0 (Windows NT 10.0; WOW64) AppleWebKit/537.36 (KHTML, like Gecko) Chrome/55.0.2883.87 Safari/537.36"
::1 - - [13/Jun/2017:06:42:39 +0000] "GET / HTTP/1.1" 200 1328 "-" "Mozilla/5.0 (Windows NT 10.0; WOW64) AppleWebKit/537.36 (KHTML, like Gecko) Chrome/55.0.2883.87 Safari/537.36"
::1 - - [13/Jun/2017:06:42:39 +0000] "GET /style.css HTTP/1.1" 304 - "http://localhost:3000/" "Mozilla/5.0 (Windows NT 10.0; WOW64) AppleWebKit/537.36 (KHTML, like Gecko) Chrome/55.0.2883.87 Safari/537.36"
::1 - - [13/Jun/2017:06:42:39 +0000] "GET /home.js HTTP/1.1" 304 - "http://localhost:3000/" "Mozilla/5.0 (Windows NT 10.0; WOW64) AppleWebKit/537.36 (KHTML, like Gecko) Chrome/55.0.2883.87 Safari/537.36"
::1 - - [13/Jun/2017:06:42:39 +0000] "GET /css/bootstrap.min.css HTTP/1.1" 304 - "http://localhost:3000/" "Mozilla/5.0 (Windows NT 10.0; WOW64) AppleWebKit/537.36 (KHTML, like Gecko) Chrome/55.0.2883.87 Safari/537.36"
::1 - - [13/Jun/2017:06:42:39 +0000] "GET /jquery.min.js HTTP/1.1" 304 - "http://localhost:3000/" "Mozilla/5.0 (Windows NT 10.0; WOW64) AppleWebKit/537.36 (KHTML, like Gecko) Chrome/55.0.2883.87 Safari/537.36"
::1 - - [13/Jun/2017:06:42:39 +0000] "GET /api/rooms HTTP/1.1" 304 - "http://localhost:3000/" "Mozilla/5.0 (Windows NT 10.0; WOW64) AppleWebKit/537.36 (KHTML, like Gecko) Chrome/55.0.2883.87 Safari/537.36"
::1 - - [13/Jun/2017:06:42:39 +0000] "GET /api/rooms/f2754172-1c58-41ed-ae84-74e046888adb/messages HTTP/1.1" 304 - "http://localhost:3000/" "Mozilla/5.0 (Windows NT 10.0; WOW64) AppleWebKit/537.36 (KHTML, like Gecko) Chrome/55.0.2883.87 Safari/537.36"
::1 - - [13/Jun/2017:06:43:27 +0000] "GET / HTTP/1.1" 302 56 "-" "Mozilla/5.0 (Windows NT 10.0; WOW64) AppleWebKit/537.36 (KHTML, like Gecko) Chrome/55.0.2883.87 Safari/537.36"
::1 - - [13/Jun/2017:06:43:27 +0000] "GET /login HTTP/1.1" 302 46 "-" "Mozilla/5.0 (Windows NT 10.0; WOW64) AppleWebKit/537.36 (KHTML, like Gecko) Chrome/55.0.2883.87 Safari/537.36"
::1 - - [13/Jun/2017:06:43:27 +0000] "GET / HTTP/1.1" 200 1328 "-" "Mozilla/5.0 (Windows NT 10.0; WOW64) AppleWebKit/537.36 (KHTML, like Gecko) Chrome/55.0.2883.87 Safari/537.36"
::1 - - [13/Jun/2017:06:43:27 +0000] "GET /style.css HTTP/1.1" 304 - "http://localhost:3000/" "Mozilla/5.0 (Windows NT 10.0; WOW64) AppleWebKit/537.36 (KHTML, like Gecko) Chrome/55.0.2883.87 Safari/537.36"
::1 - - [13/Jun/2017:06:43:27 +0000] "GET /home.js HTTP/1.1" 304 - "http://localhost:3000/" "Mozilla/5.0 (Windows NT 10.0; WOW64) AppleWebKit/537.36 (KHTML, like Gecko) Chrome/55.0.2883.87 Safari/537.36"
::1 - - [13/Jun/2017:06:43:27 +0000] "GET /css/bootstrap.min.css HTTP/1.1" 304 - "http://localhost:3000/" "Mozilla/5.0 (Windows NT 10.0; WOW64) AppleWebKit/537.36 (KHTML, like Gecko) Chrome/55.0.2883.87 Safari/537.36"
::1 - - [13/Jun/2017:06:43:27 +0000] "GET /jquery.min.js HTTP/1.1" 304 - "http://localhost:3000/" "Mozilla/5.0 (Windows NT 10.0; WOW64) AppleWebKit/537.36 (KHTML, like Gecko) Chrome/55.0.2883.87 Safari/537.36"
::1 - - [13/Jun/2017:06:43:27 +0000] "GET /api/rooms HTTP/1.1" 304 - "http://localhost:3000/" "Mozilla/5.0 (Windows NT 10.0; WOW64) AppleWebKit/537.36 (KHTML, like Gecko) Chrome/55.0.2883.87 Safari/537.36"
::1 - - [13/Jun/2017:06:43:27 +0000] "GET /api/rooms/f2754172-1c58-41ed-ae84-74e046888adb/messages HTTP/1.1" 304 - "http://localhost:3000/" "Mozilla/5.0 (Windows NT 10.0; WOW64) AppleWebKit/537.36 (KHTML, like Gecko) Chrome/55.0.2883.87 Safari/537.36"
::1 - - [13/Jun/2017:06:44:17 +0000] "GET / HTTP/1.1" 302 56 "-" "Mozilla/5.0 (Windows NT 10.0; WOW64) AppleWebKit/537.36 (KHTML, like Gecko) Chrome/55.0.2883.87 Safari/537.36"
::1 - - [13/Jun/2017:06:44:17 +0000] "GET /login HTTP/1.1" 302 46 "-" "Mozilla/5.0 (Windows NT 10.0; WOW64) AppleWebKit/537.36 (KHTML, like Gecko) Chrome/55.0.2883.87 Safari/537.36"
::1 - - [13/Jun/2017:06:44:18 +0000] "GET / HTTP/1.1" 200 1328 "-" "Mozilla/5.0 (Windows NT 10.0; WOW64) AppleWebKit/537.36 (KHTML, like Gecko) Chrome/55.0.2883.87 Safari/537.36"
::1 - - [13/Jun/2017:06:44:18 +0000] "GET /style.css HTTP/1.1" 304 - "http://localhost:3000/" "Mozilla/5.0 (Windows NT 10.0; WOW64) AppleWebKit/537.36 (KHTML, like Gecko) Chrome/55.0.2883.87 Safari/537.36"
::1 - - [13/Jun/2017:06:44:18 +0000] "GET /home.js HTTP/1.1" 304 - "http://localhost:3000/" "Mozilla/5.0 (Windows NT 10.0; WOW64) AppleWebKit/537.36 (KHTML, like Gecko) Chrome/55.0.2883.87 Safari/537.36"
::1 - - [13/Jun/2017:06:44:18 +0000] "GET /css/bootstrap.min.css HTTP/1.1" 304 - "http://localhost:3000/" "Mozilla/5.0 (Windows NT 10.0; WOW64) AppleWebKit/537.36 (KHTML, like Gecko) Chrome/55.0.2883.87 Safari/537.36"
::1 - - [13/Jun/2017:06:44:18 +0000] "GET /jquery.min.js HTTP/1.1" 304 - "http://localhost:3000/" "Mozilla/5.0 (Windows NT 10.0; WOW64) AppleWebKit/537.36 (KHTML, like Gecko) Chrome/55.0.2883.87 Safari/537.36"
::1 - - [13/Jun/2017:06:44:18 +0000] "GET /api/rooms HTTP/1.1" 304 - "http://localhost:3000/" "Mozilla/5.0 (Windows NT 10.0; WOW64) AppleWebKit/537.36 (KHTML, like Gecko) Chrome/55.0.2883.87 Safari/537.36"
::1 - - [13/Jun/2017:06:44:18 +0000] "GET /api/rooms/f2754172-1c58-41ed-ae84-74e046888adb/messages HTTP/1.1" 304 - "http://localhost:3000/" "Mozilla/5.0 (Windows NT 10.0; WOW64) AppleWebKit/537.36 (KHTML, like Gecko) Chrome/55.0.2883.87 Safari/537.36"
::1 - - [13/Jun/2017:06:45:39 +0000] "GET / HTTP/1.1" 302 56 "-" "Mozilla/5.0 (Windows NT 10.0; WOW64) AppleWebKit/537.36 (KHTML, like Gecko) Chrome/55.0.2883.87 Safari/537.36"
::1 - - [13/Jun/2017:06:45:39 +0000] "GET /login HTTP/1.1" 302 46 "-" "Mozilla/5.0 (Windows NT 10.0; WOW64) AppleWebKit/537.36 (KHTML, like Gecko) Chrome/55.0.2883.87 Safari/537.36"
::1 - - [13/Jun/2017:06:45:40 +0000] "GET / HTTP/1.1" 200 1328 "-" "Mozilla/5.0 (Windows NT 10.0; WOW64) AppleWebKit/537.36 (KHTML, like Gecko) Chrome/55.0.2883.87 Safari/537.36"
::1 - - [13/Jun/2017:06:45:40 +0000] "GET /style.css HTTP/1.1" 304 - "http://localhost:3000/" "Mozilla/5.0 (Windows NT 10.0; WOW64) AppleWebKit/537.36 (KHTML, like Gecko) Chrome/55.0.2883.87 Safari/537.36"
::1 - - [13/Jun/2017:06:45:40 +0000] "GET /home.js HTTP/1.1" 304 - "http://localhost:3000/" "Mozilla/5.0 (Windows NT 10.0; WOW64) AppleWebKit/537.36 (KHTML, like Gecko) Chrome/55.0.2883.87 Safari/537.36"
::1 - - [13/Jun/2017:06:45:40 +0000] "GET /css/bootstrap.min.css HTTP/1.1" 304 - "http://localhost:3000/" "Mozilla/5.0 (Windows NT 10.0; WOW64) AppleWebKit/537.36 (KHTML, like Gecko) Chrome/55.0.2883.87 Safari/537.36"
::1 - - [13/Jun/2017:06:45:40 +0000] "GET /jquery.min.js HTTP/1.1" 304 - "http://localhost:3000/" "Mozilla/5.0 (Windows NT 10.0; WOW64) AppleWebKit/537.36 (KHTML, like Gecko) Chrome/55.0.2883.87 Safari/537.36"
::1 - - [13/Jun/2017:06:45:40 +0000] "GET /api/rooms HTTP/1.1" 304 - "http://localhost:3000/" "Mozilla/5.0 (Windows NT 10.0; WOW64) AppleWebKit/537.36 (KHTML, like Gecko) Chrome/55.0.2883.87 Safari/537.36"
::1 - - [13/Jun/2017:06:45:40 +0000] "GET /api/rooms/f2754172-1c58-41ed-ae84-74e046888adb/messages HTTP/1.1" 304 - "http://localhost:3000/" "Mozilla/5.0 (Windows NT 10.0; WOW64) AppleWebKit/537.36 (KHTML, like Gecko) Chrome/55.0.2883.87 Safari/537.36"
::1 - - [13/Jun/2017:06:46:25 +0000] "GET / HTTP/1.1" 302 56 "-" "Mozilla/5.0 (Windows NT 10.0; WOW64) AppleWebKit/537.36 (KHTML, like Gecko) Chrome/55.0.2883.87 Safari/537.36"
::1 - - [13/Jun/2017:06:46:25 +0000] "GET /login HTTP/1.1" 302 46 "-" "Mozilla/5.0 (Windows NT 10.0; WOW64) AppleWebKit/537.36 (KHTML, like Gecko) Chrome/55.0.2883.87 Safari/537.36"
::1 - - [13/Jun/2017:06:46:25 +0000] "GET / HTTP/1.1" 200 1328 "-" "Mozilla/5.0 (Windows NT 10.0; WOW64) AppleWebKit/537.36 (KHTML, like Gecko) Chrome/55.0.2883.87 Safari/537.36"
::1 - - [13/Jun/2017:06:46:25 +0000] "GET /style.css HTTP/1.1" 304 - "http://localhost:3000/" "Mozilla/5.0 (Windows NT 10.0; WOW64) AppleWebKit/537.36 (KHTML, like Gecko) Chrome/55.0.2883.87 Safari/537.36"
::1 - - [13/Jun/2017:06:46:25 +0000] "GET /home.js HTTP/1.1" 304 - "http://localhost:3000/" "Mozilla/5.0 (Windows NT 10.0; WOW64) AppleWebKit/537.36 (KHTML, like Gecko) Chrome/55.0.2883.87 Safari/537.36"
::1 - - [13/Jun/2017:06:46:25 +0000] "GET /css/bootstrap.min.css HTTP/1.1" 304 - "http://localhost:3000/" "Mozilla/5.0 (Windows NT 10.0; WOW64) AppleWebKit/537.36 (KHTML, like Gecko) Chrome/55.0.2883.87 Safari/537.36"
::1 - - [13/Jun/2017:06:46:25 +0000] "GET /jquery.min.js HTTP/1.1" 304 - "http://localhost:3000/" "Mozilla/5.0 (Windows NT 10.0; WOW64) AppleWebKit/537.36 (KHTML, like Gecko) Chrome/55.0.2883.87 Safari/537.36"
::1 - - [13/Jun/2017:06:46:25 +0000] "GET /api/rooms HTTP/1.1" 304 - "http://localhost:3000/" "Mozilla/5.0 (Windows NT 10.0; WOW64) AppleWebKit/537.36 (KHTML, like Gecko) Chrome/55.0.2883.87 Safari/537.36"
::1 - - [13/Jun/2017:06:46:25 +0000] "GET /api/rooms/f2754172-1c58-41ed-ae84-74e046888adb/messages HTTP/1.1" 304 - "http://localhost:3000/" "Mozilla/5.0 (Windows NT 10.0; WOW64) AppleWebKit/537.36 (KHTML, like Gecko) Chrome/55.0.2883.87 Safari/537.36"
::1 - - [13/Jun/2017:06:47:14 +0000] "GET / HTTP/1.1" 302 56 "-" "Mozilla/5.0 (Windows NT 10.0; WOW64) AppleWebKit/537.36 (KHTML, like Gecko) Chrome/55.0.2883.87 Safari/537.36"
::1 - - [13/Jun/2017:06:47:14 +0000] "GET /login HTTP/1.1" 302 46 "-" "Mozilla/5.0 (Windows NT 10.0; WOW64) AppleWebKit/537.36 (KHTML, like Gecko) Chrome/55.0.2883.87 Safari/537.36"
::1 - - [13/Jun/2017:06:47:14 +0000] "GET / HTTP/1.1" 200 1328 "-" "Mozilla/5.0 (Windows NT 10.0; WOW64) AppleWebKit/537.36 (KHTML, like Gecko) Chrome/55.0.2883.87 Safari/537.36"
::1 - - [13/Jun/2017:06:47:14 +0000] "GET /style.css HTTP/1.1" 304 - "http://localhost:3000/" "Mozilla/5.0 (Windows NT 10.0; WOW64) AppleWebKit/537.36 (KHTML, like Gecko) Chrome/55.0.2883.87 Safari/537.36"
::1 - - [13/Jun/2017:06:47:14 +0000] "GET /home.js HTTP/1.1" 304 - "http://localhost:3000/" "Mozilla/5.0 (Windows NT 10.0; WOW64) AppleWebKit/537.36 (KHTML, like Gecko) Chrome/55.0.2883.87 Safari/537.36"
::1 - - [13/Jun/2017:06:47:14 +0000] "GET /css/bootstrap.min.css HTTP/1.1" 304 - "http://localhost:3000/" "Mozilla/5.0 (Windows NT 10.0; WOW64) AppleWebKit/537.36 (KHTML, like Gecko) Chrome/55.0.2883.87 Safari/537.36"
::1 - - [13/Jun/2017:06:47:14 +0000] "GET /jquery.min.js HTTP/1.1" 304 - "http://localhost:3000/" "Mozilla/5.0 (Windows NT 10.0; WOW64) AppleWebKit/537.36 (KHTML, like Gecko) Chrome/55.0.2883.87 Safari/537.36"
::1 - - [13/Jun/2017:06:47:14 +0000] "GET /api/rooms HTTP/1.1" 304 - "http://localhost:3000/" "Mozilla/5.0 (Windows NT 10.0; WOW64) AppleWebKit/537.36 (KHTML, like Gecko) Chrome/55.0.2883.87 Safari/537.36"
::1 - - [13/Jun/2017:06:47:14 +0000] "GET /api/rooms/f2754172-1c58-41ed-ae84-74e046888adb/messages HTTP/1.1" 304 - "http://localhost:3000/" "Mozilla/5.0 (Windows NT 10.0; WOW64) AppleWebKit/537.36 (KHTML, like Gecko) Chrome/55.0.2883.87 Safari/537.36"
::1 - - [13/Jun/2017:07:21:39 +0000] "GET /api/rooms/c636d9e6-d1d4-4194-89f2-154643fbf9b9/messages HTTP/1.1" 200 87 "http://localhost:3000/" "Mozilla/5.0 (Windows NT 10.0; WOW64) AppleWebKit/537.36 (KHTML, like Gecko) Chrome/55.0.2883.87 Safari/537.36"
::1 - - [13/Jun/2017:07:21:41 +0000] "GET /api/rooms/f2754172-1c58-41ed-ae84-74e046888adb/messages HTTP/1.1" 304 - "http://localhost:3000/" "Mozilla/5.0 (Windows NT 10.0; WOW64) AppleWebKit/537.36 (KHTML, like Gecko) Chrome/55.0.2883.87 Safari/537.36"
::1 - - [13/Jun/2017:07:21:42 +0000] "GET /api/rooms/3c3c7ae8-6f8e-4136-9c8c-308a1fd2a9ec/messages HTTP/1.1" 200 90 "http://localhost:3000/" "Mozilla/5.0 (Windows NT 10.0; WOW64) AppleWebKit/537.36 (KHTML, like Gecko) Chrome/55.0.2883.87 Safari/537.36"
::1 - - [13/Jun/2017:07:21:42 +0000] "GET /api/rooms/a2e102c9-906c-4162-9d43-122e90f353d9/messages HTTP/1.1" 200 89 "http://localhost:3000/" "Mozilla/5.0 (Windows NT 10.0; WOW64) AppleWebKit/537.36 (KHTML, like Gecko) Chrome/55.0.2883.87 Safari/537.36"
::1 - - [13/Jun/2017:07:22:29 +0000] "GET /api/rooms/f2754172-1c58-41ed-ae84-74e046888adb/messages HTTP/1.1" 304 - "http://localhost:3000/" "Mozilla/5.0 (Windows NT 10.0; WOW64) AppleWebKit/537.36 (KHTML, like Gecko) Chrome/55.0.2883.87 Safari/537.36"
::1 - - [13/Jun/2017:07:22:30 +0000] "GET /api/rooms/c636d9e6-d1d4-4194-89f2-154643fbf9b9/messages HTTP/1.1" 304 - "http://localhost:3000/" "Mozilla/5.0 (Windows NT 10.0; WOW64) AppleWebKit/537.36 (KHTML, like Gecko) Chrome/55.0.2883.87 Safari/537.36"
::1 - - [13/Jun/2017:07:22:31 +0000] "GET /api/rooms/3c3c7ae8-6f8e-4136-9c8c-308a1fd2a9ec/messages HTTP/1.1" 304 - "http://localhost:3000/" "Mozilla/5.0 (Windows NT 10.0; WOW64) AppleWebKit/537.36 (KHTML, like Gecko) Chrome/55.0.2883.87 Safari/537.36"
::1 - - [13/Jun/2017:07:22:31 +0000] "GET /api/rooms/a2e102c9-906c-4162-9d43-122e90f353d9/messages HTTP/1.1" 304 - "http://localhost:3000/" "Mozilla/5.0 (Windows NT 10.0; WOW64) AppleWebKit/537.36 (KHTML, like Gecko) Chrome/55.0.2883.87 Safari/537.36"
::1 - - [13/Jun/2017:07:22:32 +0000] "GET /api/rooms/3c3c7ae8-6f8e-4136-9c8c-308a1fd2a9ec/messages HTTP/1.1" 304 - "http://localhost:3000/" "Mozilla/5.0 (Windows NT 10.0; WOW64) AppleWebKit/537.36 (KHTML, like Gecko) Chrome/55.0.2883.87 Safari/537.36"
::1 - - [13/Jun/2017:07:22:32 +0000] "GET /api/rooms/c636d9e6-d1d4-4194-89f2-154643fbf9b9/messages HTTP/1.1" 304 - "http://localhost:3000/" "Mozilla/5.0 (Windows NT 10.0; WOW64) AppleWebKit/537.36 (KHTML, like Gecko) Chrome/55.0.2883.87 Safari/537.36"
::1 - - [13/Jun/2017:07:22:33 +0000] "GET /api/rooms/f2754172-1c58-41ed-ae84-74e046888adb/messages HTTP/1.1" 304 - "http://localhost:3000/" "Mozilla/5.0 (Windows NT 10.0; WOW64) AppleWebKit/537.36 (KHTML, like Gecko) Chrome/55.0.2883.87 Safari/537.36"
::1 - - [13/Jun/2017:07:22:34 +0000] "GET /api/rooms/c636d9e6-d1d4-4194-89f2-154643fbf9b9/messages HTTP/1.1" 304 - "http://localhost:3000/" "Mozilla/5.0 (Windows NT 10.0; WOW64) AppleWebKit/537.36 (KHTML, like Gecko) Chrome/55.0.2883.87 Safari/537.36"
::1 - - [13/Jun/2017:07:22:34 +0000] "GET /api/rooms/3c3c7ae8-6f8e-4136-9c8c-308a1fd2a9ec/messages HTTP/1.1" 304 - "http://localhost:3000/" "Mozilla/5.0 (Windows NT 10.0; WOW64) AppleWebKit/537.36 (KHTML, like Gecko) Chrome/55.0.2883.87 Safari/537.36"
::1 - - [13/Jun/2017:07:22:35 +0000] "GET /api/rooms/a2e102c9-906c-4162-9d43-122e90f353d9/messages HTTP/1.1" 304 - "http://localhost:3000/" "Mozilla/5.0 (Windows NT 10.0; WOW64) AppleWebKit/537.36 (KHTML, like Gecko) Chrome/55.0.2883.87 Safari/537.36"
::1 - - [13/Jun/2017:07:22:36 +0000] "GET /api/rooms/f2754172-1c58-41ed-ae84-74e046888adb/messages HTTP/1.1" 304 - "http://localhost:3000/" "Mozilla/5.0 (Windows NT 10.0; WOW64) AppleWebKit/537.36 (KHTML, like Gecko) Chrome/55.0.2883.87 Safari/537.36"
::1 - - [13/Jun/2017:07:28:37 +0000] "GET / HTTP/1.1" 302 56 "-" "Mozilla/5.0 (Windows NT 10.0; WOW64) AppleWebKit/537.36 (KHTML, like Gecko) Chrome/55.0.2883.87 Safari/537.36"
::1 - - [13/Jun/2017:07:28:37 +0000] "GET /login HTTP/1.1" 302 46 "-" "Mozilla/5.0 (Windows NT 10.0; WOW64) AppleWebKit/537.36 (KHTML, like Gecko) Chrome/55.0.2883.87 Safari/537.36"
::1 - - [13/Jun/2017:07:28:37 +0000] "GET / HTTP/1.1" 200 1328 "-" "Mozilla/5.0 (Windows NT 10.0; WOW64) AppleWebKit/537.36 (KHTML, like Gecko) Chrome/55.0.2883.87 Safari/537.36"
::1 - - [13/Jun/2017:07:52:11 +0000] "GET / HTTP/1.1" 302 56 "-" "Mozilla/5.0 (Windows NT 10.0; WOW64) AppleWebKit/537.36 (KHTML, like Gecko) Chrome/55.0.2883.87 Safari/537.36"
::1 - - [13/Jun/2017:07:52:11 +0000] "GET /login HTTP/1.1" 302 46 "-" "Mozilla/5.0 (Windows NT 10.0; WOW64) AppleWebKit/537.36 (KHTML, like Gecko) Chrome/55.0.2883.87 Safari/537.36"
::1 - - [13/Jun/2017:07:52:11 +0000] "GET / HTTP/1.1" 200 1328 "-" "Mozilla/5.0 (Windows NT 10.0; WOW64) AppleWebKit/537.36 (KHTML, like Gecko) Chrome/55.0.2883.87 Safari/537.36"
::1 - - [13/Jun/2017:07:52:11 +0000] "GET /style.css HTTP/1.1" 304 - "http://localhost:3000/" "Mozilla/5.0 (Windows NT 10.0; WOW64) AppleWebKit/537.36 (KHTML, like Gecko) Chrome/55.0.2883.87 Safari/537.36"
::1 - - [13/Jun/2017:07:52:11 +0000] "GET /home.js HTTP/1.1" 304 - "http://localhost:3000/" "Mozilla/5.0 (Windows NT 10.0; WOW64) AppleWebKit/537.36 (KHTML, like Gecko) Chrome/55.0.2883.87 Safari/537.36"
::1 - - [13/Jun/2017:07:52:11 +0000] "GET /css/bootstrap.min.css HTTP/1.1" 304 - "http://localhost:3000/" "Mozilla/5.0 (Windows NT 10.0; WOW64) AppleWebKit/537.36 (KHTML, like Gecko) Chrome/55.0.2883.87 Safari/537.36"
::1 - - [13/Jun/2017:07:52:11 +0000] "GET /jquery.min.js HTTP/1.1" 304 - "http://localhost:3000/" "Mozilla/5.0 (Windows NT 10.0; WOW64) AppleWebKit/537.36 (KHTML, like Gecko) Chrome/55.0.2883.87 Safari/537.36"
::1 - - [13/Jun/2017:07:52:11 +0000] "GET /api/rooms HTTP/1.1" 304 - "http://localhost:3000/" "Mozilla/5.0 (Windows NT 10.0; WOW64) AppleWebKit/537.36 (KHTML, like Gecko) Chrome/55.0.2883.87 Safari/537.36"
::1 - - [13/Jun/2017:07:52:11 +0000] "GET /api/rooms/f2754172-1c58-41ed-ae84-74e046888adb/messages HTTP/1.1" 304 - "http://localhost:3000/" "Mozilla/5.0 (Windows NT 10.0; WOW64) AppleWebKit/537.36 (KHTML, like Gecko) Chrome/55.0.2883.87 Safari/537.36"
::1 - - [13/Jun/2017:10:37:49 +0000] "GET / HTTP/1.1" 200 1328 "-" "Mozilla/5.0 (Windows NT 10.0; WOW64) AppleWebKit/537.36 (KHTML, like Gecko) Chrome/55.0.2883.87 Safari/537.36"
::1 - - [13/Jun/2017:10:37:49 +0000] "GET /style.css HTTP/1.1" 200 74 "http://localhost:3000/" "Mozilla/5.0 (Windows NT 10.0; WOW64) AppleWebKit/537.36 (KHTML, like Gecko) Chrome/55.0.2883.87 Safari/537.36"
::1 - - [13/Jun/2017:10:37:49 +0000] "GET /home.js HTTP/1.1" 200 1607 "http://localhost:3000/" "Mozilla/5.0 (Windows NT 10.0; WOW64) AppleWebKit/537.36 (KHTML, like Gecko) Chrome/55.0.2883.87 Safari/537.36"
::1 - - [13/Jun/2017:10:37:49 +0000] "GET /css/bootstrap.min.css HTTP/1.1" 200 121200 "http://localhost:3000/" "Mozilla/5.0 (Windows NT 10.0; WOW64) AppleWebKit/537.36 (KHTML, like Gecko) Chrome/55.0.2883.87 Safari/537.36"
::1 - - [13/Jun/2017:10:37:49 +0000] "GET /jquery.min.js HTTP/1.1" 200 85578 "http://localhost:3000/" "Mozilla/5.0 (Windows NT 10.0; WOW64) AppleWebKit/537.36 (KHTML, like Gecko) Chrome/55.0.2883.87 Safari/537.36"
::1 - - [13/Jun/2017:10:37:50 +0000] "GET /api/rooms HTTP/1.1" 200 268 "http://localhost:3000/" "Mozilla/5.0 (Windows NT 10.0; WOW64) AppleWebKit/537.36 (KHTML, like Gecko) Chrome/55.0.2883.87 Safari/537.36"
::1 - - [13/Jun/2017:10:37:50 +0000] "GET /api/rooms/f2754172-1c58-41ed-ae84-74e046888adb/messages HTTP/1.1" 200 172 "http://localhost:3000/" "Mozilla/5.0 (Windows NT 10.0; WOW64) AppleWebKit/537.36 (KHTML, like Gecko) Chrome/55.0.2883.87 Safari/537.36"
::1 - - [13/Jun/2017:10:38:30 +0000] "GET /api/rooms/f2754172-1c58-41ed-ae84-74e046888adb/messages HTTP/1.1" 304 - "http://localhost:3000/" "Mozilla/5.0 (Windows NT 10.0; WOW64) AppleWebKit/537.36 (KHTML, like Gecko) Chrome/55.0.2883.87 Safari/537.36"
::1 - - [13/Jun/2017:10:38:31 +0000] "GET /api/rooms/c636d9e6-d1d4-4194-89f2-154643fbf9b9/messages HTTP/1.1" 200 87 "http://localhost:3000/" "Mozilla/5.0 (Windows NT 10.0; WOW64) AppleWebKit/537.36 (KHTML, like Gecko) Chrome/55.0.2883.87 Safari/537.36"
::1 - - [13/Jun/2017:10:38:32 +0000] "GET /api/rooms/3c3c7ae8-6f8e-4136-9c8c-308a1fd2a9ec/messages HTTP/1.1" 200 90 "http://localhost:3000/" "Mozilla/5.0 (Windows NT 10.0; WOW64) AppleWebKit/537.36 (KHTML, like Gecko) Chrome/55.0.2883.87 Safari/537.36"
::1 - - [13/Jun/2017:10:38:32 +0000] "GET /api/rooms/a2e102c9-906c-4162-9d43-122e90f353d9/messages HTTP/1.1" 200 89 "http://localhost:3000/" "Mozilla/5.0 (Windows NT 10.0; WOW64) AppleWebKit/537.36 (KHTML, like Gecko) Chrome/55.0.2883.87 Safari/537.36"
::1 - - [13/Jun/2017:10:38:33 +0000] "GET /api/rooms/3c3c7ae8-6f8e-4136-9c8c-308a1fd2a9ec/messages HTTP/1.1" 304 - "http://localhost:3000/" "Mozilla/5.0 (Windows NT 10.0; WOW64) AppleWebKit/537.36 (KHTML, like Gecko) Chrome/55.0.2883.87 Safari/537.36"
::1 - - [13/Jun/2017:10:38:33 +0000] "GET /api/rooms/c636d9e6-d1d4-4194-89f2-154643fbf9b9/messages HTTP/1.1" 304 - "http://localhost:3000/" "Mozilla/5.0 (Windows NT 10.0; WOW64) AppleWebKit/537.36 (KHTML, like Gecko) Chrome/55.0.2883.87 Safari/537.36"
::1 - - [13/Jun/2017:10:38:34 +0000] "DELETE /api/rooms/c636d9e6-d1d4-4194-89f2-154643fbf9b9/messages HTTP/1.1" 200 2 "http://localhost:3000/" "Mozilla/5.0 (Windows NT 10.0; WOW64) AppleWebKit/537.36 (KHTML, like Gecko) Chrome/55.0.2883.87 Safari/537.36"
::1 - - [13/Jun/2017:10:38:36 +0000] "GET /admin/rooms HTTP/1.1" 200 2481 "http://localhost:3000/" "Mozilla/5.0 (Windows NT 10.0; WOW64) AppleWebKit/537.36 (KHTML, like Gecko) Chrome/55.0.2883.87 Safari/537.36"
::1 - - [13/Jun/2017:10:38:36 +0000] "GET /style.css HTTP/1.1" 304 - "http://localhost:3000/admin/rooms" "Mozilla/5.0 (Windows NT 10.0; WOW64) AppleWebKit/537.36 (KHTML, like Gecko) Chrome/55.0.2883.87 Safari/537.36"
::1 - - [13/Jun/2017:10:38:36 +0000] "GET /css/bootstrap.min.css HTTP/1.1" 304 - "http://localhost:3000/admin/rooms" "Mozilla/5.0 (Windows NT 10.0; WOW64) AppleWebKit/537.36 (KHTML, like Gecko) Chrome/55.0.2883.87 Safari/537.36"
::1 - - [13/Jun/2017:10:38:36 +0000] "GET /fonts/glyphicons-halflings-regular.woff2 HTTP/1.1" 200 18028 "http://localhost:3000/css/bootstrap.min.css" "Mozilla/5.0 (Windows NT 10.0; WOW64) AppleWebKit/537.36 (KHTML, like Gecko) Chrome/55.0.2883.87 Safari/537.36"
::1 - - [13/Jun/2017:10:39:46 +0000] "GET /admin/rooms/edit/f2754172-1c58-41ed-ae84-74e046888adb HTTP/1.1" 200 1215 "http://localhost:3000/admin/rooms" "Mozilla/5.0 (Windows NT 10.0; WOW64) AppleWebKit/537.36 (KHTML, like Gecko) Chrome/55.0.2883.87 Safari/537.36"
::1 - - [13/Jun/2017:10:39:46 +0000] "GET /style.css HTTP/1.1" 304 - "http://localhost:3000/admin/rooms/edit/f2754172-1c58-41ed-ae84-74e046888adb" "Mozilla/5.0 (Windows NT 10.0; WOW64) AppleWebKit/537.36 (KHTML, like Gecko) Chrome/55.0.2883.87 Safari/537.36"
::1 - - [13/Jun/2017:10:39:46 +0000] "GET /css/bootstrap.min.css HTTP/1.1" 304 - "http://localhost:3000/admin/rooms/edit/f2754172-1c58-41ed-ae84-74e046888adb" "Mozilla/5.0 (Windows NT 10.0; WOW64) AppleWebKit/537.36 (KHTML, like Gecko) Chrome/55.0.2883.87 Safari/537.36"
::1 - - [13/Jun/2017:10:39:54 +0000] "POST /admin/rooms/edit/f2754172-1c58-41ed-ae84-74e046888adb HTTP/1.1" 302 68 "http://localhost:3000/admin/rooms/edit/f2754172-1c58-41ed-ae84-74e046888adb" "Mozilla/5.0 (Windows NT 10.0; WOW64) AppleWebKit/537.36 (KHTML, like Gecko) Chrome/55.0.2883.87 Safari/537.36"
::1 - - [13/Jun/2017:10:39:54 +0000] "GET /admin/rooms HTTP/1.1" 200 2486 "http://localhost:3000/admin/rooms/edit/f2754172-1c58-41ed-ae84-74e046888adb" "Mozilla/5.0 (Windows NT 10.0; WOW64) AppleWebKit/537.36 (KHTML, like Gecko) Chrome/55.0.2883.87 Safari/537.36"
::1 - - [13/Jun/2017:10:39:54 +0000] "GET /style.css HTTP/1.1" 304 - "http://localhost:3000/admin/rooms" "Mozilla/5.0 (Windows NT 10.0; WOW64) AppleWebKit/537.36 (KHTML, like Gecko) Chrome/55.0.2883.87 Safari/537.36"
::1 - - [13/Jun/2017:10:39:54 +0000] "GET /css/bootstrap.min.css HTTP/1.1" 304 - "http://localhost:3000/admin/rooms" "Mozilla/5.0 (Windows NT 10.0; WOW64) AppleWebKit/537.36 (KHTML, like Gecko) Chrome/55.0.2883.87 Safari/537.36"
::1 - - [13/Jun/2017:10:39:54 +0000] "GET /fonts/glyphicons-halflings-regular.woff2 HTTP/1.1" 304 - "http://localhost:3000/css/bootstrap.min.css" "Mozilla/5.0 (Windows NT 10.0; WOW64) AppleWebKit/537.36 (KHTML, like Gecko) Chrome/55.0.2883.87 Safari/537.36"
::1 - - [13/Jun/2017:10:40:04 +0000] "GET /admin/rooms/delete/c636d9e6-d1d4-4194-89f2-154643fbf9b9 HTTP/1.1" 302 68 "http://localhost:3000/admin/rooms" "Mozilla/5.0 (Windows NT 10.0; WOW64) AppleWebKit/537.36 (KHTML, like Gecko) Chrome/55.0.2883.87 Safari/537.36"
::1 - - [13/Jun/2017:10:40:04 +0000] "GET /admin/rooms HTTP/1.1" 200 2118 "http://localhost:3000/admin/rooms" "Mozilla/5.0 (Windows NT 10.0; WOW64) AppleWebKit/537.36 (KHTML, like Gecko) Chrome/55.0.2883.87 Safari/537.36"
::1 - - [13/Jun/2017:10:40:04 +0000] "GET /style.css HTTP/1.1" 304 - "http://localhost:3000/admin/rooms" "Mozilla/5.0 (Windows NT 10.0; WOW64) AppleWebKit/537.36 (KHTML, like Gecko) Chrome/55.0.2883.87 Safari/537.36"
::1 - - [13/Jun/2017:10:40:04 +0000] "GET /css/bootstrap.min.css HTTP/1.1" 304 - "http://localhost:3000/admin/rooms" "Mozilla/5.0 (Windows NT 10.0; WOW64) AppleWebKit/537.36 (KHTML, like Gecko) Chrome/55.0.2883.87 Safari/537.36"
::1 - - [13/Jun/2017:10:40:04 +0000] "GET /fonts/glyphicons-halflings-regular.woff2 HTTP/1.1" 304 - "http://localhost:3000/css/bootstrap.min.css" "Mozilla/5.0 (Windows NT 10.0; WOW64) AppleWebKit/537.36 (KHTML, like Gecko) Chrome/55.0.2883.87 Safari/537.36"
::1 - - [13/Jun/2017:10:40:58 +0000] "GET / HTTP/1.1" 304 - "http://localhost:3000/admin/rooms" "Mozilla/5.0 (Windows NT 10.0; WOW64) AppleWebKit/537.36 (KHTML, like Gecko) Chrome/55.0.2883.87 Safari/537.36"
::1 - - [13/Jun/2017:10:40:58 +0000] "GET /style.css HTTP/1.1" 304 - "http://localhost:3000/" "Mozilla/5.0 (Windows NT 10.0; WOW64) AppleWebKit/537.36 (KHTML, like Gecko) Chrome/55.0.2883.87 Safari/537.36"
::1 - - [13/Jun/2017:10:40:58 +0000] "GET /css/bootstrap.min.css HTTP/1.1" 304 - "http://localhost:3000/" "Mozilla/5.0 (Windows NT 10.0; WOW64) AppleWebKit/537.36 (KHTML, like Gecko) Chrome/55.0.2883.87 Safari/537.36"
::1 - - [13/Jun/2017:10:40:58 +0000] "GET /home.js HTTP/1.1" 304 - "http://localhost:3000/" "Mozilla/5.0 (Windows NT 10.0; WOW64) AppleWebKit/537.36 (KHTML, like Gecko) Chrome/55.0.2883.87 Safari/537.36"
::1 - - [13/Jun/2017:10:40:58 +0000] "GET /jquery.min.js HTTP/1.1" 304 - "http://localhost:3000/" "Mozilla/5.0 (Windows NT 10.0; WOW64) AppleWebKit/537.36 (KHTML, like Gecko) Chrome/55.0.2883.87 Safari/537.36"
::1 - - [13/Jun/2017:10:40:58 +0000] "GET /api/rooms HTTP/1.1" 200 273 "http://localhost:3000/" "Mozilla/5.0 (Windows NT 10.0; WOW64) AppleWebKit/537.36 (KHTML, like Gecko) Chrome/55.0.2883.87 Safari/537.36"
::1 - - [13/Jun/2017:10:40:58 +0000] "GET /api/rooms/f2754172-1c58-41ed-ae84-74e046888adb/messages HTTP/1.1" 200 177 "http://localhost:3000/" "Mozilla/5.0 (Windows NT 10.0; WOW64) AppleWebKit/537.36 (KHTML, like Gecko) Chrome/55.0.2883.87 Safari/537.36"
::1 - - [13/Jun/2017:10:41:02 +0000] "POST /api/rooms/f2754172-1c58-41ed-ae84-74e046888adb/messages HTTP/1.1" 200 2 "http://localhost:3000/" "Mozilla/5.0 (Windows NT 10.0; WOW64) AppleWebKit/537.36 (KHTML, like Gecko) Chrome/55.0.2883.87 Safari/537.36"
::1 - - [13/Jun/2017:10:41:02 +0000] "GET /api/rooms/f2754172-1c58-41ed-ae84-74e046888adb/messages HTTP/1.1" 200 205 "http://localhost:3000/" "Mozilla/5.0 (Windows NT 10.0; WOW64) AppleWebKit/537.36 (KHTML, like Gecko) Chrome/55.0.2883.87 Safari/537.36"
::1 - - [13/Jun/2017:10:41:08 +0000] "GET /api/rooms/3c3c7ae8-6f8e-4136-9c8c-308a1fd2a9ec/messages HTTP/1.1" 304 - "http://localhost:3000/" "Mozilla/5.0 (Windows NT 10.0; WOW64) AppleWebKit/537.36 (KHTML, like Gecko) Chrome/55.0.2883.87 Safari/537.36"
::1 - - [13/Jun/2017:10:41:10 +0000] "POST /api/rooms/3c3c7ae8-6f8e-4136-9c8c-308a1fd2a9ec/messages HTTP/1.1" 200 2 "http://localhost:3000/" "Mozilla/5.0 (Windows NT 10.0; WOW64) AppleWebKit/537.36 (KHTML, like Gecko) Chrome/55.0.2883.87 Safari/537.36"
::1 - - [13/Jun/2017:10:41:10 +0000] "GET /api/rooms/3c3c7ae8-6f8e-4136-9c8c-308a1fd2a9ec/messages HTTP/1.1" 200 117 "http://localhost:3000/" "Mozilla/5.0 (Windows NT 10.0; WOW64) AppleWebKit/537.36 (KHTML, like Gecko) Chrome/55.0.2883.87 Safari/537.36"
::1 - - [13/Jun/2017:10:41:11 +0000] "GET /api/rooms/3c3c7ae8-6f8e-4136-9c8c-308a1fd2a9ec/messages HTTP/1.1" 304 - "http://localhost:3000/" "Mozilla/5.0 (Windows NT 10.0; WOW64) AppleWebKit/537.36 (KHTML, like Gecko) Chrome/55.0.2883.87 Safari/537.36"
::1 - - [13/Jun/2017:10:41:12 +0000] "GET /api/rooms/c636d9e6-d1d4-4194-89f2-154643fbf9b9/messages HTTP/1.1" 200 87 "http://localhost:3000/" "Mozilla/5.0 (Windows NT 10.0; WOW64) AppleWebKit/537.36 (KHTML, like Gecko) Chrome/55.0.2883.87 Safari/537.36"
::1 - - [13/Jun/2017:10:41:12 +0000] "GET /api/rooms/a2e102c9-906c-4162-9d43-122e90f353d9/messages HTTP/1.1" 304 - "http://localhost:3000/" "Mozilla/5.0 (Windows NT 10.0; WOW64) AppleWebKit/537.36 (KHTML, like Gecko) Chrome/55.0.2883.87 Safari/537.36"
::1 - - [13/Jun/2017:10:41:13 +0000] "GET /api/rooms/3c3c7ae8-6f8e-4136-9c8c-308a1fd2a9ec/messages HTTP/1.1" 304 - "http://localhost:3000/" "Mozilla/5.0 (Windows NT 10.0; WOW64) AppleWebKit/537.36 (KHTML, like Gecko) Chrome/55.0.2883.87 Safari/537.36"
::1 - - [13/Jun/2017:10:41:16 +0000] "GET /api/rooms/c636d9e6-d1d4-4194-89f2-154643fbf9b9/messages HTTP/1.1" 304 - "http://localhost:3000/" "Mozilla/5.0 (Windows NT 10.0; WOW64) AppleWebKit/537.36 (KHTML, like Gecko) Chrome/55.0.2883.87 Safari/537.36"
::1 - - [13/Jun/2017:10:41:16 +0000] "GET /api/rooms/f2754172-1c58-41ed-ae84-74e046888adb/messages HTTP/1.1" 304 - "http://localhost:3000/" "Mozilla/5.0 (Windows NT 10.0; WOW64) AppleWebKit/537.36 (KHTML, like Gecko) Chrome/55.0.2883.87 Safari/537.36"
::1 - - [13/Jun/2017:10:41:19 +0000] "GET /api/rooms/a2e102c9-906c-4162-9d43-122e90f353d9/messages HTTP/1.1" 304 - "http://localhost:3000/" "Mozilla/5.0 (Windows NT 10.0; WOW64) AppleWebKit/537.36 (KHTML, like Gecko) Chrome/55.0.2883.87 Safari/537.36"
::1 - - [13/Jun/2017:10:41:19 +0000] "GET /api/rooms/3c3c7ae8-6f8e-4136-9c8c-308a1fd2a9ec/messages HTTP/1.1" 304 - "http://localhost:3000/" "Mozilla/5.0 (Windows NT 10.0; WOW64) AppleWebKit/537.36 (KHTML, like Gecko) Chrome/55.0.2883.87 Safari/537.36"
::1 - - [13/Jun/2017:10:41:20 +0000] "GET /api/rooms/c636d9e6-d1d4-4194-89f2-154643fbf9b9/messages HTTP/1.1" 304 - "http://localhost:3000/" "Mozilla/5.0 (Windows NT 10.0; WOW64) AppleWebKit/537.36 (KHTML, like Gecko) Chrome/55.0.2883.87 Safari/537.36"
::1 - - [13/Jun/2017:10:41:20 +0000] "GET /api/rooms/f2754172-1c58-41ed-ae84-74e046888adb/messages HTTP/1.1" 304 - "http://localhost:3000/" "Mozilla/5.0 (Windows NT 10.0; WOW64) AppleWebKit/537.36 (KHTML, like Gecko) Chrome/55.0.2883.87 Safari/537.36"
::1 - - [13/Jun/2017:10:41:25 +0000] "DELETE /api/rooms/f2754172-1c58-41ed-ae84-74e046888adb/messages HTTP/1.1" 200 2 "http://localhost:3000/" "Mozilla/5.0 (Windows NT 10.0; WOW64) AppleWebKit/537.36 (KHTML, like Gecko) Chrome/55.0.2883.87 Safari/537.36"
::1 - - [13/Jun/2017:10:41:26 +0000] "GET /api/rooms/c636d9e6-d1d4-4194-89f2-154643fbf9b9/messages HTTP/1.1" 304 - "http://localhost:3000/" "Mozilla/5.0 (Windows NT 10.0; WOW64) AppleWebKit/537.36 (KHTML, like Gecko) Chrome/55.0.2883.87 Safari/537.36"
::1 - - [13/Jun/2017:10:41:26 +0000] "GET /api/rooms/f2754172-1c58-41ed-ae84-74e046888adb/messages HTTP/1.1" 200 94 "http://localhost:3000/" "Mozilla/5.0 (Windows NT 10.0; WOW64) AppleWebKit/537.36 (KHTML, like Gecko) Chrome/55.0.2883.87 Safari/537.36"
::1 - - [13/Jun/2017:10:41:27 +0000] "GET /api/rooms/c636d9e6-d1d4-4194-89f2-154643fbf9b9/messages HTTP/1.1" 304 - "http://localhost:3000/" "Mozilla/5.0 (Windows NT 10.0; WOW64) AppleWebKit/537.36 (KHTML, like Gecko) Chrome/55.0.2883.87 Safari/537.36"
::1 - - [13/Jun/2017:10:41:27 +0000] "GET /api/rooms/3c3c7ae8-6f8e-4136-9c8c-308a1fd2a9ec/messages HTTP/1.1" 304 - "http://localhost:3000/" "Mozilla/5.0 (Windows NT 10.0; WOW64) AppleWebKit/537.36 (KHTML, like Gecko) Chrome/55.0.2883.87 Safari/537.36"
::1 - - [13/Jun/2017:10:41:27 +0000] "GET /api/rooms/a2e102c9-906c-4162-9d43-122e90f353d9/messages HTTP/1.1" 304 - "http://localhost:3000/" "Mozilla/5.0 (Windows NT 10.0; WOW64) AppleWebKit/537.36 (KHTML, like Gecko) Chrome/55.0.2883.87 Safari/537.36"
::1 - - [13/Jun/2017:10:41:28 +0000] "GET /api/rooms/3c3c7ae8-6f8e-4136-9c8c-308a1fd2a9ec/messages HTTP/1.1" 304 - "http://localhost:3000/" "Mozilla/5.0 (Windows NT 10.0; WOW64) AppleWebKit/537.36 (KHTML, like Gecko) Chrome/55.0.2883.87 Safari/537.36"
::1 - - [13/Jun/2017:10:41:28 +0000] "GET /api/rooms/c636d9e6-d1d4-4194-89f2-154643fbf9b9/messages HTTP/1.1" 304 - "http://localhost:3000/" "Mozilla/5.0 (Windows NT 10.0; WOW64) AppleWebKit/537.36 (KHTML, like Gecko) Chrome/55.0.2883.87 Safari/537.36"
::1 - - [13/Jun/2017:10:41:29 +0000] "GET /api/rooms/f2754172-1c58-41ed-ae84-74e046888adb/messages HTTP/1.1" 304 - "http://localhost:3000/" "Mozilla/5.0 (Windows NT 10.0; WOW64) AppleWebKit/537.36 (KHTML, like Gecko) Chrome/55.0.2883.87 Safari/537.36"
::1 - - [13/Jun/2017:10:42:42 +0000] "GET /logout HTTP/1.1" 302 56 "http://localhost:3000/" "Mozilla/5.0 (Windows NT 10.0; WOW64) AppleWebKit/537.36 (KHTML, like Gecko) Chrome/55.0.2883.87 Safari/537.36"
::1 - - [13/Jun/2017:10:42:42 +0000] "GET /login HTTP/1.1" 302 46 "http://localhost:3000/" "Mozilla/5.0 (Windows NT 10.0; WOW64) AppleWebKit/537.36 (KHTML, like Gecko) Chrome/55.0.2883.87 Safari/537.36"
::1 - - [13/Jun/2017:10:42:42 +0000] "GET / HTTP/1.1" 304 - "http://localhost:3000/" "Mozilla/5.0 (Windows NT 10.0; WOW64) AppleWebKit/537.36 (KHTML, like Gecko) Chrome/55.0.2883.87 Safari/537.36"
::1 - - [13/Jun/2017:10:42:42 +0000] "GET /style.css HTTP/1.1" 304 - "http://localhost:3000/" "Mozilla/5.0 (Windows NT 10.0; WOW64) AppleWebKit/537.36 (KHTML, like Gecko) Chrome/55.0.2883.87 Safari/537.36"
::1 - - [13/Jun/2017:10:42:42 +0000] "GET /css/bootstrap.min.css HTTP/1.1" 304 - "http://localhost:3000/" "Mozilla/5.0 (Windows NT 10.0; WOW64) AppleWebKit/537.36 (KHTML, like Gecko) Chrome/55.0.2883.87 Safari/537.36"
::1 - - [13/Jun/2017:10:42:42 +0000] "GET /home.js HTTP/1.1" 304 - "http://localhost:3000/" "Mozilla/5.0 (Windows NT 10.0; WOW64) AppleWebKit/537.36 (KHTML, like Gecko) Chrome/55.0.2883.87 Safari/537.36"
::1 - - [13/Jun/2017:10:42:42 +0000] "GET /jquery.min.js HTTP/1.1" 304 - "http://localhost:3000/" "Mozilla/5.0 (Windows NT 10.0; WOW64) AppleWebKit/537.36 (KHTML, like Gecko) Chrome/55.0.2883.87 Safari/537.36"
::1 - - [13/Jun/2017:10:42:42 +0000] "GET /api/rooms HTTP/1.1" 304 - "http://localhost:3000/" "Mozilla/5.0 (Windows NT 10.0; WOW64) AppleWebKit/537.36 (KHTML, like Gecko) Chrome/55.0.2883.87 Safari/537.36"
::1 - - [13/Jun/2017:10:42:42 +0000] "GET /api/rooms/f2754172-1c58-41ed-ae84-74e046888adb/messages HTTP/1.1" 304 - "http://localhost:3000/" "Mozilla/5.0 (Windows NT 10.0; WOW64) AppleWebKit/537.36 (KHTML, like Gecko) Chrome/55.0.2883.87 Safari/537.36"
::1 - - [13/Jun/2017:10:42:43 +0000] "GET /logout HTTP/1.1" 302 56 "http://localhost:3000/" "Mozilla/5.0 (Windows NT 10.0; WOW64) AppleWebKit/537.36 (KHTML, like Gecko) Chrome/55.0.2883.87 Safari/537.36"
::1 - - [13/Jun/2017:10:42:43 +0000] "GET /login HTTP/1.1" 302 46 "http://localhost:3000/" "Mozilla/5.0 (Windows NT 10.0; WOW64) AppleWebKit/537.36 (KHTML, like Gecko) Chrome/55.0.2883.87 Safari/537.36"
::1 - - [13/Jun/2017:10:42:43 +0000] "GET / HTTP/1.1" 304 - "http://localhost:3000/" "Mozilla/5.0 (Windows NT 10.0; WOW64) AppleWebKit/537.36 (KHTML, like Gecko) Chrome/55.0.2883.87 Safari/537.36"
::1 - - [13/Jun/2017:10:42:44 +0000] "GET /style.css HTTP/1.1" 304 - "http://localhost:3000/" "Mozilla/5.0 (Windows NT 10.0; WOW64) AppleWebKit/537.36 (KHTML, like Gecko) Chrome/55.0.2883.87 Safari/537.36"
::1 - - [13/Jun/2017:10:42:44 +0000] "GET /home.js HTTP/1.1" 304 - "http://localhost:3000/" "Mozilla/5.0 (Windows NT 10.0; WOW64) AppleWebKit/537.36 (KHTML, like Gecko) Chrome/55.0.2883.87 Safari/537.36"
::1 - - [13/Jun/2017:10:42:44 +0000] "GET /css/bootstrap.min.css HTTP/1.1" 304 - "http://localhost:3000/" "Mozilla/5.0 (Windows NT 10.0; WOW64) AppleWebKit/537.36 (KHTML, like Gecko) Chrome/55.0.2883.87 Safari/537.36"
::1 - - [13/Jun/2017:10:42:44 +0000] "GET /jquery.min.js HTTP/1.1" 304 - "http://localhost:3000/" "Mozilla/5.0 (Windows NT 10.0; WOW64) AppleWebKit/537.36 (KHTML, like Gecko) Chrome/55.0.2883.87 Safari/537.36"
::1 - - [13/Jun/2017:10:42:44 +0000] "GET /api/rooms HTTP/1.1" 304 - "http://localhost:3000/" "Mozilla/5.0 (Windows NT 10.0; WOW64) AppleWebKit/537.36 (KHTML, like Gecko) Chrome/55.0.2883.87 Safari/537.36"
::1 - - [13/Jun/2017:10:42:44 +0000] "GET /api/rooms/f2754172-1c58-41ed-ae84-74e046888adb/messages HTTP/1.1" 304 - "http://localhost:3000/" "Mozilla/5.0 (Windows NT 10.0; WOW64) AppleWebKit/537.36 (KHTML, like Gecko) Chrome/55.0.2883.87 Safari/537.36"
::1 - - [13/Jun/2017:10:42:45 +0000] "GET /logout HTTP/1.1" 302 56 "http://localhost:3000/" "Mozilla/5.0 (Windows NT 10.0; WOW64) AppleWebKit/537.36 (KHTML, like Gecko) Chrome/55.0.2883.87 Safari/537.36"
::1 - - [13/Jun/2017:10:42:45 +0000] "GET /login HTTP/1.1" 302 46 "http://localhost:3000/" "Mozilla/5.0 (Windows NT 10.0; WOW64) AppleWebKit/537.36 (KHTML, like Gecko) Chrome/55.0.2883.87 Safari/537.36"
::1 - - [13/Jun/2017:10:42:45 +0000] "GET / HTTP/1.1" 304 - "http://localhost:3000/" "Mozilla/5.0 (Windows NT 10.0; WOW64) AppleWebKit/537.36 (KHTML, like Gecko) Chrome/55.0.2883.87 Safari/537.36"
::1 - - [13/Jun/2017:10:42:45 +0000] "GET /style.css HTTP/1.1" 304 - "http://localhost:3000/" "Mozilla/5.0 (Windows NT 10.0; WOW64) AppleWebKit/537.36 (KHTML, like Gecko) Chrome/55.0.2883.87 Safari/537.36"
::1 - - [13/Jun/2017:10:42:45 +0000] "GET /css/bootstrap.min.css HTTP/1.1" 304 - "http://localhost:3000/" "Mozilla/5.0 (Windows NT 10.0; WOW64) AppleWebKit/537.36 (KHTML, like Gecko) Chrome/55.0.2883.87 Safari/537.36"
::1 - - [13/Jun/2017:10:42:45 +0000] "GET /home.js HTTP/1.1" 304 - "http://localhost:3000/" "Mozilla/5.0 (Windows NT 10.0; WOW64) AppleWebKit/537.36 (KHTML, like Gecko) Chrome/55.0.2883.87 Safari/537.36"
::1 - - [13/Jun/2017:10:42:45 +0000] "GET /jquery.min.js HTTP/1.1" 304 - "http://localhost:3000/" "Mozilla/5.0 (Windows NT 10.0; WOW64) AppleWebKit/537.36 (KHTML, like Gecko) Chrome/55.0.2883.87 Safari/537.36"
::1 - - [13/Jun/2017:10:42:45 +0000] "GET /api/rooms HTTP/1.1" 304 - "http://localhost:3000/" "Mozilla/5.0 (Windows NT 10.0; WOW64) AppleWebKit/537.36 (KHTML, like Gecko) Chrome/55.0.2883.87 Safari/537.36"
::1 - - [13/Jun/2017:10:42:45 +0000] "GET /api/rooms/f2754172-1c58-41ed-ae84-74e046888adb/messages HTTP/1.1" 304 - "http://localhost:3000/" "Mozilla/5.0 (Windows NT 10.0; WOW64) AppleWebKit/537.36 (KHTML, like Gecko) Chrome/55.0.2883.87 Safari/537.36"
::1 - - [13/Jun/2017:10:42:46 +0000] "GET /logout HTTP/1.1" 302 56 "http://localhost:3000/" "Mozilla/5.0 (Windows NT 10.0; WOW64) AppleWebKit/537.36 (KHTML, like Gecko) Chrome/55.0.2883.87 Safari/537.36"
::1 - - [13/Jun/2017:10:42:46 +0000] "GET /login HTTP/1.1" 302 46 "http://localhost:3000/" "Mozilla/5.0 (Windows NT 10.0; WOW64) AppleWebKit/537.36 (KHTML, like Gecko) Chrome/55.0.2883.87 Safari/537.36"
::1 - - [13/Jun/2017:10:42:46 +0000] "GET / HTTP/1.1" 304 - "http://localhost:3000/" "Mozilla/5.0 (Windows NT 10.0; WOW64) AppleWebKit/537.36 (KHTML, like Gecko) Chrome/55.0.2883.87 Safari/537.36"
::1 - - [13/Jun/2017:10:42:46 +0000] "GET /style.css HTTP/1.1" 304 - "http://localhost:3000/" "Mozilla/5.0 (Windows NT 10.0; WOW64) AppleWebKit/537.36 (KHTML, like Gecko) Chrome/55.0.2883.87 Safari/537.36"
::1 - - [13/Jun/2017:10:42:46 +0000] "GET /css/bootstrap.min.css HTTP/1.1" 304 - "http://localhost:3000/" "Mozilla/5.0 (Windows NT 10.0; WOW64) AppleWebKit/537.36 (KHTML, like Gecko) Chrome/55.0.2883.87 Safari/537.36"
::1 - - [13/Jun/2017:10:42:46 +0000] "GET /home.js HTTP/1.1" 304 - "http://localhost:3000/" "Mozilla/5.0 (Windows NT 10.0; WOW64) AppleWebKit/537.36 (KHTML, like Gecko) Chrome/55.0.2883.87 Safari/537.36"
::1 - - [13/Jun/2017:10:42:46 +0000] "GET /jquery.min.js HTTP/1.1" 304 - "http://localhost:3000/" "Mozilla/5.0 (Windows NT 10.0; WOW64) AppleWebKit/537.36 (KHTML, like Gecko) Chrome/55.0.2883.87 Safari/537.36"
::1 - - [13/Jun/2017:10:42:46 +0000] "GET /api/rooms HTTP/1.1" 304 - "http://localhost:3000/" "Mozilla/5.0 (Windows NT 10.0; WOW64) AppleWebKit/537.36 (KHTML, like Gecko) Chrome/55.0.2883.87 Safari/537.36"
::1 - - [13/Jun/2017:10:42:46 +0000] "GET /api/rooms/f2754172-1c58-41ed-ae84-74e046888adb/messages HTTP/1.1" 304 - "http://localhost:3000/" "Mozilla/5.0 (Windows NT 10.0; WOW64) AppleWebKit/537.36 (KHTML, like Gecko) Chrome/55.0.2883.87 Safari/537.36"
::1 - - [13/Jun/2017:10:42:58 +0000] "GET /logout HTTP/1.1" 302 56 "http://localhost:3000/" "Mozilla/5.0 (Windows NT 10.0; WOW64) AppleWebKit/537.36 (KHTML, like Gecko) Chrome/55.0.2883.87 Safari/537.36"
::1 - - [13/Jun/2017:10:42:59 +0000] "GET /login HTTP/1.1" 302 46 "http://localhost:3000/" "Mozilla/5.0 (Windows NT 10.0; WOW64) AppleWebKit/537.36 (KHTML, like Gecko) Chrome/55.0.2883.87 Safari/537.36"
::1 - - [13/Jun/2017:10:42:59 +0000] "GET / HTTP/1.1" 304 - "http://localhost:3000/" "Mozilla/5.0 (Windows NT 10.0; WOW64) AppleWebKit/537.36 (KHTML, like Gecko) Chrome/55.0.2883.87 Safari/537.36"
::1 - - [13/Jun/2017:10:42:59 +0000] "GET /css/bootstrap.min.css HTTP/1.1" 304 - "http://localhost:3000/" "Mozilla/5.0 (Windows NT 10.0; WOW64) AppleWebKit/537.36 (KHTML, like Gecko) Chrome/55.0.2883.87 Safari/537.36"
::1 - - [13/Jun/2017:10:42:59 +0000] "GET /style.css HTTP/1.1" 304 - "http://localhost:3000/" "Mozilla/5.0 (Windows NT 10.0; WOW64) AppleWebKit/537.36 (KHTML, like Gecko) Chrome/55.0.2883.87 Safari/537.36"
::1 - - [13/Jun/2017:10:42:59 +0000] "GET /home.js HTTP/1.1" 304 - "http://localhost:3000/" "Mozilla/5.0 (Windows NT 10.0; WOW64) AppleWebKit/537.36 (KHTML, like Gecko) Chrome/55.0.2883.87 Safari/537.36"
::1 - - [13/Jun/2017:10:42:59 +0000] "GET /jquery.min.js HTTP/1.1" 304 - "http://localhost:3000/" "Mozilla/5.0 (Windows NT 10.0; WOW64) AppleWebKit/537.36 (KHTML, like Gecko) Chrome/55.0.2883.87 Safari/537.36"
::1 - - [13/Jun/2017:10:42:59 +0000] "GET /api/rooms HTTP/1.1" 304 - "http://localhost:3000/" "Mozilla/5.0 (Windows NT 10.0; WOW64) AppleWebKit/537.36 (KHTML, like Gecko) Chrome/55.0.2883.87 Safari/537.36"
::1 - - [13/Jun/2017:10:42:59 +0000] "GET /api/rooms/f2754172-1c58-41ed-ae84-74e046888adb/messages HTTP/1.1" 304 - "http://localhost:3000/" "Mozilla/5.0 (Windows NT 10.0; WOW64) AppleWebKit/537.36 (KHTML, like Gecko) Chrome/55.0.2883.87 Safari/537.36"
