0 info it worked if it ends with ok
1 verbose cli [ 'C:\\Program Files\\nodejs\\node.exe',
1 verbose cli   'C:\\Program Files\\nodejs\\node_modules\\npm\\bin\\npm-cli.js',
1 verbose cli   'install',
1 verbose cli   'xml2json',
1 verbose cli   '--save' ]
2 info using npm@3.10.10
3 info using node@v6.9.5
4 silly loadCurrentTree Starting
5 silly install loadCurrentTree
6 silly install readLocalPackageData
7 silly fetchPackageMetaData xml2json
8 silly fetchNamedPackageData xml2json
9 silly mapToRegistry name xml2json
10 silly mapToRegistry using default registry
11 silly mapToRegistry registry https://registry.npmjs.org/
12 silly mapToRegistry data Result {
12 silly mapToRegistry   raw: 'xml2json',
12 silly mapToRegistry   scope: null,
12 silly mapToRegistry   escapedName: 'xml2json',
12 silly mapToRegistry   name: 'xml2json',
12 silly mapToRegistry   rawSpec: '',
12 silly mapToRegistry   spec: 'latest',
12 silly mapToRegistry   type: 'tag' }
13 silly mapToRegistry uri https://registry.npmjs.org/xml2json
14 verbose request uri https://registry.npmjs.org/xml2json
15 verbose request no auth needed
16 info attempt registry request try #1 at 11:44:59 AM
17 verbose request id bfeeda80b1147109
18 verbose etag W/"593b1015-a388"
19 verbose lastModified Fri, 09 Jun 2017 21:16:05 GMT
20 http request GET https://registry.npmjs.org/xml2json
21 http 304 https://registry.npmjs.org/xml2json
22 verbose headers { date: 'Tue, 13 Jun 2017 07:44:59 GMT',
22 verbose headers   via: '1.1 varnish',
22 verbose headers   'cache-control': 'max-age=300',
22 verbose headers   etag: 'W/"593b1015-a388"',
22 verbose headers   age: '167',
22 verbose headers   connection: 'keep-alive',
22 verbose headers   'x-served-by': 'cache-fjr7923-FJR',
22 verbose headers   'x-cache': 'HIT',
22 verbose headers   'x-cache-hits': '1',
22 verbose headers   'x-timer': 'S1497339900.509922,VS0,VE0',
22 verbose headers   vary: 'Accept-Encoding' }
23 silly get cb [ 304,
23 silly get   { date: 'Tue, 13 Jun 2017 07:44:59 GMT',
23 silly get     via: '1.1 varnish',
23 silly get     'cache-control': 'max-age=300',
23 silly get     etag: 'W/"593b1015-a388"',
23 silly get     age: '167',
23 silly get     connection: 'keep-alive',
23 silly get     'x-served-by': 'cache-fjr7923-FJR',
23 silly get     'x-cache': 'HIT',
23 silly get     'x-cache-hits': '1',
23 silly get     'x-timer': 'S1497339900.509922,VS0,VE0',
23 silly get     vary: 'Accept-Encoding' } ]
24 verbose etag https://registry.npmjs.org/xml2json from cache
25 verbose get saving xml2json to C:\Users\s735645\AppData\Roaming\npm-cache\registry.npmjs.org\xml2json\.cache.json
26 verbose correctMkdir C:\Users\s735645\AppData\Roaming\npm-cache correctMkdir not in flight; initializing
27 silly install normalizeTree
28 silly loadCurrentTree Finishing
29 silly loadIdealTree Starting
30 silly install loadIdealTree
31 silly cloneCurrentTree Starting
32 silly install cloneCurrentTreeToIdealTree
33 silly cloneCurrentTree Finishing
34 silly loadShrinkwrap Starting
35 silly install loadShrinkwrap
36 silly loadShrinkwrap Finishing
37 silly loadAllDepsIntoIdealTree Starting
38 silly install loadAllDepsIntoIdealTree
39 silly resolveWithNewModule xml2json@0.11.0 checking installable status
40 silly cache add args [ 'xml2json', null ]
41 verbose cache add spec xml2json
42 silly cache add parsed spec Result {
42 silly cache add   raw: 'xml2json',
42 silly cache add   scope: null,
42 silly cache add   escapedName: 'xml2json',
42 silly cache add   name: 'xml2json',
42 silly cache add   rawSpec: '',
42 silly cache add   spec: 'latest',
42 silly cache add   type: 'tag' }
43 silly addNamed xml2json@latest
44 verbose addNamed "latest" is being treated as a dist-tag for xml2json
45 info addNameTag [ 'xml2json', 'latest' ]
46 silly mapToRegistry name xml2json
47 silly mapToRegistry using default registry
48 silly mapToRegistry registry https://registry.npmjs.org/
49 silly mapToRegistry data Result {
49 silly mapToRegistry   raw: 'xml2json',
49 silly mapToRegistry   scope: null,
49 silly mapToRegistry   escapedName: 'xml2json',
49 silly mapToRegistry   name: 'xml2json',
49 silly mapToRegistry   rawSpec: '',
49 silly mapToRegistry   spec: 'latest',
49 silly mapToRegistry   type: 'tag' }
50 silly mapToRegistry uri https://registry.npmjs.org/xml2json
51 verbose addNameTag registry:https://registry.npmjs.org/xml2json not in flight; fetching
52 verbose get https://registry.npmjs.org/xml2json not expired, no request
53 silly addNameTag next cb for xml2json with tag latest
54 silly addNamed xml2json@0.11.0
55 verbose addNamed "0.11.0" is a plain semver version for xml2json
56 silly cache afterAdd xml2json@0.11.0
57 verbose afterAdd C:\Users\s735645\AppData\Roaming\npm-cache\xml2json\0.11.0\package\package.json not in flight; writing
58 verbose correctMkdir C:\Users\s735645\AppData\Roaming\npm-cache correctMkdir not in flight; initializing
59 verbose afterAdd C:\Users\s735645\AppData\Roaming\npm-cache\xml2json\0.11.0\package\package.json written
60 silly fetchNamedPackageData node-expat
61 silly mapToRegistry name node-expat
62 silly mapToRegistry using default registry
63 silly mapToRegistry registry https://registry.npmjs.org/
64 silly mapToRegistry data Result {
64 silly mapToRegistry   raw: 'node-expat',
64 silly mapToRegistry   scope: null,
64 silly mapToRegistry   escapedName: 'node-expat',
64 silly mapToRegistry   name: 'node-expat',
64 silly mapToRegistry   rawSpec: '',
64 silly mapToRegistry   spec: 'latest',
64 silly mapToRegistry   type: 'tag' }
65 silly mapToRegistry uri https://registry.npmjs.org/node-expat
66 verbose request uri https://registry.npmjs.org/node-expat
67 verbose request no auth needed
68 info attempt registry request try #1 at 11:44:59 AM
69 verbose etag W/"58fcd678-fb9d"
70 verbose lastModified Sun, 23 Apr 2017 16:29:44 GMT
71 http request GET https://registry.npmjs.org/node-expat
72 http 304 https://registry.npmjs.org/node-expat
73 verbose headers { date: 'Tue, 13 Jun 2017 07:44:59 GMT',
73 verbose headers   via: '1.1 varnish',
73 verbose headers   'cache-control': 'max-age=300',
73 verbose headers   etag: 'W/"58fcd678-fb9d"',
73 verbose headers   age: '167',
73 verbose headers   connection: 'keep-alive',
73 verbose headers   'x-served-by': 'cache-fjr7923-FJR',
73 verbose headers   'x-cache': 'HIT',
73 verbose headers   'x-cache-hits': '1',
73 verbose headers   'x-timer': 'S1497339900.695754,VS0,VE0',
73 verbose headers   vary: 'Accept-Encoding' }
74 silly get cb [ 304,
74 silly get   { date: 'Tue, 13 Jun 2017 07:44:59 GMT',
74 silly get     via: '1.1 varnish',
74 silly get     'cache-control': 'max-age=300',
74 silly get     etag: 'W/"58fcd678-fb9d"',
74 silly get     age: '167',
74 silly get     connection: 'keep-alive',
74 silly get     'x-served-by': 'cache-fjr7923-FJR',
74 silly get     'x-cache': 'HIT',
74 silly get     'x-cache-hits': '1',
74 silly get     'x-timer': 'S1497339900.695754,VS0,VE0',
74 silly get     vary: 'Accept-Encoding' } ]
75 verbose etag https://registry.npmjs.org/node-expat from cache
76 verbose get saving node-expat to C:\Users\s735645\AppData\Roaming\npm-cache\registry.npmjs.org\node-expat\.cache.json
77 verbose correctMkdir C:\Users\s735645\AppData\Roaming\npm-cache correctMkdir not in flight; initializing
78 silly resolveWithNewModule node-expat@2.3.15 checking installable status
79 silly cache add args [ 'node-expat@^2.3.15', null ]
80 verbose cache add spec node-expat@^2.3.15
81 silly cache add parsed spec Result {
81 silly cache add   raw: 'node-expat@^2.3.15',
81 silly cache add   scope: null,
81 silly cache add   escapedName: 'node-expat',
81 silly cache add   name: 'node-expat',
81 silly cache add   rawSpec: '^2.3.15',
81 silly cache add   spec: '>=2.3.15 <3.0.0',
81 silly cache add   type: 'range' }
82 silly addNamed node-expat@>=2.3.15 <3.0.0
83 verbose addNamed ">=2.3.15 <3.0.0" is a valid semver range for node-expat
84 silly addNameRange { name: 'node-expat', range: '>=2.3.15 <3.0.0', hasData: false }
85 silly mapToRegistry name node-expat
86 silly mapToRegistry using default registry
87 silly mapToRegistry registry https://registry.npmjs.org/
88 silly mapToRegistry data Result {
88 silly mapToRegistry   raw: 'node-expat',
88 silly mapToRegistry   scope: null,
88 silly mapToRegistry   escapedName: 'node-expat',
88 silly mapToRegistry   name: 'node-expat',
88 silly mapToRegistry   rawSpec: '',
88 silly mapToRegistry   spec: 'latest',
88 silly mapToRegistry   type: 'tag' }
89 silly mapToRegistry uri https://registry.npmjs.org/node-expat
90 verbose addNameRange registry:https://registry.npmjs.org/node-expat not in flight; fetching
91 verbose get https://registry.npmjs.org/node-expat not expired, no request
92 silly addNameRange number 2 { name: 'node-expat', range: '>=2.3.15 <3.0.0', hasData: true }
93 silly addNameRange versions [ 'node-expat',
93 silly addNameRange   [ '0.0.4',
93 silly addNameRange     '0.0.5',
93 silly addNameRange     '0.0.6',
93 silly addNameRange     '1.0.0',
93 silly addNameRange     '1.0.1',
93 silly addNameRange     '1.1.0',
93 silly addNameRange     '1.1.1',
93 silly addNameRange     '1.2.0',
93 silly addNameRange     '1.3.0',
93 silly addNameRange     '1.3.1',
93 silly addNameRange     '1.3.2',
93 silly addNameRange     '1.4.0',
93 silly addNameRange     '1.4.1',
93 silly addNameRange     '1.4.2',
93 silly addNameRange     '1.4.3',
93 silly addNameRange     '1.4.4',
93 silly addNameRange     '1.4.5',
93 silly addNameRange     '1.5.0',
93 silly addNameRange     '1.6.0',
93 silly addNameRange     '1.6.1',
93 silly addNameRange     '2.0.0',
93 silly addNameRange     '2.1.0',
93 silly addNameRange     '2.1.1',
93 silly addNameRange     '2.1.2',
93 silly addNameRange     '2.1.3',
93 silly addNameRange     '2.1.4',
93 silly addNameRange     '2.2.0',
93 silly addNameRange     '2.3.0',
93 silly addNameRange     '2.3.1',
93 silly addNameRange     '2.3.2',
93 silly addNameRange     '2.3.3',
93 silly addNameRange     '2.3.4',
93 silly addNameRange     '2.3.5',
93 silly addNameRange     '2.3.6',
93 silly addNameRange     '2.3.7',
93 silly addNameRange     '2.3.8',
93 silly addNameRange     '2.3.9',
93 silly addNameRange     '2.3.10',
93 silly addNameRange     '2.3.11',
93 silly addNameRange     '2.3.12',
93 silly addNameRange     '2.3.13',
93 silly addNameRange     '2.3.14',
93 silly addNameRange     '2.3.15' ] ]
94 silly addNamed node-expat@2.3.15
95 verbose addNamed "2.3.15" is a plain semver version for node-expat
96 silly cache afterAdd node-expat@2.3.15
97 verbose afterAdd C:\Users\s735645\AppData\Roaming\npm-cache\node-expat\2.3.15\package\package.json not in flight; writing
98 verbose correctMkdir C:\Users\s735645\AppData\Roaming\npm-cache correctMkdir not in flight; initializing
99 verbose afterAdd C:\Users\s735645\AppData\Roaming\npm-cache\node-expat\2.3.15\package\package.json written
100 silly fetchNamedPackageData bindings
101 silly mapToRegistry name bindings
102 silly mapToRegistry using default registry
103 silly mapToRegistry registry https://registry.npmjs.org/
104 silly mapToRegistry data Result {
104 silly mapToRegistry   raw: 'bindings',
104 silly mapToRegistry   scope: null,
104 silly mapToRegistry   escapedName: 'bindings',
104 silly mapToRegistry   name: 'bindings',
104 silly mapToRegistry   rawSpec: '',
104 silly mapToRegistry   spec: 'latest',
104 silly mapToRegistry   type: 'tag' }
105 silly mapToRegistry uri https://registry.npmjs.org/bindings
106 silly fetchNamedPackageData nan
107 silly mapToRegistry name nan
108 silly mapToRegistry using default registry
109 silly mapToRegistry registry https://registry.npmjs.org/
110 silly mapToRegistry data Result {
110 silly mapToRegistry   raw: 'nan',
110 silly mapToRegistry   scope: null,
110 silly mapToRegistry   escapedName: 'nan',
110 silly mapToRegistry   name: 'nan',
110 silly mapToRegistry   rawSpec: '',
110 silly mapToRegistry   spec: 'latest',
110 silly mapToRegistry   type: 'tag' }
111 silly mapToRegistry uri https://registry.npmjs.org/nan
112 verbose request uri https://registry.npmjs.org/bindings
113 verbose request no auth needed
114 info attempt registry request try #1 at 11:44:59 AM
115 verbose etag W/"59234f99-46bf"
116 verbose lastModified Mon, 22 May 2017 20:52:41 GMT
117 http request GET https://registry.npmjs.org/bindings
118 verbose request uri https://registry.npmjs.org/nan
119 verbose request no auth needed
120 info attempt registry request try #1 at 11:44:59 AM
121 verbose etag W/"592dfb8f-1f9f8"
122 verbose lastModified Tue, 30 May 2017 23:09:03 GMT
123 http request GET https://registry.npmjs.org/nan
124 http 304 https://registry.npmjs.org/nan
125 verbose headers { date: 'Tue, 13 Jun 2017 07:44:59 GMT',
125 verbose headers   via: '1.1 varnish',
125 verbose headers   'cache-control': 'max-age=300',
125 verbose headers   etag: 'W/"592dfb8f-1f9f8"',
125 verbose headers   age: '163',
125 verbose headers   connection: 'keep-alive',
125 verbose headers   'x-served-by': 'cache-fjr7921-FJR',
125 verbose headers   'x-cache': 'HIT',
125 verbose headers   'x-cache-hits': '21',
125 verbose headers   'x-timer': 'S1497339900.830712,VS0,VE0',
125 verbose headers   vary: 'Accept-Encoding' }
126 silly get cb [ 304,
126 silly get   { date: 'Tue, 13 Jun 2017 07:44:59 GMT',
126 silly get     via: '1.1 varnish',
126 silly get     'cache-control': 'max-age=300',
126 silly get     etag: 'W/"592dfb8f-1f9f8"',
126 silly get     age: '163',
126 silly get     connection: 'keep-alive',
126 silly get     'x-served-by': 'cache-fjr7921-FJR',
126 silly get     'x-cache': 'HIT',
126 silly get     'x-cache-hits': '21',
126 silly get     'x-timer': 'S1497339900.830712,VS0,VE0',
126 silly get     vary: 'Accept-Encoding' } ]
127 verbose etag https://registry.npmjs.org/nan from cache
128 verbose get saving nan to C:\Users\s735645\AppData\Roaming\npm-cache\registry.npmjs.org\nan\.cache.json
129 verbose correctMkdir C:\Users\s735645\AppData\Roaming\npm-cache correctMkdir not in flight; initializing
130 silly resolveWithNewModule nan@2.6.2 checking installable status
131 silly cache add args [ 'nan@^2.3.5', null ]
132 verbose cache add spec nan@^2.3.5
133 silly cache add parsed spec Result {
133 silly cache add   raw: 'nan@^2.3.5',
133 silly cache add   scope: null,
133 silly cache add   escapedName: 'nan',
133 silly cache add   name: 'nan',
133 silly cache add   rawSpec: '^2.3.5',
133 silly cache add   spec: '>=2.3.5 <3.0.0',
133 silly cache add   type: 'range' }
134 silly addNamed nan@>=2.3.5 <3.0.0
135 verbose addNamed ">=2.3.5 <3.0.0" is a valid semver range for nan
136 silly addNameRange { name: 'nan', range: '>=2.3.5 <3.0.0', hasData: false }
137 silly mapToRegistry name nan
138 silly mapToRegistry using default registry
139 silly mapToRegistry registry https://registry.npmjs.org/
140 silly mapToRegistry data Result {
140 silly mapToRegistry   raw: 'nan',
140 silly mapToRegistry   scope: null,
140 silly mapToRegistry   escapedName: 'nan',
140 silly mapToRegistry   name: 'nan',
140 silly mapToRegistry   rawSpec: '',
140 silly mapToRegistry   spec: 'latest',
140 silly mapToRegistry   type: 'tag' }
141 silly mapToRegistry uri https://registry.npmjs.org/nan
142 verbose addNameRange registry:https://registry.npmjs.org/nan not in flight; fetching
143 verbose get https://registry.npmjs.org/nan not expired, no request
144 silly addNameRange number 2 { name: 'nan', range: '>=2.3.5 <3.0.0', hasData: true }
145 silly addNameRange versions [ 'nan',
145 silly addNameRange   [ '0.3.0-wip',
145 silly addNameRange     '0.3.0-wip2',
145 silly addNameRange     '0.3.0',
145 silly addNameRange     '0.3.1',
145 silly addNameRange     '0.3.2',
145 silly addNameRange     '0.4.0',
145 silly addNameRange     '0.4.1',
145 silly addNameRange     '0.4.2',
145 silly addNameRange     '0.4.3',
145 silly addNameRange     '0.4.4',
145 silly addNameRange     '0.5.0',
145 silly addNameRange     '0.5.1',
145 silly addNameRange     '0.5.2',
145 silly addNameRange     '0.6.0',
145 silly addNameRange     '0.7.0',
145 silly addNameRange     '0.7.1',
145 silly addNameRange     '0.8.0',
145 silly addNameRange     '1.0.0',
145 silly addNameRange     '1.1.0',
145 silly addNameRange     '1.1.1',
145 silly addNameRange     '1.1.2',
145 silly addNameRange     '1.2.0',
145 silly addNameRange     '1.3.0',
145 silly addNameRange     '1.4.0',
145 silly addNameRange     '1.4.1',
145 silly addNameRange     '1.5.0',
145 silly addNameRange     '1.4.2',
145 silly addNameRange     '1.4.3',
145 silly addNameRange     '1.5.1',
145 silly addNameRange     '1.5.2',
145 silly addNameRange     '1.6.0',
145 silly addNameRange     '1.5.3',
145 silly addNameRange     '1.6.1',
145 silly addNameRange     '1.6.2',
145 silly addNameRange     '1.7.0',
145 silly addNameRange     '1.8.0',
145 silly addNameRange     '1.8.1',
145 silly addNameRange     '1.8.2',
145 silly addNameRange     '1.8.3',
145 silly addNameRange     '1.8.4',
145 silly addNameRange     '1.9.0',
145 silly addNameRange     '2.0.0',
145 silly addNameRange     '2.0.1',
145 silly addNameRange     '2.0.2',
145 silly addNameRange     '2.0.3',
145 silly addNameRange     '2.0.4',
145 silly addNameRange     '2.0.5',
145 silly addNameRange     '2.0.6',
145 silly addNameRange     '2.0.7',
145 silly addNameRange     '2.0.8',
145 silly addNameRange     '2.0.9',
145 silly addNameRange     '2.1.0',
145 silly addNameRange     '2.2.0',
145 silly addNameRange     '2.2.1',
145 silly addNameRange     '2.3.0',
145 silly addNameRange     '2.3.1',
145 silly addNameRange     '2.3.2',
145 silly addNameRange     '2.3.3',
145 silly addNameRange     '2.3.4',
145 silly addNameRange     '2.3.5',
145 silly addNameRange     '2.4.0',
145 silly addNameRange     '2.5.0',
145 silly addNameRange     '2.5.1',
145 silly addNameRange     '2.6.0',
145 silly addNameRange     '2.6.1',
145 silly addNameRange     '2.6.2' ] ]
146 silly addNamed nan@2.6.2
147 verbose addNamed "2.6.2" is a plain semver version for nan
148 silly cache afterAdd nan@2.6.2
149 verbose afterAdd C:\Users\s735645\AppData\Roaming\npm-cache\nan\2.6.2\package\package.json not in flight; writing
150 verbose correctMkdir C:\Users\s735645\AppData\Roaming\npm-cache correctMkdir not in flight; initializing
151 verbose afterAdd C:\Users\s735645\AppData\Roaming\npm-cache\nan\2.6.2\package\package.json written
152 http 304 https://registry.npmjs.org/bindings
153 verbose headers { date: 'Tue, 13 Jun 2017 07:44:59 GMT',
153 verbose headers   via: '1.1 varnish',
153 verbose headers   'cache-control': 'max-age=300',
153 verbose headers   etag: 'W/"59234f99-46bf"',
153 verbose headers   age: '0',
153 verbose headers   connection: 'keep-alive',
153 verbose headers   'x-served-by': 'cache-fjr7923-FJR',
153 verbose headers   'x-cache': 'HIT',
153 verbose headers   'x-cache-hits': '1',
153 verbose headers   'x-timer': 'S1497339900.796973,VS0,VE508',
153 verbose headers   vary: 'Accept-Encoding' }
154 silly get cb [ 304,
154 silly get   { date: 'Tue, 13 Jun 2017 07:44:59 GMT',
154 silly get     via: '1.1 varnish',
154 silly get     'cache-control': 'max-age=300',
154 silly get     etag: 'W/"59234f99-46bf"',
154 silly get     age: '0',
154 silly get     connection: 'keep-alive',
154 silly get     'x-served-by': 'cache-fjr7923-FJR',
154 silly get     'x-cache': 'HIT',
154 silly get     'x-cache-hits': '1',
154 silly get     'x-timer': 'S1497339900.796973,VS0,VE508',
154 silly get     vary: 'Accept-Encoding' } ]
155 verbose etag https://registry.npmjs.org/bindings from cache
156 verbose get saving bindings to C:\Users\s735645\AppData\Roaming\npm-cache\registry.npmjs.org\bindings\.cache.json
157 verbose correctMkdir C:\Users\s735645\AppData\Roaming\npm-cache correctMkdir not in flight; initializing
158 silly resolveWithNewModule bindings@1.2.1 checking installable status
159 silly cache add args [ 'bindings@^1.2.1', null ]
160 verbose cache add spec bindings@^1.2.1
161 silly cache add parsed spec Result {
161 silly cache add   raw: 'bindings@^1.2.1',
161 silly cache add   scope: null,
161 silly cache add   escapedName: 'bindings',
161 silly cache add   name: 'bindings',
161 silly cache add   rawSpec: '^1.2.1',
161 silly cache add   spec: '>=1.2.1 <2.0.0',
161 silly cache add   type: 'range' }
162 silly addNamed bindings@>=1.2.1 <2.0.0
163 verbose addNamed ">=1.2.1 <2.0.0" is a valid semver range for bindings
164 silly addNameRange { name: 'bindings', range: '>=1.2.1 <2.0.0', hasData: false }
165 silly mapToRegistry name bindings
166 silly mapToRegistry using default registry
167 silly mapToRegistry registry https://registry.npmjs.org/
168 silly mapToRegistry data Result {
168 silly mapToRegistry   raw: 'bindings',
168 silly mapToRegistry   scope: null,
168 silly mapToRegistry   escapedName: 'bindings',
168 silly mapToRegistry   name: 'bindings',
168 silly mapToRegistry   rawSpec: '',
168 silly mapToRegistry   spec: 'latest',
168 silly mapToRegistry   type: 'tag' }
169 silly mapToRegistry uri https://registry.npmjs.org/bindings
170 verbose addNameRange registry:https://registry.npmjs.org/bindings not in flight; fetching
171 verbose get https://registry.npmjs.org/bindings not expired, no request
172 silly addNameRange number 2 { name: 'bindings', range: '>=1.2.1 <2.0.0', hasData: true }
173 silly addNameRange versions [ 'bindings',
173 silly addNameRange   [ '0.0.1',
173 silly addNameRange     '0.1.0',
173 silly addNameRange     '0.1.1',
173 silly addNameRange     '0.2.0',
173 silly addNameRange     '0.2.1',
173 silly addNameRange     '0.2.2',
173 silly addNameRange     '0.2.3',
173 silly addNameRange     '0.2.4',
173 silly addNameRange     '0.3.0',
173 silly addNameRange     '0.4.0',
173 silly addNameRange     '1.0.0',
173 silly addNameRange     '1.1.0',
173 silly addNameRange     '1.1.1',
173 silly addNameRange     '1.2.0',
173 silly addNameRange     '1.2.1' ] ]
174 silly addNamed bindings@1.2.1
175 verbose addNamed "1.2.1" is a plain semver version for bindings
176 silly cache afterAdd bindings@1.2.1
177 verbose afterAdd C:\Users\s735645\AppData\Roaming\npm-cache\bindings\1.2.1\package\package.json not in flight; writing
178 verbose correctMkdir C:\Users\s735645\AppData\Roaming\npm-cache correctMkdir not in flight; initializing
179 verbose afterAdd C:\Users\s735645\AppData\Roaming\npm-cache\bindings\1.2.1\package\package.json written
180 silly fetchNamedPackageData fsevents
181 silly mapToRegistry name fsevents
182 silly mapToRegistry using default registry
183 silly mapToRegistry registry https://registry.npmjs.org/
184 silly mapToRegistry data Result {
184 silly mapToRegistry   raw: 'fsevents',
184 silly mapToRegistry   scope: null,
184 silly mapToRegistry   escapedName: 'fsevents',
184 silly mapToRegistry   name: 'fsevents',
184 silly mapToRegistry   rawSpec: '',
184 silly mapToRegistry   spec: 'latest',
184 silly mapToRegistry   type: 'tag' }
185 silly mapToRegistry uri https://registry.npmjs.org/fsevents
186 verbose request uri https://registry.npmjs.org/fsevents
187 verbose request no auth needed
188 info attempt registry request try #1 at 11:45:00 AM
189 verbose etag W/"593f6cc8-dcc1"
190 verbose lastModified Tue, 13 Jun 2017 04:40:40 GMT
191 http request GET https://registry.npmjs.org/fsevents
192 http 304 https://registry.npmjs.org/fsevents
193 verbose headers { date: 'Tue, 13 Jun 2017 07:45:00 GMT',
193 verbose headers   via: '1.1 varnish',
193 verbose headers   'cache-control': 'max-age=300',
193 verbose headers   etag: 'W/"593f6cc8-dcc1"',
193 verbose headers   age: '217',
193 verbose headers   connection: 'keep-alive',
193 verbose headers   'x-served-by': 'cache-fjr7921-FJR',
193 verbose headers   'x-cache': 'HIT',
193 verbose headers   'x-cache-hits': '8',
193 verbose headers   'x-timer': 'S1497339900.413187,VS0,VE0',
193 verbose headers   vary: 'Accept-Encoding' }
194 silly get cb [ 304,
194 silly get   { date: 'Tue, 13 Jun 2017 07:45:00 GMT',
194 silly get     via: '1.1 varnish',
194 silly get     'cache-control': 'max-age=300',
194 silly get     etag: 'W/"593f6cc8-dcc1"',
194 silly get     age: '217',
194 silly get     connection: 'keep-alive',
194 silly get     'x-served-by': 'cache-fjr7921-FJR',
194 silly get     'x-cache': 'HIT',
194 silly get     'x-cache-hits': '8',
194 silly get     'x-timer': 'S1497339900.413187,VS0,VE0',
194 silly get     vary: 'Accept-Encoding' } ]
195 verbose etag https://registry.npmjs.org/fsevents from cache
196 verbose get saving fsevents to C:\Users\s735645\AppData\Roaming\npm-cache\registry.npmjs.org\fsevents\.cache.json
197 verbose correctMkdir C:\Users\s735645\AppData\Roaming\npm-cache correctMkdir not in flight; initializing
198 silly resolveWithNewModule fsevents@1.1.2 checking installable status
199 silly loadAllDepsIntoIdealTree Finishing
200 silly loadIdealTree Finishing
201 silly currentTree chatapp@1.0.0
201 silly currentTree +-- abbrev@1.1.0
201 silly currentTree +-- accepts@1.3.3
201 silly currentTree +-- acorn-globals@1.0.9
201 silly currentTree +-- acorn@2.7.0
201 silly currentTree +-- align-text@0.1.4
201 silly currentTree +-- amdefine@1.0.1
201 silly currentTree +-- ansi-regex@2.1.1
201 silly currentTree +-- ansi-styles@2.2.1
201 silly currentTree +-- anymatch@1.3.0
201 silly currentTree +-- arr-diff@2.0.0
201 silly currentTree +-- arr-flatten@1.0.3
201 silly currentTree +-- array-flatten@1.1.1
201 silly currentTree +-- array-unique@0.2.1
201 silly currentTree +-- arrify@1.0.1
201 silly currentTree +-- asap@1.0.0
201 silly currentTree +-- async-each@1.0.1
201 silly currentTree +-- balanced-match@1.0.0
201 silly currentTree +-- basic-auth@1.1.0
201 silly currentTree +-- binary-extensions@1.8.0
201 silly currentTree +-- body-parser@1.17.2
201 silly currentTree +-- bootstrap@3.3.7
201 silly currentTree +-- brace-expansion@1.1.8
201 silly currentTree +-- braces@1.8.5
201 silly currentTree +-- bytes@2.4.0
201 silly currentTree +-- camelcase@1.2.1
201 silly currentTree +-- center-align@0.1.3
201 silly currentTree +-- chalk@1.1.3
201 silly currentTree +-- character-parser@1.2.1
201 silly currentTree +-- chokidar@1.7.0
201 silly currentTree +-- clean-css@3.4.27
201 silly currentTree | `-- commander@2.8.1
201 silly currentTree +-- cliui@2.1.0
201 silly currentTree | `-- wordwrap@0.0.2
201 silly currentTree +-- commander@2.6.0
201 silly currentTree +-- concat-map@0.0.1
201 silly currentTree +-- configstore@1.4.0
201 silly currentTree +-- constantinople@3.0.2
201 silly currentTree +-- content-disposition@0.5.2
201 silly currentTree +-- content-type@1.0.2
201 silly currentTree +-- cookie-signature@1.0.6
201 silly currentTree +-- cookie@0.3.1
201 silly currentTree +-- core-util-is@1.0.2
201 silly currentTree +-- crc@3.4.4
201 silly currentTree +-- css-parse@1.0.4
201 silly currentTree +-- css-stringify@1.0.5
201 silly currentTree +-- css@1.0.8
201 silly currentTree +-- debug@2.6.7
201 silly currentTree +-- decamelize@1.2.0
201 silly currentTree +-- deep-extend@0.4.2
201 silly currentTree +-- depd@1.1.0
201 silly currentTree +-- destroy@1.0.4
201 silly currentTree +-- duplexer@0.1.1
201 silly currentTree +-- duplexify@3.5.0
201 silly currentTree +-- ee-first@1.1.1
201 silly currentTree +-- encodeurl@1.0.1
201 silly currentTree +-- end-of-stream@1.0.0
201 silly currentTree +-- es6-promise@3.3.1
201 silly currentTree +-- escape-html@1.0.3
201 silly currentTree +-- escape-string-regexp@1.0.5
201 silly currentTree +-- etag@1.8.0
201 silly currentTree +-- event-stream@3.3.4
201 silly currentTree +-- expand-brackets@0.1.5
201 silly currentTree +-- expand-range@1.8.2
201 silly currentTree +-- express-session@1.15.3
201 silly currentTree +-- express@4.15.3
201 silly currentTree +-- extglob@0.3.2
201 silly currentTree +-- filename-regex@2.0.1
201 silly currentTree +-- fill-range@2.2.3
201 silly currentTree +-- finalhandler@1.0.3
201 silly currentTree +-- for-in@1.0.2
201 silly currentTree +-- for-own@0.1.5
201 silly currentTree +-- forwarded@0.1.0
201 silly currentTree +-- fresh@0.5.0
201 silly currentTree +-- from@0.1.7
201 silly currentTree +-- fs@0.0.1-security
201 silly currentTree +-- glob-base@0.3.0
201 silly currentTree +-- glob-parent@2.0.0
201 silly currentTree +-- got@3.3.1
201 silly currentTree | `-- object-assign@3.0.0
201 silly currentTree +-- graceful-fs@4.1.11
201 silly currentTree +-- graceful-readlink@1.0.1
201 silly currentTree +-- has-ansi@2.0.0
201 silly currentTree +-- hoek@4.1.1
201 silly currentTree +-- http-errors@1.6.1
201 silly currentTree +-- iconv-lite@0.4.15
201 silly currentTree +-- ignore-by-default@1.0.1
201 silly currentTree +-- imurmurhash@0.1.4
201 silly currentTree +-- infinity-agent@2.0.3
201 silly currentTree +-- inherits@2.0.3
201 silly currentTree +-- ini@1.3.4
201 silly currentTree +-- ipaddr.js@1.3.0
201 silly currentTree +-- is-binary-path@1.0.1
201 silly currentTree +-- is-buffer@1.1.5
201 silly currentTree +-- is-dotfile@1.0.3
201 silly currentTree +-- is-equal-shallow@0.1.3
201 silly currentTree +-- is-extendable@0.1.1
201 silly currentTree +-- is-extglob@1.0.0
201 silly currentTree +-- is-finite@1.0.2
201 silly currentTree +-- is-glob@2.0.1
201 silly currentTree +-- is-npm@1.0.0
201 silly currentTree +-- is-number@2.1.0
201 silly currentTree +-- is-posix-bracket@0.1.1
201 silly currentTree +-- is-primitive@2.0.0
201 silly currentTree +-- is-promise@2.1.0
201 silly currentTree +-- is-redirect@1.0.0
201 silly currentTree +-- is-stream@1.1.0
201 silly currentTree +-- isarray@1.0.0
201 silly currentTree +-- isemail@2.2.1
201 silly currentTree +-- isobject@2.1.0
201 silly currentTree +-- items@2.1.1
201 silly currentTree +-- jade@1.11.0
201 silly currentTree +-- joi@9.2.0
201 silly currentTree +-- jquery@2.2.4
201 silly currentTree +-- jstransformer@0.0.2
201 silly currentTree +-- kind-of@3.2.2
201 silly currentTree +-- latest-version@1.0.1
201 silly currentTree +-- lazy-cache@1.0.4
201 silly currentTree +-- lodash._baseassign@3.2.0
201 silly currentTree +-- lodash._basecopy@3.0.1
201 silly currentTree +-- lodash._bindcallback@3.0.1
201 silly currentTree +-- lodash._createassigner@3.1.1
201 silly currentTree +-- lodash._getnative@3.9.1
201 silly currentTree +-- lodash._isiterateecall@3.0.9
201 silly currentTree +-- lodash.assign@3.2.0
201 silly currentTree +-- lodash.defaults@3.1.2
201 silly currentTree +-- lodash.isarguments@3.1.0
201 silly currentTree +-- lodash.isarray@3.0.4
201 silly currentTree +-- lodash.keys@3.1.2
201 silly currentTree +-- lodash.restparam@3.6.1
201 silly currentTree +-- lodash@4.17.4
201 silly currentTree +-- longest@1.0.1
201 silly currentTree +-- lowercase-keys@1.0.0
201 silly currentTree +-- map-stream@0.1.0
201 silly currentTree +-- media-typer@0.3.0
201 silly currentTree +-- merge-descriptors@1.0.1
201 silly currentTree +-- methods@1.1.2
201 silly currentTree +-- micromatch@2.3.11
201 silly currentTree +-- mime-db@1.27.0
201 silly currentTree +-- mime-types@2.1.15
201 silly currentTree +-- mime@1.3.4
201 silly currentTree +-- minimatch@3.0.4
201 silly currentTree +-- minimist@0.0.8
201 silly currentTree +-- mkdirp@0.5.1
201 silly currentTree +-- moment@2.18.1
201 silly currentTree +-- morgan@1.8.2
201 silly currentTree | `-- debug@2.6.8
201 silly currentTree +-- ms@2.0.0
201 silly currentTree +-- negotiator@0.6.1
201 silly currentTree +-- nested-error-stacks@1.0.2
201 silly currentTree +-- node-uuid@1.4.8
201 silly currentTree +-- nodemon@1.11.0
201 silly currentTree +-- nopt@1.0.10
201 silly currentTree +-- normalize-path@2.1.1
201 silly currentTree +-- number-is-nan@1.0.1
201 silly currentTree +-- object-assign@4.1.1
201 silly currentTree +-- object.omit@2.0.1
201 silly currentTree +-- on-finished@2.3.0
201 silly currentTree +-- on-headers@1.0.1
201 silly currentTree +-- once@1.3.3
201 silly currentTree +-- optimist@0.3.7
201 silly currentTree +-- os-homedir@1.0.2
201 silly currentTree +-- os-tmpdir@1.0.2
201 silly currentTree +-- osenv@0.1.4
201 silly currentTree +-- package-json@1.2.0
201 silly currentTree +-- parse-glob@3.0.4
201 silly currentTree +-- parseurl@1.3.1
201 silly currentTree +-- passport-local@1.0.0
201 silly currentTree +-- passport-strategy@1.0.0
201 silly currentTree +-- passport@0.3.2
201 silly currentTree +-- path-is-absolute@1.0.1
201 silly currentTree +-- path-to-regexp@0.1.7
201 silly currentTree +-- pause-stream@0.0.11
201 silly currentTree +-- pause@0.0.1
201 silly currentTree +-- pinkie-promise@2.0.1
201 silly currentTree +-- pinkie@2.0.4
201 silly currentTree +-- prepend-http@1.0.4
201 silly currentTree +-- preserve@0.2.0
201 silly currentTree +-- process-nextick-args@1.0.7
201 silly currentTree +-- promise@6.1.0
201 silly currentTree +-- proxy-addr@1.1.4
201 silly currentTree +-- ps-tree@1.1.0
201 silly currentTree +-- qs@6.4.0
201 silly currentTree +-- random-bytes@1.0.0
201 silly currentTree +-- randomatic@1.1.7
201 silly currentTree | +-- is-number@3.0.0
201 silly currentTree | | `-- kind-of@3.2.2
201 silly currentTree | `-- kind-of@4.0.0
201 silly currentTree +-- range-parser@1.2.0
201 silly currentTree +-- raw-body@2.2.0
201 silly currentTree +-- rc@1.2.1
201 silly currentTree | `-- minimist@1.2.0
201 silly currentTree +-- read-all-stream@3.1.0
201 silly currentTree +-- readable-stream@2.2.11
201 silly currentTree +-- readdirp@2.1.0
201 silly currentTree +-- regex-cache@0.4.3
201 silly currentTree +-- registry-url@3.1.0
201 silly currentTree +-- remove-trailing-separator@1.0.2
201 silly currentTree +-- repeat-element@1.1.2
201 silly currentTree +-- repeat-string@1.6.1
201 silly currentTree +-- repeating@1.1.3
201 silly currentTree +-- right-align@0.1.3
201 silly currentTree +-- safe-buffer@5.0.1
201 silly currentTree +-- sax@1.2.2
201 silly currentTree +-- semver-diff@2.1.0
201 silly currentTree +-- semver@5.3.0
201 silly currentTree +-- send@0.15.3
201 silly currentTree +-- serve-static@1.12.3
201 silly currentTree +-- set-immediate-shim@1.0.1
201 silly currentTree +-- setprototypeof@1.0.3
201 silly currentTree +-- slide@1.1.6
201 silly currentTree +-- source-map@0.4.4
201 silly currentTree +-- split@0.3.3
201 silly currentTree +-- statuses@1.3.1
201 silly currentTree +-- stream-combiner@0.0.4
201 silly currentTree +-- stream-shift@1.0.0
201 silly currentTree +-- string_decoder@1.0.2
201 silly currentTree +-- string-length@1.0.1
201 silly currentTree +-- strip-ansi@3.0.1
201 silly currentTree +-- strip-json-comments@2.0.1
201 silly currentTree +-- supports-color@2.0.0
201 silly currentTree +-- through@2.3.8
201 silly currentTree +-- timed-out@2.0.0
201 silly currentTree +-- topo@2.0.2
201 silly currentTree +-- touch@1.0.0
201 silly currentTree +-- transformers@2.1.0
201 silly currentTree | +-- is-promise@1.0.1
201 silly currentTree | +-- promise@2.0.0
201 silly currentTree | +-- source-map@0.1.43
201 silly currentTree | `-- uglify-js@2.2.5
201 silly currentTree +-- type-is@1.6.15
201 silly currentTree +-- uglify-js@2.8.28
201 silly currentTree | `-- source-map@0.5.6
201 silly currentTree +-- uglify-to-browserify@1.0.2
201 silly currentTree +-- uid-safe@2.1.4
201 silly currentTree +-- undefsafe@0.0.3
201 silly currentTree +-- unpipe@1.0.0
201 silly currentTree +-- update-notifier@0.5.0
201 silly currentTree +-- util-deprecate@1.0.2
201 silly currentTree +-- utils-merge@1.0.0
201 silly currentTree +-- uuid@2.0.3
201 silly currentTree +-- vary@1.1.1
201 silly currentTree +-- void-elements@2.0.1
201 silly currentTree +-- window-size@0.1.0
201 silly currentTree +-- with@4.0.3
201 silly currentTree | `-- acorn@1.2.2
201 silly currentTree +-- wordwrap@0.0.3
201 silly currentTree +-- wrappy@1.0.2
201 silly currentTree +-- write-file-atomic@1.3.4
201 silly currentTree +-- xdg-basedir@2.0.0
201 silly currentTree +-- xml2js@0.4.17
201 silly currentTree +-- xmlbuilder@4.2.1
201 silly currentTree `-- yargs@3.10.0
202 silly idealTree chatapp@1.0.0
202 silly idealTree +-- abbrev@1.1.0
202 silly idealTree +-- accepts@1.3.3
202 silly idealTree +-- acorn-globals@1.0.9
202 silly idealTree +-- acorn@2.7.0
202 silly idealTree +-- align-text@0.1.4
202 silly idealTree +-- amdefine@1.0.1
202 silly idealTree +-- ansi-regex@2.1.1
202 silly idealTree +-- ansi-styles@2.2.1
202 silly idealTree +-- anymatch@1.3.0
202 silly idealTree +-- arr-diff@2.0.0
202 silly idealTree +-- arr-flatten@1.0.3
202 silly idealTree +-- array-flatten@1.1.1
202 silly idealTree +-- array-unique@0.2.1
202 silly idealTree +-- arrify@1.0.1
202 silly idealTree +-- asap@1.0.0
202 silly idealTree +-- async-each@1.0.1
202 silly idealTree +-- balanced-match@1.0.0
202 silly idealTree +-- basic-auth@1.1.0
202 silly idealTree +-- binary-extensions@1.8.0
202 silly idealTree +-- bindings@1.2.1
202 silly idealTree +-- body-parser@1.17.2
202 silly idealTree +-- bootstrap@3.3.7
202 silly idealTree +-- brace-expansion@1.1.8
202 silly idealTree +-- braces@1.8.5
202 silly idealTree +-- bytes@2.4.0
202 silly idealTree +-- camelcase@1.2.1
202 silly idealTree +-- center-align@0.1.3
202 silly idealTree +-- chalk@1.1.3
202 silly idealTree +-- character-parser@1.2.1
202 silly idealTree +-- chokidar@1.7.0
202 silly idealTree +-- clean-css@3.4.27
202 silly idealTree | `-- commander@2.8.1
202 silly idealTree +-- cliui@2.1.0
202 silly idealTree | `-- wordwrap@0.0.2
202 silly idealTree +-- commander@2.6.0
202 silly idealTree +-- concat-map@0.0.1
202 silly idealTree +-- configstore@1.4.0
202 silly idealTree +-- constantinople@3.0.2
202 silly idealTree +-- content-disposition@0.5.2
202 silly idealTree +-- content-type@1.0.2
202 silly idealTree +-- cookie-signature@1.0.6
202 silly idealTree +-- cookie@0.3.1
202 silly idealTree +-- core-util-is@1.0.2
202 silly idealTree +-- crc@3.4.4
202 silly idealTree +-- css-parse@1.0.4
202 silly idealTree +-- css-stringify@1.0.5
202 silly idealTree +-- css@1.0.8
202 silly idealTree +-- debug@2.6.7
202 silly idealTree +-- decamelize@1.2.0
202 silly idealTree +-- deep-extend@0.4.2
202 silly idealTree +-- depd@1.1.0
202 silly idealTree +-- destroy@1.0.4
202 silly idealTree +-- duplexer@0.1.1
202 silly idealTree +-- duplexify@3.5.0
202 silly idealTree +-- ee-first@1.1.1
202 silly idealTree +-- encodeurl@1.0.1
202 silly idealTree +-- end-of-stream@1.0.0
202 silly idealTree +-- es6-promise@3.3.1
202 silly idealTree +-- escape-html@1.0.3
202 silly idealTree +-- escape-string-regexp@1.0.5
202 silly idealTree +-- etag@1.8.0
202 silly idealTree +-- event-stream@3.3.4
202 silly idealTree +-- expand-brackets@0.1.5
202 silly idealTree +-- expand-range@1.8.2
202 silly idealTree +-- express-session@1.15.3
202 silly idealTree +-- express@4.15.3
202 silly idealTree +-- extglob@0.3.2
202 silly idealTree +-- filename-regex@2.0.1
202 silly idealTree +-- fill-range@2.2.3
202 silly idealTree +-- finalhandler@1.0.3
202 silly idealTree +-- for-in@1.0.2
202 silly idealTree +-- for-own@0.1.5
202 silly idealTree +-- forwarded@0.1.0
202 silly idealTree +-- fresh@0.5.0
202 silly idealTree +-- from@0.1.7
202 silly idealTree +-- fs@0.0.1-security
202 silly idealTree +-- glob-base@0.3.0
202 silly idealTree +-- glob-parent@2.0.0
202 silly idealTree +-- got@3.3.1
202 silly idealTree | `-- object-assign@3.0.0
202 silly idealTree +-- graceful-fs@4.1.11
202 silly idealTree +-- graceful-readlink@1.0.1
202 silly idealTree +-- has-ansi@2.0.0
202 silly idealTree +-- hoek@4.1.1
202 silly idealTree +-- http-errors@1.6.1
202 silly idealTree +-- iconv-lite@0.4.15
202 silly idealTree +-- ignore-by-default@1.0.1
202 silly idealTree +-- imurmurhash@0.1.4
202 silly idealTree +-- infinity-agent@2.0.3
202 silly idealTree +-- inherits@2.0.3
202 silly idealTree +-- ini@1.3.4
202 silly idealTree +-- ipaddr.js@1.3.0
202 silly idealTree +-- is-binary-path@1.0.1
202 silly idealTree +-- is-buffer@1.1.5
202 silly idealTree +-- is-dotfile@1.0.3
202 silly idealTree +-- is-equal-shallow@0.1.3
202 silly idealTree +-- is-extendable@0.1.1
202 silly idealTree +-- is-extglob@1.0.0
202 silly idealTree +-- is-finite@1.0.2
202 silly idealTree +-- is-glob@2.0.1
202 silly idealTree +-- is-npm@1.0.0
202 silly idealTree +-- is-number@2.1.0
202 silly idealTree +-- is-posix-bracket@0.1.1
202 silly idealTree +-- is-primitive@2.0.0
202 silly idealTree +-- is-promise@2.1.0
202 silly idealTree +-- is-redirect@1.0.0
202 silly idealTree +-- is-stream@1.1.0
202 silly idealTree +-- isarray@1.0.0
202 silly idealTree +-- isemail@2.2.1
202 silly idealTree +-- isobject@2.1.0
202 silly idealTree +-- items@2.1.1
202 silly idealTree +-- jade@1.11.0
202 silly idealTree +-- joi@9.2.0
202 silly idealTree +-- jquery@2.2.4
202 silly idealTree +-- jstransformer@0.0.2
202 silly idealTree +-- kind-of@3.2.2
202 silly idealTree +-- latest-version@1.0.1
202 silly idealTree +-- lazy-cache@1.0.4
202 silly idealTree +-- lodash._baseassign@3.2.0
202 silly idealTree +-- lodash._basecopy@3.0.1
202 silly idealTree +-- lodash._bindcallback@3.0.1
202 silly idealTree +-- lodash._createassigner@3.1.1
202 silly idealTree +-- lodash._getnative@3.9.1
202 silly idealTree +-- lodash._isiterateecall@3.0.9
202 silly idealTree +-- lodash.assign@3.2.0
202 silly idealTree +-- lodash.defaults@3.1.2
202 silly idealTree +-- lodash.isarguments@3.1.0
202 silly idealTree +-- lodash.isarray@3.0.4
202 silly idealTree +-- lodash.keys@3.1.2
202 silly idealTree +-- lodash.restparam@3.6.1
202 silly idealTree +-- lodash@4.17.4
202 silly idealTree +-- longest@1.0.1
202 silly idealTree +-- lowercase-keys@1.0.0
202 silly idealTree +-- map-stream@0.1.0
202 silly idealTree +-- media-typer@0.3.0
202 silly idealTree +-- merge-descriptors@1.0.1
202 silly idealTree +-- methods@1.1.2
202 silly idealTree +-- micromatch@2.3.11
202 silly idealTree +-- mime-db@1.27.0
202 silly idealTree +-- mime-types@2.1.15
202 silly idealTree +-- mime@1.3.4
202 silly idealTree +-- minimatch@3.0.4
202 silly idealTree +-- minimist@0.0.8
202 silly idealTree +-- mkdirp@0.5.1
202 silly idealTree +-- moment@2.18.1
202 silly idealTree +-- morgan@1.8.2
202 silly idealTree | `-- debug@2.6.8
202 silly idealTree +-- ms@2.0.0
202 silly idealTree +-- nan@2.6.2
202 silly idealTree +-- negotiator@0.6.1
202 silly idealTree +-- nested-error-stacks@1.0.2
202 silly idealTree +-- node-expat@2.3.15
202 silly idealTree +-- node-uuid@1.4.8
202 silly idealTree +-- nodemon@1.11.0
202 silly idealTree +-- nopt@1.0.10
202 silly idealTree +-- normalize-path@2.1.1
202 silly idealTree +-- number-is-nan@1.0.1
202 silly idealTree +-- object-assign@4.1.1
202 silly idealTree +-- object.omit@2.0.1
202 silly idealTree +-- on-finished@2.3.0
202 silly idealTree +-- on-headers@1.0.1
202 silly idealTree +-- once@1.3.3
202 silly idealTree +-- optimist@0.3.7
202 silly idealTree +-- os-homedir@1.0.2
202 silly idealTree +-- os-tmpdir@1.0.2
202 silly idealTree +-- osenv@0.1.4
202 silly idealTree +-- package-json@1.2.0
202 silly idealTree +-- parse-glob@3.0.4
202 silly idealTree +-- parseurl@1.3.1
202 silly idealTree +-- passport-local@1.0.0
202 silly idealTree +-- passport-strategy@1.0.0
202 silly idealTree +-- passport@0.3.2
202 silly idealTree +-- path-is-absolute@1.0.1
202 silly idealTree +-- path-to-regexp@0.1.7
202 silly idealTree +-- pause-stream@0.0.11
202 silly idealTree +-- pause@0.0.1
202 silly idealTree +-- pinkie-promise@2.0.1
202 silly idealTree +-- pinkie@2.0.4
202 silly idealTree +-- prepend-http@1.0.4
202 silly idealTree +-- preserve@0.2.0
202 silly idealTree +-- process-nextick-args@1.0.7
202 silly idealTree +-- promise@6.1.0
202 silly idealTree +-- proxy-addr@1.1.4
202 silly idealTree +-- ps-tree@1.1.0
202 silly idealTree +-- qs@6.4.0
202 silly idealTree +-- random-bytes@1.0.0
202 silly idealTree +-- randomatic@1.1.7
202 silly idealTree | +-- is-number@3.0.0
202 silly idealTree | | `-- kind-of@3.2.2
202 silly idealTree | `-- kind-of@4.0.0
202 silly idealTree +-- range-parser@1.2.0
202 silly idealTree +-- raw-body@2.2.0
202 silly idealTree +-- rc@1.2.1
202 silly idealTree | `-- minimist@1.2.0
202 silly idealTree +-- read-all-stream@3.1.0
202 silly idealTree +-- readable-stream@2.2.11
202 silly idealTree +-- readdirp@2.1.0
202 silly idealTree +-- regex-cache@0.4.3
202 silly idealTree +-- registry-url@3.1.0
202 silly idealTree +-- remove-trailing-separator@1.0.2
202 silly idealTree +-- repeat-element@1.1.2
202 silly idealTree +-- repeat-string@1.6.1
202 silly idealTree +-- repeating@1.1.3
202 silly idealTree +-- right-align@0.1.3
202 silly idealTree +-- safe-buffer@5.0.1
202 silly idealTree +-- sax@1.2.2
202 silly idealTree +-- semver-diff@2.1.0
202 silly idealTree +-- semver@5.3.0
202 silly idealTree +-- send@0.15.3
202 silly idealTree +-- serve-static@1.12.3
202 silly idealTree +-- set-immediate-shim@1.0.1
202 silly idealTree +-- setprototypeof@1.0.3
202 silly idealTree +-- slide@1.1.6
202 silly idealTree +-- source-map@0.4.4
202 silly idealTree +-- split@0.3.3
202 silly idealTree +-- statuses@1.3.1
202 silly idealTree +-- stream-combiner@0.0.4
202 silly idealTree +-- stream-shift@1.0.0
202 silly idealTree +-- string_decoder@1.0.2
202 silly idealTree +-- string-length@1.0.1
202 silly idealTree +-- strip-ansi@3.0.1
202 silly idealTree +-- strip-json-comments@2.0.1
202 silly idealTree +-- supports-color@2.0.0
202 silly idealTree +-- through@2.3.8
202 silly idealTree +-- timed-out@2.0.0
202 silly idealTree +-- topo@2.0.2
202 silly idealTree +-- touch@1.0.0
202 silly idealTree +-- transformers@2.1.0
202 silly idealTree | +-- is-promise@1.0.1
202 silly idealTree | +-- promise@2.0.0
202 silly idealTree | +-- source-map@0.1.43
202 silly idealTree | `-- uglify-js@2.2.5
202 silly idealTree +-- type-is@1.6.15
202 silly idealTree +-- uglify-js@2.8.28
202 silly idealTree | `-- source-map@0.5.6
202 silly idealTree +-- uglify-to-browserify@1.0.2
202 silly idealTree +-- uid-safe@2.1.4
202 silly idealTree +-- undefsafe@0.0.3
202 silly idealTree +-- unpipe@1.0.0
202 silly idealTree +-- update-notifier@0.5.0
202 silly idealTree +-- util-deprecate@1.0.2
202 silly idealTree +-- utils-merge@1.0.0
202 silly idealTree +-- uuid@2.0.3
202 silly idealTree +-- vary@1.1.1
202 silly idealTree +-- void-elements@2.0.1
202 silly idealTree +-- window-size@0.1.0
202 silly idealTree +-- with@4.0.3
202 silly idealTree | `-- acorn@1.2.2
202 silly idealTree +-- wordwrap@0.0.3
202 silly idealTree +-- wrappy@1.0.2
202 silly idealTree +-- write-file-atomic@1.3.4
202 silly idealTree +-- xdg-basedir@2.0.0
202 silly idealTree +-- xml2js@0.4.17
202 silly idealTree +-- xml2json@0.11.0
202 silly idealTree +-- xmlbuilder@4.2.1
202 silly idealTree `-- yargs@3.10.0
203 silly generateActionsToTake Starting
204 silly install generateActionsToTake
205 silly generateActionsToTake Finishing
206 silly diffTrees action count 4
207 silly diffTrees add bindings@1.2.1
208 silly diffTrees add nan@2.6.2
209 silly diffTrees add node-expat@2.3.15
210 silly diffTrees add xml2json@0.11.0
211 silly decomposeActions action count 32
212 silly decomposeActions fetch bindings@1.2.1
213 silly decomposeActions extract bindings@1.2.1
214 silly decomposeActions test bindings@1.2.1
215 silly decomposeActions preinstall bindings@1.2.1
216 silly decomposeActions build bindings@1.2.1
217 silly decomposeActions install bindings@1.2.1
218 silly decomposeActions postinstall bindings@1.2.1
219 silly decomposeActions finalize bindings@1.2.1
220 silly decomposeActions fetch nan@2.6.2
221 silly decomposeActions extract nan@2.6.2
222 silly decomposeActions test nan@2.6.2
223 silly decomposeActions preinstall nan@2.6.2
224 silly decomposeActions build nan@2.6.2
225 silly decomposeActions install nan@2.6.2
226 silly decomposeActions postinstall nan@2.6.2
227 silly decomposeActions finalize nan@2.6.2
228 silly decomposeActions fetch node-expat@2.3.15
229 silly decomposeActions extract node-expat@2.3.15
230 silly decomposeActions test node-expat@2.3.15
231 silly decomposeActions preinstall node-expat@2.3.15
232 silly decomposeActions build node-expat@2.3.15
233 silly decomposeActions install node-expat@2.3.15
234 silly decomposeActions postinstall node-expat@2.3.15
235 silly decomposeActions finalize node-expat@2.3.15
236 silly decomposeActions fetch xml2json@0.11.0
237 silly decomposeActions extract xml2json@0.11.0
238 silly decomposeActions test xml2json@0.11.0
239 silly decomposeActions preinstall xml2json@0.11.0
240 silly decomposeActions build xml2json@0.11.0
241 silly decomposeActions install xml2json@0.11.0
242 silly decomposeActions postinstall xml2json@0.11.0
243 silly decomposeActions finalize xml2json@0.11.0
244 silly runTopLevelLifecycles Starting
245 silly executeActions Starting
246 silly install executeActions
247 silly doSerial global-install 0
248 silly doParallel fetch 4
249 verbose correctMkdir C:\Users\s735645\AppData\Roaming\npm-cache\_locks correctMkdir not in flight; initializing
250 verbose lock using C:\Users\s735645\AppData\Roaming\npm-cache\_locks\staging-de888230e73b8e13.lock for C:\Workspace\Personal\RND\NodeAPP\NodeWithPassport\node_modules\.staging
251 silly doParallel extract 4
252 silly extract bindings@1.2.1
253 silly extract nan@2.6.2
254 silly extract node-expat@2.3.15
255 silly extract xml2json@0.11.0
256 verbose unbuild node_modules\.staging\bindings-45c0bdce
257 verbose unbuild node_modules\.staging\nan-f7683107
258 verbose unbuild node_modules\.staging\node-expat-cd22c976
259 silly gentlyRm C:\Workspace\Personal\RND\NodeAPP\NodeWithPassport\node_modules\.staging\bindings-45c0bdce is being purged from base C:\Workspace\Personal\RND\NodeAPP\NodeWithPassport
260 verbose gentlyRm don't care about contents; nuking C:\Workspace\Personal\RND\NodeAPP\NodeWithPassport\node_modules\.staging\bindings-45c0bdce
261 silly gentlyRm C:\Workspace\Personal\RND\NodeAPP\NodeWithPassport\node_modules\.staging\nan-f7683107 is being purged from base C:\Workspace\Personal\RND\NodeAPP\NodeWithPassport
262 verbose gentlyRm don't care about contents; nuking C:\Workspace\Personal\RND\NodeAPP\NodeWithPassport\node_modules\.staging\nan-f7683107
263 verbose unbuild node_modules\.staging\xml2json-a7cf8a0d
264 silly gentlyRm C:\Workspace\Personal\RND\NodeAPP\NodeWithPassport\node_modules\.staging\node-expat-cd22c976 is being purged from base C:\Workspace\Personal\RND\NodeAPP\NodeWithPassport
265 verbose gentlyRm don't care about contents; nuking C:\Workspace\Personal\RND\NodeAPP\NodeWithPassport\node_modules\.staging\node-expat-cd22c976
266 verbose tar unpack C:\Users\s735645\AppData\Roaming\npm-cache\bindings\1.2.1\package.tgz
267 verbose tar unpacking to C:\Workspace\Personal\RND\NodeAPP\NodeWithPassport\node_modules\.staging\bindings-45c0bdce
268 silly gentlyRm C:\Workspace\Personal\RND\NodeAPP\NodeWithPassport\node_modules\.staging\bindings-45c0bdce is being purged
269 verbose gentlyRm don't care about contents; nuking C:\Workspace\Personal\RND\NodeAPP\NodeWithPassport\node_modules\.staging\bindings-45c0bdce
270 verbose tar unpack C:\Users\s735645\AppData\Roaming\npm-cache\nan\2.6.2\package.tgz
271 verbose tar unpacking to C:\Workspace\Personal\RND\NodeAPP\NodeWithPassport\node_modules\.staging\nan-f7683107
272 silly gentlyRm C:\Workspace\Personal\RND\NodeAPP\NodeWithPassport\node_modules\.staging\nan-f7683107 is being purged
273 verbose gentlyRm don't care about contents; nuking C:\Workspace\Personal\RND\NodeAPP\NodeWithPassport\node_modules\.staging\nan-f7683107
274 verbose tar unpack C:\Users\s735645\AppData\Roaming\npm-cache\node-expat\2.3.15\package.tgz
275 verbose tar unpacking to C:\Workspace\Personal\RND\NodeAPP\NodeWithPassport\node_modules\.staging\node-expat-cd22c976
276 silly gentlyRm C:\Workspace\Personal\RND\NodeAPP\NodeWithPassport\node_modules\.staging\node-expat-cd22c976 is being purged
277 verbose gentlyRm don't care about contents; nuking C:\Workspace\Personal\RND\NodeAPP\NodeWithPassport\node_modules\.staging\node-expat-cd22c976
278 silly gunzTarPerm modes [ '777', '666' ]
279 silly gunzTarPerm modes [ '777', '666' ]
280 silly gunzTarPerm modes [ '777', '666' ]
281 silly gentlyRm C:\Workspace\Personal\RND\NodeAPP\NodeWithPassport\node_modules\.staging\xml2json-a7cf8a0d is being purged from base C:\Workspace\Personal\RND\NodeAPP\NodeWithPassport
282 verbose gentlyRm don't care about contents; nuking C:\Workspace\Personal\RND\NodeAPP\NodeWithPassport\node_modules\.staging\xml2json-a7cf8a0d
283 verbose tar unpack C:\Users\s735645\AppData\Roaming\npm-cache\xml2json\0.11.0\package.tgz
284 verbose tar unpacking to C:\Workspace\Personal\RND\NodeAPP\NodeWithPassport\node_modules\.staging\xml2json-a7cf8a0d
285 silly gentlyRm C:\Workspace\Personal\RND\NodeAPP\NodeWithPassport\node_modules\.staging\xml2json-a7cf8a0d is being purged
286 verbose gentlyRm don't care about contents; nuking C:\Workspace\Personal\RND\NodeAPP\NodeWithPassport\node_modules\.staging\xml2json-a7cf8a0d
287 silly gunzTarPerm modes [ '777', '666' ]
288 silly gunzTarPerm extractEntry package.json
289 silly gunzTarPerm modified mode [ 'package.json', 420, 438 ]
290 silly gunzTarPerm extractEntry package.json
291 silly gunzTarPerm modified mode [ 'package.json', 436, 438 ]
292 silly gunzTarPerm extractEntry package.json
293 silly gunzTarPerm modified mode [ 'package.json', 420, 438 ]
294 silly gunzTarPerm extractEntry package.json
295 silly gunzTarPerm modified mode [ 'package.json', 420, 438 ]
296 silly gunzTarPerm extractEntry README.md
297 silly gunzTarPerm modified mode [ 'README.md', 420, 438 ]
298 silly gunzTarPerm extractEntry bindings.js
299 silly gunzTarPerm modified mode [ 'bindings.js', 420, 438 ]
300 silly gunzTarPerm extractEntry README.md
301 silly gunzTarPerm modified mode [ 'README.md', 436, 438 ]
302 silly gunzTarPerm extractEntry include_dirs.js
303 silly gunzTarPerm modified mode [ 'include_dirs.js', 436, 438 ]
304 silly gunzTarPerm extractEntry README.md
305 silly gunzTarPerm modified mode [ 'README.md', 420, 438 ]
306 silly gunzTarPerm extractEntry LICENSE
307 silly gunzTarPerm modified mode [ 'LICENSE', 420, 438 ]
308 silly gunzTarPerm extractEntry .npmignore
309 silly gunzTarPerm modified mode [ '.npmignore', 420, 438 ]
310 silly gunzTarPerm extractEntry README.md
311 silly gunzTarPerm modified mode [ 'README.md', 420, 438 ]
312 silly gunzTarPerm extractEntry binding.gyp
313 silly gunzTarPerm modified mode [ 'binding.gyp', 420, 438 ]
314 silly gunzTarPerm extractEntry deps/libexpat/README
315 silly gunzTarPerm modified mode [ 'deps/libexpat/README', 420, 438 ]
316 silly gunzTarPerm extractEntry nan_converters_43_inl.h
317 silly gunzTarPerm modified mode [ 'nan_converters_43_inl.h', 436, 438 ]
318 silly gunzTarPerm extractEntry LICENSE.md
319 silly gunzTarPerm modified mode [ 'LICENSE.md', 436, 438 ]
320 silly gunzTarPerm extractEntry doc/new.md
321 silly gunzTarPerm modified mode [ 'doc/new.md', 436, 438 ]
322 silly gunzTarPerm extractEntry example.js
323 silly gunzTarPerm modified mode [ 'example.js', 420, 438 ]
324 silly gunzTarPerm extractEntry index.js
325 silly gunzTarPerm modified mode [ 'index.js', 420, 438 ]
326 silly gunzTarPerm extractEntry doc/asyncworker.md
327 silly gunzTarPerm modified mode [ 'doc/asyncworker.md', 436, 438 ]
328 silly gunzTarPerm extractEntry t.js
329 silly gunzTarPerm modified mode [ 't.js', 420, 438 ]
330 silly gunzTarPerm extractEntry .travis.yml
331 silly gunzTarPerm modified mode [ '.travis.yml', 420, 438 ]
332 silly gunzTarPerm extractEntry deps/libexpat/doc/expat.png
333 silly gunzTarPerm modified mode [ 'deps/libexpat/doc/expat.png', 420, 438 ]
334 silly gunzTarPerm extractEntry doc/callback.md
335 silly gunzTarPerm modified mode [ 'doc/callback.md', 436, 438 ]
336 silly gunzTarPerm extractEntry doc/converters.md
337 silly gunzTarPerm modified mode [ 'doc/converters.md', 436, 438 ]
338 silly gunzTarPerm extractEntry deps/libexpat/doc/reference.html
339 silly gunzTarPerm modified mode [ 'deps/libexpat/doc/reference.html', 420, 438 ]
340 silly gunzTarPerm extractEntry deps/libexpat/doc/style.css
341 silly gunzTarPerm modified mode [ 'deps/libexpat/doc/style.css', 420, 438 ]
342 silly gunzTarPerm extractEntry AUTHORS
343 silly gunzTarPerm modified mode [ 'AUTHORS', 420, 438 ]
344 silly gunzTarPerm extractEntry lib/index.js
345 silly gunzTarPerm modified mode [ 'lib/index.js', 420, 438 ]
346 silly gunzTarPerm extractEntry doc/errors.md
347 silly gunzTarPerm modified mode [ 'doc/errors.md', 436, 438 ]
348 silly gunzTarPerm extractEntry doc/json.md
349 silly gunzTarPerm modified mode [ 'doc/json.md', 436, 438 ]
350 silly gunzTarPerm extractEntry deps/libexpat/doc/valid-xhtml10.png
351 silly gunzTarPerm modified mode [ 'deps/libexpat/doc/valid-xhtml10.png', 420, 438 ]
352 silly gunzTarPerm extractEntry deps/libexpat/doc/xmlwf.1
353 silly gunzTarPerm modified mode [ 'deps/libexpat/doc/xmlwf.1', 420, 438 ]
354 silly gunzTarPerm extractEntry lib/json2xml.js
355 silly gunzTarPerm modified mode [ 'lib/json2xml.js', 420, 438 ]
356 silly gunzTarPerm extractEntry lib/sanitize.js
357 silly gunzTarPerm modified mode [ 'lib/sanitize.js', 420, 438 ]
358 silly gunzTarPerm extractEntry lib/xml2json.js
359 silly gunzTarPerm modified mode [ 'lib/xml2json.js', 420, 438 ]
360 silly gunzTarPerm extractEntry .editorconfig
361 silly gunzTarPerm modified mode [ '.editorconfig', 436, 438 ]
362 silly gunzTarPerm extractEntry bin/xml2json
363 silly gunzTarPerm modified mode [ 'bin/xml2json', 420, 438 ]
364 silly gunzTarPerm extractEntry test/.npmignore
365 silly gunzTarPerm modified mode [ 'test/.npmignore', 420, 438 ]
366 silly gunzTarPerm extractEntry test/coerce-overhead.js
367 silly gunzTarPerm modified mode [ 'test/coerce-overhead.js', 420, 438 ]
368 silly gunzTarPerm extractEntry test/test-reorder.js
369 silly gunzTarPerm modified mode [ 'test/test-reorder.js', 420, 438 ]
370 silly gunzTarPerm extractEntry test/test-space.js
371 silly gunzTarPerm modified mode [ 'test/test-space.js', 420, 438 ]
372 silly gunzTarPerm extractEntry test/test-xmlsanitize.js
373 silly gunzTarPerm modified mode [ 'test/test-xmlsanitize.js', 420, 438 ]
374 silly gunzTarPerm extractEntry test/test.js
375 silly gunzTarPerm modified mode [ 'test/test.js', 420, 438 ]
376 silly gunzTarPerm extractEntry test/fixtures/domain.xml
377 silly gunzTarPerm modified mode [ 'test/fixtures/domain.xml', 420, 438 ]
378 silly gunzTarPerm extractEntry test/fixtures/alternate-text-node-A.json
379 silly gunzTarPerm modified mode [ 'test/fixtures/alternate-text-node-A.json', 420, 438 ]
380 silly gunzTarPerm extractEntry test/fixtures/alternate-text-node-B.json
381 silly gunzTarPerm modified mode [ 'test/fixtures/alternate-text-node-B.json', 420, 438 ]
382 silly gunzTarPerm extractEntry test/fixtures/alternate-text-node-C.json
383 silly gunzTarPerm modified mode [ 'test/fixtures/alternate-text-node-C.json', 420, 438 ]
384 silly gunzTarPerm extractEntry test/fixtures/alternate-text-node-D.json
385 silly gunzTarPerm modified mode [ 'test/fixtures/alternate-text-node-D.json', 420, 438 ]
386 silly gunzTarPerm extractEntry test/fixtures/alternate-text-node-D.xml
387 silly gunzTarPerm modified mode [ 'test/fixtures/alternate-text-node-D.xml', 420, 438 ]
388 silly gunzTarPerm extractEntry test/fixtures/array-notation.json
389 silly gunzTarPerm modified mode [ 'test/fixtures/array-notation.json', 420, 438 ]
390 silly gunzTarPerm extractEntry test/fixtures/array-notation.xml
391 silly gunzTarPerm modified mode [ 'test/fixtures/array-notation.xml', 420, 438 ]
392 silly gunzTarPerm extractEntry test/fixtures/coerce.json
393 silly gunzTarPerm modified mode [ 'test/fixtures/coerce.json', 420, 438 ]
394 silly gunzTarPerm extractEntry test/fixtures/coerce.xml
395 silly gunzTarPerm modified mode [ 'test/fixtures/coerce.xml', 420, 438 ]
396 silly gunzTarPerm extractEntry test/fixtures/domain-reversible.json
397 silly gunzTarPerm modified mode [ 'test/fixtures/domain-reversible.json', 420, 438 ]
398 silly gunzTarPerm extractEntry test/fixtures/domain.json
399 silly gunzTarPerm modified mode [ 'test/fixtures/domain.json', 420, 438 ]
400 silly gunzTarPerm extractEntry test/fixtures/alternate-text-node-A.xml
401 silly gunzTarPerm modified mode [ 'test/fixtures/alternate-text-node-A.xml', 420, 438 ]
402 silly gunzTarPerm extractEntry test/fixtures/forceArray.json
403 silly gunzTarPerm modified mode [ 'test/fixtures/forceArray.json', 420, 438 ]
404 silly gunzTarPerm extractEntry test/fixtures/forceArray.xml
405 silly gunzTarPerm modified mode [ 'test/fixtures/forceArray.xml', 420, 438 ]
406 silly gunzTarPerm extractEntry test/fixtures/large.json
407 silly gunzTarPerm modified mode [ 'test/fixtures/large.json', 420, 438 ]
408 silly gunzTarPerm extractEntry test/fixtures/large.xml
409 silly gunzTarPerm modified mode [ 'test/fixtures/large.xml', 420, 438 ]
410 silly gunzTarPerm extractEntry test/fixtures/reorder.json
411 silly gunzTarPerm modified mode [ 'test/fixtures/reorder.json', 420, 438 ]
412 silly gunzTarPerm extractEntry test/fixtures/reorder.xml
413 silly gunzTarPerm modified mode [ 'test/fixtures/reorder.xml', 420, 438 ]
414 silly gunzTarPerm extractEntry test/fixtures/spacetext.json
415 silly gunzTarPerm modified mode [ 'test/fixtures/spacetext.json', 420, 438 ]
416 silly gunzTarPerm extractEntry test/fixtures/spacetext.xml
417 silly gunzTarPerm modified mode [ 'test/fixtures/spacetext.xml', 420, 438 ]
418 silly gunzTarPerm extractEntry test/fixtures/xmlsanitize.json
419 silly gunzTarPerm modified mode [ 'test/fixtures/xmlsanitize.json', 420, 438 ]
420 silly gunzTarPerm extractEntry test/fixtures/xmlsanitize.xml
421 silly gunzTarPerm modified mode [ 'test/fixtures/xmlsanitize.xml', 420, 438 ]
422 silly gunzTarPerm extractEntry test/fixtures/xmlsanitize2.json
423 silly gunzTarPerm modified mode [ 'test/fixtures/xmlsanitize2.json', 420, 438 ]
424 silly gunzTarPerm extractEntry test/fixtures/xmlsanitize2.xml
425 silly gunzTarPerm modified mode [ 'test/fixtures/xmlsanitize2.xml', 420, 438 ]
426 silly gunzTarPerm extractEntry doc/maybe_types.md
427 silly gunzTarPerm modified mode [ 'doc/maybe_types.md', 436, 438 ]
428 silly gunzTarPerm extractEntry doc/methods.md
429 silly gunzTarPerm modified mode [ 'doc/methods.md', 436, 438 ]
430 silly gunzTarPerm extractEntry deps/libexpat/doc/xmlwf.sgml
431 silly gunzTarPerm modified mode [ 'deps/libexpat/doc/xmlwf.sgml', 420, 438 ]
432 silly gunzTarPerm extractEntry deps/libexpat/COPYING
433 silly gunzTarPerm modified mode [ 'deps/libexpat/COPYING', 420, 438 ]
434 silly gunzTarPerm extractEntry doc/buffers.md
435 silly gunzTarPerm modified mode [ 'doc/buffers.md', 436, 438 ]
436 silly gunzTarPerm extractEntry doc/node_misc.md
437 silly gunzTarPerm modified mode [ 'doc/node_misc.md', 436, 438 ]
438 silly gunzTarPerm extractEntry deps/libexpat/Changes
439 silly gunzTarPerm modified mode [ 'deps/libexpat/Changes', 420, 438 ]
440 silly gunzTarPerm extractEntry deps/libexpat/ConfigureChecks.cmake
441 silly gunzTarPerm modified mode [ 'deps/libexpat/ConfigureChecks.cmake', 493, 511 ]
442 silly gunzTarPerm extractEntry deps/libexpat/MANIFEST
443 silly gunzTarPerm modified mode [ 'deps/libexpat/MANIFEST', 420, 438 ]
444 silly gentlyRm C:\Workspace\Personal\RND\NodeAPP\NodeWithPassport\node_modules\.staging\bindings-45c0bdce\node_modules is being purged
445 verbose gentlyRm don't care about contents; nuking C:\Workspace\Personal\RND\NodeAPP\NodeWithPassport\node_modules\.staging\bindings-45c0bdce\node_modules
446 silly gunzTarPerm extractEntry deps/libexpat/Makefile.in
447 silly gunzTarPerm modified mode [ 'deps/libexpat/Makefile.in', 420, 438 ]
448 silly gunzTarPerm extractEntry doc/object_wrappers.md
449 silly gunzTarPerm modified mode [ 'doc/object_wrappers.md', 436, 438 ]
450 silly gunzTarPerm extractEntry doc/persistent.md
451 silly gunzTarPerm modified mode [ 'doc/persistent.md', 436, 438 ]
452 silly gunzTarPerm extractEntry deps/libexpat/CMake.README
453 silly gunzTarPerm modified mode [ 'deps/libexpat/CMake.README', 493, 511 ]
454 silly gunzTarPerm extractEntry deps/libexpat/aclocal.m4
455 silly gunzTarPerm modified mode [ 'deps/libexpat/aclocal.m4', 420, 438 ]
456 silly gunzTarPerm extractEntry doc/scopes.md
457 silly gunzTarPerm modified mode [ 'doc/scopes.md', 436, 438 ]
458 silly gunzTarPerm extractEntry doc/script.md
459 silly gunzTarPerm modified mode [ 'doc/script.md', 436, 438 ]
460 silly gunzTarPerm extractEntry deps/libexpat/amiga/expat_68k_handler_stubs.c
461 silly gunzTarPerm modified mode [ 'deps/libexpat/amiga/expat_68k_handler_stubs.c', 493, 511 ]
462 silly gunzTarPerm extractEntry doc/string_bytes.md
463 silly gunzTarPerm modified mode [ 'doc/string_bytes.md', 436, 438 ]
464 silly gunzTarPerm extractEntry doc/v8_internals.md
465 silly gunzTarPerm modified mode [ 'doc/v8_internals.md', 436, 438 ]
466 silly gunzTarPerm extractEntry deps/libexpat/amiga/Makefile
467 silly gunzTarPerm modified mode [ 'deps/libexpat/amiga/Makefile', 420, 438 ]
468 silly gunzTarPerm extractEntry deps/libexpat/amiga/expat.xml
469 silly gunzTarPerm modified mode [ 'deps/libexpat/amiga/expat.xml', 420, 438 ]
470 silly gunzTarPerm extractEntry doc/v8_misc.md
471 silly gunzTarPerm modified mode [ 'doc/v8_misc.md', 436, 438 ]
472 silly gunzTarPerm extractEntry nan.h
473 silly gunzTarPerm modified mode [ 'nan.h', 436, 438 ]
474 silly gunzTarPerm extractEntry deps/libexpat/amiga/expat_68k.c
475 silly gunzTarPerm modified mode [ 'deps/libexpat/amiga/expat_68k.c', 420, 438 ]
476 silly gunzTarPerm extractEntry deps/libexpat/amiga/expat_68k.h
477 silly gunzTarPerm modified mode [ 'deps/libexpat/amiga/expat_68k.h', 493, 511 ]
478 silly gunzTarPerm extractEntry nan_callbacks.h
479 silly gunzTarPerm modified mode [ 'nan_callbacks.h', 436, 438 ]
480 silly gunzTarPerm extractEntry deps/libexpat/amiga/README.txt
481 silly gunzTarPerm modified mode [ 'deps/libexpat/amiga/README.txt', 420, 438 ]
482 silly gunzTarPerm extractEntry deps/libexpat/amiga/expat_base.h
483 silly gunzTarPerm modified mode [ 'deps/libexpat/amiga/expat_base.h', 420, 438 ]
484 silly gunzTarPerm extractEntry nan_callbacks_12_inl.h
485 silly gunzTarPerm modified mode [ 'nan_callbacks_12_inl.h', 436, 438 ]
486 silly gunzTarPerm extractEntry nan_callbacks_pre_12_inl.h
487 silly gunzTarPerm modified mode [ 'nan_callbacks_pre_12_inl.h', 436, 438 ]
488 silly gunzTarPerm extractEntry nan_converters.h
489 silly gunzTarPerm modified mode [ 'nan_converters.h', 436, 438 ]
490 silly gunzTarPerm extractEntry deps/libexpat/amiga/expat_lib.c
491 silly gunzTarPerm modified mode [ 'deps/libexpat/amiga/expat_lib.c', 493, 511 ]
492 silly gunzTarPerm extractEntry deps/libexpat/amiga/expat_vectors.c
493 silly gunzTarPerm modified mode [ 'deps/libexpat/amiga/expat_vectors.c', 420, 438 ]
494 silly gunzTarPerm extractEntry nan_converters_pre_43_inl.h
495 silly gunzTarPerm modified mode [ 'nan_converters_pre_43_inl.h', 436, 438 ]
496 silly gunzTarPerm extractEntry nan_implementation_12_inl.h
497 silly gunzTarPerm modified mode [ 'nan_implementation_12_inl.h', 436, 438 ]
498 silly gunzTarPerm extractEntry nan_implementation_pre_12_inl.h
499 silly gunzTarPerm modified mode [ 'nan_implementation_pre_12_inl.h', 436, 438 ]
500 silly gunzTarPerm extractEntry nan_json.h
501 silly gunzTarPerm modified mode [ 'nan_json.h', 436, 438 ]
502 silly gunzTarPerm extractEntry deps/libexpat/amiga/include/inline4/expat.h
503 silly gunzTarPerm modified mode [ 'deps/libexpat/amiga/include/inline4/expat.h', 420, 438 ]
504 silly gunzTarPerm extractEntry nan_maybe_43_inl.h
505 silly gunzTarPerm modified mode [ 'nan_maybe_43_inl.h', 436, 438 ]
506 silly gunzTarPerm extractEntry deps/libexpat/amiga/include/interfaces/expat.h
507 silly gunzTarPerm modified mode [ 'deps/libexpat/amiga/include/interfaces/expat.h', 420, 438 ]
508 silly gunzTarPerm extractEntry deps/libexpat/amiga/include/libraries/expat.h
509 silly gunzTarPerm modified mode [ 'deps/libexpat/amiga/include/libraries/expat.h', 420, 438 ]
510 silly gunzTarPerm extractEntry nan_maybe_pre_43_inl.h
511 silly gunzTarPerm modified mode [ 'nan_maybe_pre_43_inl.h', 436, 438 ]
512 silly gunzTarPerm extractEntry nan_new.h
513 silly gunzTarPerm modified mode [ 'nan_new.h', 436, 438 ]
514 silly gunzTarPerm extractEntry nan_object_wrap.h
515 silly gunzTarPerm modified mode [ 'nan_object_wrap.h', 436, 438 ]
516 silly gunzTarPerm extractEntry nan_persistent_12_inl.h
517 silly gunzTarPerm modified mode [ 'nan_persistent_12_inl.h', 436, 438 ]
518 silly gunzTarPerm extractEntry deps/libexpat/amiga/include/proto/expat.h
519 silly gunzTarPerm modified mode [ 'deps/libexpat/amiga/include/proto/expat.h', 420, 438 ]
520 silly gunzTarPerm extractEntry deps/libexpat/amiga/launch.c
521 silly gunzTarPerm modified mode [ 'deps/libexpat/amiga/launch.c', 493, 511 ]
522 silly gunzTarPerm extractEntry nan_persistent_pre_12_inl.h
523 silly gunzTarPerm modified mode [ 'nan_persistent_pre_12_inl.h', 436, 438 ]
524 silly gunzTarPerm extractEntry nan_private.h
525 silly gunzTarPerm modified mode [ 'nan_private.h', 436, 438 ]
526 silly gunzTarPerm extractEntry deps/libexpat/bcb5/expatw.mak
527 silly gunzTarPerm modified mode [ 'deps/libexpat/bcb5/expatw.mak', 420, 438 ]
528 silly gunzTarPerm extractEntry deps/libexpat/bcb5/README.txt
529 silly gunzTarPerm modified mode [ 'deps/libexpat/bcb5/README.txt', 420, 438 ]
530 silly gunzTarPerm extractEntry nan_string_bytes.h
531 silly gunzTarPerm modified mode [ 'nan_string_bytes.h', 436, 438 ]
532 silly gunzTarPerm extractEntry nan_typedarray_contents.h
533 silly gunzTarPerm modified mode [ 'nan_typedarray_contents.h', 436, 438 ]
534 silly gunzTarPerm extractEntry deps/libexpat/bcb5/elements.bpf
535 silly gunzTarPerm modified mode [ 'deps/libexpat/bcb5/elements.bpf', 420, 438 ]
536 silly gunzTarPerm extractEntry deps/libexpat/bcb5/elements.bpr
537 silly gunzTarPerm modified mode [ 'deps/libexpat/bcb5/elements.bpr', 420, 438 ]
538 silly gunzTarPerm extractEntry deps/libexpat/bcb5/elements.mak
539 silly gunzTarPerm modified mode [ 'deps/libexpat/bcb5/elements.mak', 420, 438 ]
540 silly gunzTarPerm extractEntry deps/libexpat/bcb5/expat.bpf
541 silly gunzTarPerm modified mode [ 'deps/libexpat/bcb5/expat.bpf', 420, 438 ]
542 silly gunzTarPerm extractEntry nan_weak.h
543 silly gunzTarPerm modified mode [ 'nan_weak.h', 436, 438 ]
544 silly gunzTarPerm extractEntry CHANGELOG.md
545 silly gunzTarPerm modified mode [ 'CHANGELOG.md', 436, 438 ]
546 silly gunzTarPerm extractEntry tools/package.json
547 silly gunzTarPerm modified mode [ 'tools/package.json', 436, 438 ]
548 silly gunzTarPerm extractEntry tools/README.md
549 silly gunzTarPerm modified mode [ 'tools/README.md', 436, 438 ]
550 silly gunzTarPerm extractEntry deps/libexpat/bcb5/expat.bpr
551 silly gunzTarPerm modified mode [ 'deps/libexpat/bcb5/expat.bpr', 420, 438 ]
552 silly gunzTarPerm extractEntry deps/libexpat/bcb5/expat.mak
553 silly gunzTarPerm modified mode [ 'deps/libexpat/bcb5/expat.mak', 420, 438 ]
554 silly gunzTarPerm extractEntry deps/libexpat/bcb5/expat_static.bpf
555 silly gunzTarPerm modified mode [ 'deps/libexpat/bcb5/expat_static.bpf', 420, 438 ]
556 silly gunzTarPerm extractEntry deps/libexpat/bcb5/expat_static.bpr
557 silly gunzTarPerm modified mode [ 'deps/libexpat/bcb5/expat_static.bpr', 420, 438 ]
558 silly gunzTarPerm extractEntry tools/1to2.js
559 silly gunzTarPerm modified mode [ 'tools/1to2.js', 509, 511 ]
560 silly gunzTarPerm extractEntry deps/libexpat/bcb5/expat_static.mak
561 silly gunzTarPerm modified mode [ 'deps/libexpat/bcb5/expat_static.mak', 420, 438 ]
562 silly gunzTarPerm extractEntry deps/libexpat/bcb5/expatw.bpf
563 silly gunzTarPerm modified mode [ 'deps/libexpat/bcb5/expatw.bpf', 420, 438 ]
564 silly gunzTarPerm extractEntry deps/libexpat/bcb5/expatw.bpr
565 silly gunzTarPerm modified mode [ 'deps/libexpat/bcb5/expatw.bpr', 420, 438 ]
566 silly gunzTarPerm extractEntry deps/libexpat/bcb5/all_projects.bpg
567 silly gunzTarPerm modified mode [ 'deps/libexpat/bcb5/all_projects.bpg', 420, 438 ]
568 silly gunzTarPerm extractEntry deps/libexpat/bcb5/expatw_static.bpf
569 silly gunzTarPerm modified mode [ 'deps/libexpat/bcb5/expatw_static.bpf', 420, 438 ]
570 silly gunzTarPerm extractEntry deps/libexpat/bcb5/expatw_static.bpr
571 silly gunzTarPerm modified mode [ 'deps/libexpat/bcb5/expatw_static.bpr', 420, 438 ]
572 silly gunzTarPerm extractEntry deps/libexpat/bcb5/expatw_static.mak
573 silly gunzTarPerm modified mode [ 'deps/libexpat/bcb5/expatw_static.mak', 420, 438 ]
574 silly gunzTarPerm extractEntry deps/libexpat/bcb5/libexpat_mtd.def
575 silly gunzTarPerm modified mode [ 'deps/libexpat/bcb5/libexpat_mtd.def', 420, 438 ]
576 silly gunzTarPerm extractEntry deps/libexpat/bcb5/libexpatw_mtd.def
577 silly gunzTarPerm modified mode [ 'deps/libexpat/bcb5/libexpatw_mtd.def', 420, 438 ]
578 silly gunzTarPerm extractEntry deps/libexpat/bcb5/makefile.mak
579 silly gunzTarPerm modified mode [ 'deps/libexpat/bcb5/makefile.mak', 420, 438 ]
580 silly gunzTarPerm extractEntry deps/libexpat/bcb5/outline.bpf
581 silly gunzTarPerm modified mode [ 'deps/libexpat/bcb5/outline.bpf', 420, 438 ]
582 silly gunzTarPerm extractEntry deps/libexpat/bcb5/outline.bpr
583 silly gunzTarPerm modified mode [ 'deps/libexpat/bcb5/outline.bpr', 420, 438 ]
584 silly gunzTarPerm extractEntry deps/libexpat/bcb5/outline.mak
585 silly gunzTarPerm modified mode [ 'deps/libexpat/bcb5/outline.mak', 420, 438 ]
586 silly gunzTarPerm extractEntry deps/libexpat/bcb5/setup.bat
587 silly gunzTarPerm modified mode [ 'deps/libexpat/bcb5/setup.bat', 420, 438 ]
588 silly gunzTarPerm extractEntry deps/libexpat/bcb5/xmlwf.bpf
589 silly gunzTarPerm modified mode [ 'deps/libexpat/bcb5/xmlwf.bpf', 420, 438 ]
590 silly gunzTarPerm extractEntry deps/libexpat/bcb5/xmlwf.bpr
591 silly gunzTarPerm modified mode [ 'deps/libexpat/bcb5/xmlwf.bpr', 420, 438 ]
592 silly gunzTarPerm extractEntry deps/libexpat/bcb5/xmlwf.mak
593 silly gunzTarPerm modified mode [ 'deps/libexpat/bcb5/xmlwf.mak', 420, 438 ]
594 silly gunzTarPerm extractEntry deps/libexpat/configure
595 silly gunzTarPerm modified mode [ 'deps/libexpat/configure', 493, 511 ]
596 silly gunzTarPerm extractEntry deps/libexpat/configure.in
597 silly gunzTarPerm modified mode [ 'deps/libexpat/configure.in', 420, 438 ]
598 silly gunzTarPerm extractEntry deps/libexpat/conftools/PrintPath
599 silly gunzTarPerm modified mode [ 'deps/libexpat/conftools/PrintPath', 493, 511 ]
600 silly gunzTarPerm extractEntry deps/libexpat/conftools/ac_c_bigendian_cross.m4
601 silly gunzTarPerm modified mode [ 'deps/libexpat/conftools/ac_c_bigendian_cross.m4', 420, 438 ]
602 silly gunzTarPerm extractEntry deps/libexpat/conftools/config.guess
603 silly gunzTarPerm modified mode [ 'deps/libexpat/conftools/config.guess', 493, 511 ]
604 silly gunzTarPerm extractEntry deps/libexpat/conftools/config.sub
605 silly gunzTarPerm modified mode [ 'deps/libexpat/conftools/config.sub', 493, 511 ]
606 silly gunzTarPerm extractEntry deps/libexpat/conftools/expat.m4
607 silly gunzTarPerm modified mode [ 'deps/libexpat/conftools/expat.m4', 420, 438 ]
608 silly gunzTarPerm extractEntry deps/libexpat/conftools/get-version.sh
609 silly gunzTarPerm modified mode [ 'deps/libexpat/conftools/get-version.sh', 493, 511 ]
610 silly gunzTarPerm extractEntry deps/libexpat/conftools/install-sh
611 silly gunzTarPerm modified mode [ 'deps/libexpat/conftools/install-sh', 493, 511 ]
612 silly gunzTarPerm extractEntry deps/libexpat/conftools/ltmain.sh
613 silly gunzTarPerm modified mode [ 'deps/libexpat/conftools/ltmain.sh', 493, 511 ]
614 silly gunzTarPerm extractEntry deps/libexpat/conftools/mkinstalldirs
615 silly gunzTarPerm modified mode [ 'deps/libexpat/conftools/mkinstalldirs', 493, 511 ]
616 silly gentlyRm C:\Workspace\Personal\RND\NodeAPP\NodeWithPassport\node_modules\.staging\xml2json-a7cf8a0d\node_modules is being purged
617 verbose gentlyRm don't care about contents; nuking C:\Workspace\Personal\RND\NodeAPP\NodeWithPassport\node_modules\.staging\xml2json-a7cf8a0d\node_modules
618 silly gunzTarPerm extractEntry deps/libexpat/CMakeLists.txt
619 silly gunzTarPerm modified mode [ 'deps/libexpat/CMakeLists.txt', 493, 511 ]
620 silly gunzTarPerm extractEntry deps/libexpat/examples/elements.c
621 silly gunzTarPerm modified mode [ 'deps/libexpat/examples/elements.c', 420, 438 ]
622 silly gunzTarPerm extractEntry deps/libexpat/examples/elements.dsp
623 silly gunzTarPerm modified mode [ 'deps/libexpat/examples/elements.dsp', 420, 438 ]
624 silly gunzTarPerm extractEntry deps/libexpat/examples/outline.c
625 silly gunzTarPerm modified mode [ 'deps/libexpat/examples/outline.c', 420, 438 ]
626 silly gunzTarPerm extractEntry deps/libexpat/examples/outline.dsp
627 silly gunzTarPerm modified mode [ 'deps/libexpat/examples/outline.dsp', 420, 438 ]
628 silly gunzTarPerm extractEntry deps/libexpat/expat.dsw
629 silly gunzTarPerm modified mode [ 'deps/libexpat/expat.dsw', 493, 511 ]
630 silly gunzTarPerm extractEntry deps/libexpat/expat.pc.in
631 silly gunzTarPerm modified mode [ 'deps/libexpat/expat.pc.in', 420, 438 ]
632 silly gunzTarPerm extractEntry deps/libexpat/expat_config.h
633 silly gunzTarPerm modified mode [ 'deps/libexpat/expat_config.h', 420, 438 ]
634 silly gunzTarPerm extractEntry deps/libexpat/expat_config.h.cmake
635 silly gunzTarPerm modified mode [ 'deps/libexpat/expat_config.h.cmake', 493, 511 ]
636 silly gunzTarPerm extractEntry deps/libexpat/expat_config.h.in
637 silly gunzTarPerm modified mode [ 'deps/libexpat/expat_config.h.in', 420, 438 ]
638 silly gunzTarPerm extractEntry deps/libexpat/lib/libexpat.def
639 silly gunzTarPerm modified mode [ 'deps/libexpat/lib/libexpat.def', 420, 438 ]
640 silly gunzTarPerm extractEntry deps/libexpat/lib/Makefile.MPW
641 silly gunzTarPerm modified mode [ 'deps/libexpat/lib/Makefile.MPW', 420, 438 ]
642 silly gunzTarPerm extractEntry deps/libexpat/lib/ascii.h
643 silly gunzTarPerm modified mode [ 'deps/libexpat/lib/ascii.h', 420, 438 ]
644 silly gunzTarPerm extractEntry deps/libexpat/lib/asciitab.h
645 silly gunzTarPerm modified mode [ 'deps/libexpat/lib/asciitab.h', 420, 438 ]
646 silly gunzTarPerm extractEntry deps/libexpat/lib/expat.dsp
647 silly gunzTarPerm modified mode [ 'deps/libexpat/lib/expat.dsp', 420, 438 ]
648 silly gunzTarPerm extractEntry deps/libexpat/lib/expat.h
649 silly gunzTarPerm modified mode [ 'deps/libexpat/lib/expat.h', 420, 438 ]
650 silly gunzTarPerm extractEntry deps/libexpat/lib/expat_external.h
651 silly gunzTarPerm modified mode [ 'deps/libexpat/lib/expat_external.h', 420, 438 ]
652 silly gunzTarPerm extractEntry deps/libexpat/lib/expat_static.dsp
653 silly gunzTarPerm modified mode [ 'deps/libexpat/lib/expat_static.dsp', 420, 438 ]
654 silly gunzTarPerm extractEntry deps/libexpat/lib/expatw.dsp
655 silly gunzTarPerm modified mode [ 'deps/libexpat/lib/expatw.dsp', 420, 438 ]
656 silly gunzTarPerm extractEntry deps/libexpat/lib/expatw_static.dsp
657 silly gunzTarPerm modified mode [ 'deps/libexpat/lib/expatw_static.dsp', 420, 438 ]
658 silly gunzTarPerm extractEntry deps/libexpat/lib/iasciitab.h
659 silly gunzTarPerm modified mode [ 'deps/libexpat/lib/iasciitab.h', 420, 438 ]
660 silly gunzTarPerm extractEntry deps/libexpat/lib/internal.h
661 silly gunzTarPerm modified mode [ 'deps/libexpat/lib/internal.h', 420, 438 ]
662 silly gunzTarPerm extractEntry deps/libexpat/lib/latin1tab.h
663 silly gunzTarPerm modified mode [ 'deps/libexpat/lib/latin1tab.h', 420, 438 ]
664 silly gunzTarPerm extractEntry deps/libexpat/lib/amigaconfig.h
665 silly gunzTarPerm modified mode [ 'deps/libexpat/lib/amigaconfig.h', 420, 438 ]
666 silly gunzTarPerm extractEntry deps/libexpat/lib/libexpatw.def
667 silly gunzTarPerm modified mode [ 'deps/libexpat/lib/libexpatw.def', 420, 438 ]
668 silly gunzTarPerm extractEntry deps/libexpat/lib/macconfig.h
669 silly gunzTarPerm modified mode [ 'deps/libexpat/lib/macconfig.h', 420, 438 ]
670 silly gunzTarPerm extractEntry deps/libexpat/lib/nametab.h
671 silly gunzTarPerm modified mode [ 'deps/libexpat/lib/nametab.h', 420, 438 ]
672 silly gunzTarPerm extractEntry deps/libexpat/lib/utf8tab.h
673 silly gunzTarPerm modified mode [ 'deps/libexpat/lib/utf8tab.h', 420, 438 ]
674 silly gunzTarPerm extractEntry deps/libexpat/lib/winconfig.h
675 silly gunzTarPerm modified mode [ 'deps/libexpat/lib/winconfig.h', 420, 438 ]
676 silly gunzTarPerm extractEntry deps/libexpat/lib/xmlparse.c
677 silly gunzTarPerm modified mode [ 'deps/libexpat/lib/xmlparse.c', 420, 438 ]
678 silly gunzTarPerm extractEntry deps/libexpat/lib/xmlrole.c
679 silly gunzTarPerm modified mode [ 'deps/libexpat/lib/xmlrole.c', 420, 438 ]
680 silly gunzTarPerm extractEntry deps/libexpat/lib/xmlrole.h
681 silly gunzTarPerm modified mode [ 'deps/libexpat/lib/xmlrole.h', 420, 438 ]
682 silly gunzTarPerm extractEntry deps/libexpat/lib/xmltok.c
683 silly gunzTarPerm modified mode [ 'deps/libexpat/lib/xmltok.c', 420, 438 ]
684 silly gunzTarPerm extractEntry deps/libexpat/lib/xmltok.h
685 silly gunzTarPerm modified mode [ 'deps/libexpat/lib/xmltok.h', 420, 438 ]
686 silly gunzTarPerm extractEntry deps/libexpat/lib/xmltok_impl.c
687 silly gunzTarPerm modified mode [ 'deps/libexpat/lib/xmltok_impl.c', 420, 438 ]
688 silly gunzTarPerm extractEntry deps/libexpat/lib/xmltok_impl.h
689 silly gunzTarPerm modified mode [ 'deps/libexpat/lib/xmltok_impl.h', 420, 438 ]
690 silly gunzTarPerm extractEntry deps/libexpat/lib/xmltok_ns.c
691 silly gunzTarPerm modified mode [ 'deps/libexpat/lib/xmltok_ns.c', 420, 438 ]
692 silly gunzTarPerm extractEntry deps/libexpat/libexpat.gyp
693 silly gunzTarPerm modified mode [ 'deps/libexpat/libexpat.gyp', 420, 438 ]
694 silly gunzTarPerm extractEntry deps/libexpat/m4/libtool.m4
695 silly gunzTarPerm modified mode [ 'deps/libexpat/m4/libtool.m4', 420, 438 ]
696 silly gunzTarPerm extractEntry deps/libexpat/m4/ltoptions.m4
697 silly gunzTarPerm modified mode [ 'deps/libexpat/m4/ltoptions.m4', 420, 438 ]
698 silly gunzTarPerm extractEntry deps/libexpat/m4/ltsugar.m4
699 silly gunzTarPerm modified mode [ 'deps/libexpat/m4/ltsugar.m4', 420, 438 ]
700 silly gunzTarPerm extractEntry deps/libexpat/m4/ltversion.m4
701 silly gunzTarPerm modified mode [ 'deps/libexpat/m4/ltversion.m4', 420, 438 ]
702 silly gunzTarPerm extractEntry deps/libexpat/m4/lt~obsolete.m4
703 silly gunzTarPerm modified mode [ 'deps/libexpat/m4/lt~obsolete.m4', 420, 438 ]
704 silly gunzTarPerm extractEntry deps/libexpat/tests/README.txt
705 silly gunzTarPerm modified mode [ 'deps/libexpat/tests/README.txt', 420, 438 ]
706 silly gunzTarPerm extractEntry deps/libexpat/tests/benchmark/README.txt
707 silly gunzTarPerm modified mode [ 'deps/libexpat/tests/benchmark/README.txt', 420, 438 ]
708 silly gunzTarPerm extractEntry deps/libexpat/tests/benchmark/benchmark.c
709 silly gunzTarPerm modified mode [ 'deps/libexpat/tests/benchmark/benchmark.c', 420, 438 ]
710 silly gunzTarPerm extractEntry deps/libexpat/tests/benchmark/benchmark.dsp
711 silly gunzTarPerm modified mode [ 'deps/libexpat/tests/benchmark/benchmark.dsp', 420, 438 ]
712 silly gunzTarPerm extractEntry deps/libexpat/tests/benchmark/benchmark.dsw
713 silly gunzTarPerm modified mode [ 'deps/libexpat/tests/benchmark/benchmark.dsw', 420, 438 ]
714 silly gunzTarPerm extractEntry deps/libexpat/tests/chardata.c
715 silly gunzTarPerm modified mode [ 'deps/libexpat/tests/chardata.c', 420, 438 ]
716 silly gunzTarPerm extractEntry deps/libexpat/tests/chardata.h
717 silly gunzTarPerm modified mode [ 'deps/libexpat/tests/chardata.h', 420, 438 ]
718 silly gunzTarPerm extractEntry deps/libexpat/tests/minicheck.c
719 silly gunzTarPerm modified mode [ 'deps/libexpat/tests/minicheck.c', 420, 438 ]
720 silly gunzTarPerm extractEntry deps/libexpat/tests/minicheck.h
721 silly gunzTarPerm modified mode [ 'deps/libexpat/tests/minicheck.h', 420, 438 ]
722 silly gunzTarPerm extractEntry deps/libexpat/tests/runtests.c
723 silly gunzTarPerm modified mode [ 'deps/libexpat/tests/runtests.c', 420, 438 ]
724 silly gunzTarPerm extractEntry deps/libexpat/tests/runtestspp.cpp
725 silly gunzTarPerm modified mode [ 'deps/libexpat/tests/runtestspp.cpp', 420, 438 ]
726 silly gunzTarPerm extractEntry deps/libexpat/tests/xmltest.sh
727 silly gunzTarPerm modified mode [ 'deps/libexpat/tests/xmltest.sh', 493, 511 ]
728 silly gunzTarPerm extractEntry deps/libexpat/version.c
729 silly gunzTarPerm modified mode [ 'deps/libexpat/version.c', 420, 438 ]
730 silly gunzTarPerm extractEntry deps/libexpat/vms/README.vms
731 silly gunzTarPerm modified mode [ 'deps/libexpat/vms/README.vms', 420, 438 ]
732 silly gunzTarPerm extractEntry deps/libexpat/vms/descrip.mms
733 silly gunzTarPerm modified mode [ 'deps/libexpat/vms/descrip.mms', 420, 438 ]
734 silly gunzTarPerm extractEntry deps/libexpat/vms/expat_config.h
735 silly gunzTarPerm modified mode [ 'deps/libexpat/vms/expat_config.h', 420, 438 ]
736 silly gunzTarPerm extractEntry deps/libexpat/win32/MANIFEST.txt
737 silly gunzTarPerm modified mode [ 'deps/libexpat/win32/MANIFEST.txt', 420, 438 ]
738 silly gunzTarPerm extractEntry deps/libexpat/win32/README.txt
739 silly gunzTarPerm modified mode [ 'deps/libexpat/win32/README.txt', 420, 438 ]
740 silly gunzTarPerm extractEntry deps/libexpat/win32/expat.iss
741 silly gunzTarPerm modified mode [ 'deps/libexpat/win32/expat.iss', 420, 438 ]
742 silly gunzTarPerm extractEntry deps/libexpat/xmlwf/xmlfile.h
743 silly gunzTarPerm modified mode [ 'deps/libexpat/xmlwf/xmlfile.h', 493, 511 ]
744 silly gunzTarPerm extractEntry deps/libexpat/xmlwf/codepage.c
745 silly gunzTarPerm modified mode [ 'deps/libexpat/xmlwf/codepage.c', 493, 511 ]
746 silly gunzTarPerm extractEntry deps/libexpat/xmlwf/ct.c
747 silly gunzTarPerm modified mode [ 'deps/libexpat/xmlwf/ct.c', 493, 511 ]
748 silly gunzTarPerm extractEntry deps/libexpat/xmlwf/filemap.h
749 silly gunzTarPerm modified mode [ 'deps/libexpat/xmlwf/filemap.h', 493, 511 ]
750 silly gunzTarPerm extractEntry deps/libexpat/xmlwf/readfilemap.c
751 silly gunzTarPerm modified mode [ 'deps/libexpat/xmlwf/readfilemap.c', 493, 511 ]
752 silly gunzTarPerm extractEntry deps/libexpat/xmlwf/unixfilemap.c
753 silly gunzTarPerm modified mode [ 'deps/libexpat/xmlwf/unixfilemap.c', 493, 511 ]
754 silly gunzTarPerm extractEntry deps/libexpat/xmlwf/win32filemap.c
755 silly gunzTarPerm modified mode [ 'deps/libexpat/xmlwf/win32filemap.c', 493, 511 ]
756 silly gunzTarPerm extractEntry deps/libexpat/xmlwf/xmlfile.c
757 silly gunzTarPerm modified mode [ 'deps/libexpat/xmlwf/xmlfile.c', 493, 511 ]
758 silly gunzTarPerm extractEntry deps/libexpat/xmlwf/codepage.h
759 silly gunzTarPerm modified mode [ 'deps/libexpat/xmlwf/codepage.h', 493, 511 ]
760 silly gunzTarPerm extractEntry deps/libexpat/xmlwf/xmlmime.c
761 silly gunzTarPerm modified mode [ 'deps/libexpat/xmlwf/xmlmime.c', 493, 511 ]
762 silly gunzTarPerm extractEntry deps/libexpat/xmlwf/xmlmime.h
763 silly gunzTarPerm modified mode [ 'deps/libexpat/xmlwf/xmlmime.h', 493, 511 ]
764 silly gunzTarPerm extractEntry deps/libexpat/xmlwf/xmltchar.h
765 silly gunzTarPerm modified mode [ 'deps/libexpat/xmlwf/xmltchar.h', 493, 511 ]
766 silly gunzTarPerm extractEntry deps/libexpat/xmlwf/xmlurl.h
767 silly gunzTarPerm modified mode [ 'deps/libexpat/xmlwf/xmlurl.h', 493, 511 ]
768 silly gunzTarPerm extractEntry deps/libexpat/xmlwf/xmlwf.c
769 silly gunzTarPerm modified mode [ 'deps/libexpat/xmlwf/xmlwf.c', 493, 511 ]
770 silly gunzTarPerm extractEntry deps/libexpat/xmlwf/xmlwf.dsp
771 silly gunzTarPerm modified mode [ 'deps/libexpat/xmlwf/xmlwf.dsp', 493, 511 ]
772 silly gunzTarPerm extractEntry deps/libexpat/xmlwf/xmlwin32url.cxx
773 silly gunzTarPerm modified mode [ 'deps/libexpat/xmlwf/xmlwin32url.cxx', 493, 511 ]
774 silly gunzTarPerm extractEntry lib/node-expat.js
775 silly gunzTarPerm modified mode [ 'lib/node-expat.js', 420, 438 ]
776 silly gunzTarPerm extractEntry node-expat.cc
777 silly gunzTarPerm modified mode [ 'node-expat.cc', 420, 438 ]
778 silly gentlyRm C:\Workspace\Personal\RND\NodeAPP\NodeWithPassport\node_modules\.staging\nan-f7683107\node_modules is being purged
779 verbose gentlyRm don't care about contents; nuking C:\Workspace\Personal\RND\NodeAPP\NodeWithPassport\node_modules\.staging\nan-f7683107\node_modules
780 silly gentlyRm C:\Workspace\Personal\RND\NodeAPP\NodeWithPassport\node_modules\.staging\node-expat-cd22c976\node_modules is being purged
781 verbose gentlyRm don't care about contents; nuking C:\Workspace\Personal\RND\NodeAPP\NodeWithPassport\node_modules\.staging\node-expat-cd22c976\node_modules
782 silly doParallel preinstall 4
783 silly preinstall bindings@1.2.1 C:\Workspace\Personal\RND\NodeAPP\NodeWithPassport\node_modules\.staging\bindings-45c0bdce
784 info lifecycle bindings@1.2.1~preinstall: bindings@1.2.1
785 silly preinstall nan@2.6.2 C:\Workspace\Personal\RND\NodeAPP\NodeWithPassport\node_modules\.staging\nan-f7683107
786 info lifecycle nan@2.6.2~preinstall: nan@2.6.2
787 silly preinstall node-expat@2.3.15 C:\Workspace\Personal\RND\NodeAPP\NodeWithPassport\node_modules\.staging\node-expat-cd22c976
788 info lifecycle node-expat@2.3.15~preinstall: node-expat@2.3.15
789 silly preinstall xml2json@0.11.0 C:\Workspace\Personal\RND\NodeAPP\NodeWithPassport\node_modules\.staging\xml2json-a7cf8a0d
790 info lifecycle xml2json@0.11.0~preinstall: xml2json@0.11.0
791 silly lifecycle bindings@1.2.1~preinstall: no script for preinstall, continuing
792 silly lifecycle nan@2.6.2~preinstall: no script for preinstall, continuing
793 silly lifecycle node-expat@2.3.15~preinstall: no script for preinstall, continuing
794 silly lifecycle xml2json@0.11.0~preinstall: no script for preinstall, continuing
795 silly doReverseSerial remove 0
796 silly doSerial move 0
797 silly doSerial finalize 4
798 silly finalize C:\Workspace\Personal\RND\NodeAPP\NodeWithPassport\node_modules\bindings
799 silly finalize C:\Workspace\Personal\RND\NodeAPP\NodeWithPassport\node_modules\nan
800 silly finalize C:\Workspace\Personal\RND\NodeAPP\NodeWithPassport\node_modules\node-expat
801 silly finalize C:\Workspace\Personal\RND\NodeAPP\NodeWithPassport\node_modules\xml2json
802 silly doSerial build 4
803 silly build bindings@1.2.1
804 info linkStuff bindings@1.2.1
805 silly linkStuff bindings@1.2.1 has C:\Workspace\Personal\RND\NodeAPP\NodeWithPassport\node_modules as its parent node_modules
806 verbose linkBins bindings@1.2.1
807 verbose linkMans bindings@1.2.1
808 silly build nan@2.6.2
809 info linkStuff nan@2.6.2
810 silly linkStuff nan@2.6.2 has C:\Workspace\Personal\RND\NodeAPP\NodeWithPassport\node_modules as its parent node_modules
811 verbose linkBins nan@2.6.2
812 verbose linkMans nan@2.6.2
813 silly build node-expat@2.3.15
814 info linkStuff node-expat@2.3.15
815 silly linkStuff node-expat@2.3.15 has C:\Workspace\Personal\RND\NodeAPP\NodeWithPassport\node_modules as its parent node_modules
816 verbose linkBins node-expat@2.3.15
817 verbose linkMans node-expat@2.3.15
818 silly build xml2json@0.11.0
819 info linkStuff xml2json@0.11.0
820 silly linkStuff xml2json@0.11.0 has C:\Workspace\Personal\RND\NodeAPP\NodeWithPassport\node_modules as its parent node_modules
821 verbose linkBins xml2json@0.11.0
822 verbose link bins [ { xml2json: 'bin/xml2json' },
822 verbose link bins   'C:\\Workspace\\Personal\\RND\\NodeAPP\\NodeWithPassport\\node_modules\\.bin',
822 verbose link bins   false ]
823 verbose linkMans xml2json@0.11.0
824 silly doSerial global-link 0
825 silly doParallel update-linked 0
826 silly doSerial install 4
827 silly install bindings@1.2.1 C:\Workspace\Personal\RND\NodeAPP\NodeWithPassport\node_modules\.staging\bindings-45c0bdce
828 info lifecycle bindings@1.2.1~install: bindings@1.2.1
829 silly lifecycle bindings@1.2.1~install: no script for install, continuing
830 silly install nan@2.6.2 C:\Workspace\Personal\RND\NodeAPP\NodeWithPassport\node_modules\.staging\nan-f7683107
831 info lifecycle nan@2.6.2~install: nan@2.6.2
832 silly lifecycle nan@2.6.2~install: no script for install, continuing
833 silly install node-expat@2.3.15 C:\Workspace\Personal\RND\NodeAPP\NodeWithPassport\node_modules\.staging\node-expat-cd22c976
834 info lifecycle node-expat@2.3.15~install: node-expat@2.3.15
835 verbose lifecycle node-expat@2.3.15~install: unsafe-perm in lifecycle true
836 verbose lifecycle node-expat@2.3.15~install: PATH: C:\Program Files\nodejs\node_modules\npm\bin\node-gyp-bin;C:\Workspace\Personal\RND\NodeAPP\NodeWithPassport\node_modules\node-expat\node_modules\.bin;C:\Workspace\Personal\RND\NodeAPP\NodeWithPassport\node_modules\.bin;C:\WINDOWS\system32;C:\WINDOWS;C:\WINDOWS\System32\Wbem;C:\WINDOWS\System32\WindowsPowerShell\v1.0\;M:\Ora12c\product\12.1.0\client_1\bin;M:\Ora11g\oraclient11g\product\11.2.0\client_1\bin;C:\Program Files\TortoiseSVN\bin;C:\Program Files (x86)\Windows Kits\8.1\Windows Performance Toolkit\;C:\Program Files\Microsoft SQL Server\110\Tools\Binn\;C:\Program Files (x86)\Microsoft SDKs\TypeScript\1.0\;C:\Program Files\Microsoft SQL Server\120\Tools\Binn\;C:\Program Files\nodejs\;C:\Program Files\Git\cmd;C:\WINDOWS\system32;C:\WINDOWS;C:\WINDOWS\System32\Wbem;C:\WINDOWS\System32\WindowsPowerShell\v1.0\;M:\Ora12c\product\12.1.0\client_1\bin;M:\Ora11g\oraclient11g\product\11.2.0\client_1\bin;C:\Program Files\TortoiseSVN\bin;C:\Program Files (x86)\Windows Kits\8.1\Windows Performance Toolkit\;C:\Program Files\Microsoft SQL Server\110\Tools\Binn\;C:\Program Files (x86)\Microsoft SDKs\TypeScript\1.0\;C:\Program Files\Microsoft SQL Server\120\Tools\Binn\;C:\Program Files\nodejs\;C:\Program Files (x86)\nodejs\;C:\Program Files (x86)\Microsoft VS Code\bin;C:\Users\s735645\AppData\Roaming\npm
837 verbose lifecycle node-expat@2.3.15~install: CWD: C:\Workspace\Personal\RND\NodeAPP\NodeWithPassport\node_modules\node-expat
838 silly lifecycle node-expat@2.3.15~install: Args: [ '/d /s /c', 'node-gyp rebuild' ]
839 silly lifecycle node-expat@2.3.15~install: Returned: code: 1  signal: null
840 info lifecycle node-expat@2.3.15~install: Failed to exec install script
841 verbose unlock done using C:\Users\s735645\AppData\Roaming\npm-cache\_locks\staging-de888230e73b8e13.lock for C:\Workspace\Personal\RND\NodeAPP\NodeWithPassport\node_modules\.staging
842 silly rollbackFailedOptional Starting
843 silly rollbackFailedOptional Finishing
844 silly runTopLevelLifecycles Finishing
845 silly install printInstalled
846 warn optional SKIPPING OPTIONAL DEPENDENCY: fsevents@^1.0.0 (node_modules\chokidar\node_modules\fsevents):
847 warn notsup SKIPPING OPTIONAL DEPENDENCY: Unsupported platform for fsevents@1.1.2: wanted {"os":"darwin","arch":"any"} (current: {"os":"win32","arch":"x64"})
848 verbose notsup SKIPPING OPTIONAL DEPENDENCY: Valid OS:    darwin
848 verbose notsup SKIPPING OPTIONAL DEPENDENCY: Valid Arch:  any
848 verbose notsup SKIPPING OPTIONAL DEPENDENCY: Actual OS:   win32
848 verbose notsup SKIPPING OPTIONAL DEPENDENCY: Actual Arch: x64
849 warn chatapp@1.0.0 No description
850 verbose If you need help, you may report this error at:
850 verbose     <https://github.com/npm/npm/issues>
851 warn chatapp@1.0.0 No repository field.
852 verbose If you need help, you may report this error at:
852 verbose     <https://github.com/npm/npm/issues>
853 verbose stack Error: node-expat@2.3.15 install: `node-gyp rebuild`
853 verbose stack Exit status 1
853 verbose stack     at EventEmitter.<anonymous> (C:\Program Files\nodejs\node_modules\npm\lib\utils\lifecycle.js:255:16)
853 verbose stack     at emitTwo (events.js:106:13)
853 verbose stack     at EventEmitter.emit (events.js:191:7)
853 verbose stack     at ChildProcess.<anonymous> (C:\Program Files\nodejs\node_modules\npm\lib\utils\spawn.js:40:14)
853 verbose stack     at emitTwo (events.js:106:13)
853 verbose stack     at ChildProcess.emit (events.js:191:7)
853 verbose stack     at maybeClose (internal/child_process.js:877:16)
853 verbose stack     at Process.ChildProcess._handle.onexit (internal/child_process.js:226:5)
854 verbose pkgid node-expat@2.3.15
855 verbose cwd C:\Workspace\Personal\RND\NodeAPP\NodeWithPassport
856 error Windows_NT 10.0.10586
857 error argv "C:\\Program Files\\nodejs\\node.exe" "C:\\Program Files\\nodejs\\node_modules\\npm\\bin\\npm-cli.js" "install" "xml2json" "--save"
858 error node v6.9.5
859 error npm  v3.10.10
860 error code ELIFECYCLE
861 error node-expat@2.3.15 install: `node-gyp rebuild`
861 error Exit status 1
862 error Failed at the node-expat@2.3.15 install script 'node-gyp rebuild'.
862 error Make sure you have the latest version of node.js and npm installed.
862 error If you do, this is most likely a problem with the node-expat package,
862 error not with npm itself.
862 error Tell the author that this fails on your system:
862 error     node-gyp rebuild
862 error You can get information on how to open an issue for this project with:
862 error     npm bugs node-expat
862 error Or if that isn't available, you can get their info via:
862 error     npm owner ls node-expat
862 error There is likely additional logging output above.
863 verbose exit [ 1, true ]
